16:43:47.867 [main                     ] DEBUG Logger               - Configured Logger
16:43:47.910 [main                     ] DEBUG GameApplication      - Logging settings
Title: Flappy Bird
Version: 0.0
Width: 512
Height: 512
Fullscreen: false
Intro: false
Profiling: false
Single step:false
App Mode: DEVELOPER
Menu Key: ESCAPE
Stage Style: DECORATED
Scene Factory: class com.almasb.fxgl.app.scene.SceneFactory

16:43:48.427 [JavaFX Application Thread] DEBUG FXGLApplication      - Initializing FXGL
16:43:48.434 [JavaFX Application Thread] INFO  Engine               - FXGL-17.3 (30.03.2023 11.49) on WINDOWS (J:17.0.12 FX:17.0.6)
16:43:48.435 [JavaFX Application Thread] DEBUG Engine               - JRE Vendor Name: Oracle Corporation
16:43:48.436 [JavaFX Application Thread] DEBUG Engine               - Running on OS: Windows 11 version 10.0
16:43:48.436 [JavaFX Application Thread] DEBUG Engine               - Architecture: amd64
16:43:48.436 [JavaFX Application Thread] INFO  Engine               - Source code and latest versions at: https://github.com/AlmasB/FXGL
16:43:48.436 [JavaFX Application Thread] INFO  Engine               -       Ask questions and discuss at: https://github.com/AlmasB/FXGL/discussions
16:43:48.436 [JavaFX Application Thread] INFO  Engine               -              Join the FXGL chat at: https://gitter.im/AlmasB/FXGL
16:43:48.556 [JavaFX Application Thread] DEBUG PrimaryStageWindow   - Creating a JavaFX scene
16:43:48.613 [JavaFX Application Thread] DEBUG PrimaryStageWindow   - Target settings size: 512.0 x 512.0
16:43:48.614 [JavaFX Application Thread] DEBUG PrimaryStageWindow   - Scaled scene size:    512.0 x 512.0
16:43:48.614 [JavaFX Application Thread] DEBUG PrimaryStageWindow   - Scaled ratio: (1.0, 1.0)
16:43:48.616 [JavaFX Application Thread] DEBUG PrimaryStageWindow   - Set initial scene to FXGLStartupScene
16:43:48.627 [JavaFX Application Thread] DEBUG PrimaryStageWindow   - Opening main window
16:43:48.793 [JavaFX Application Thread] DEBUG PrimaryStageWindow   - Window border size: (14.66668701171875, 37.33331298828125)
16:43:48.793 [JavaFX Application Thread] DEBUG PrimaryStageWindow   - Scaled size: 512.0 x 512.0
16:43:48.794 [JavaFX Application Thread] DEBUG PrimaryStageWindow   - Scaled ratio: (1.0, 1.0)
16:43:48.794 [JavaFX Application Thread] DEBUG PrimaryStageWindow   - Scene size: 512.0 x 512.0
16:43:48.794 [JavaFX Application Thread] DEBUG PrimaryStageWindow   - Stage size: 526.6666870117188 x 549.3333129882812
16:43:48.809 [FXGL Background Thread 1 ] DEBUG Engine               - Initializing environment variables
16:43:48.869 [FXGL Background Thread 1 ] DEBUG FXGLAssetLoaderServi - User app class for loading assets: class ignatiusoey09.flappybirdclone.FlappyApplication
16:43:48.870 [FXGL Background Thread 1 ] DEBUG GameApplicationServi - Applying CSS: fxgl_dark.css
16:43:48.871 [FXGL Background Thread 1 ] DEBUG FXGLAssetLoaderServi - Loading from file system: jar:file:/C:/Users/oeyig/.gradle/caches/modules-2/files-2.1/com.github.almasb/fxgl/17.3/614d2b2607c97fe7b539dfa75036066a8010f74b/fxgl-17.3.jar!/fxglassets/ui/css/fxgl_dark.css
16:43:48.939 [FXGL Background Thread 1 ] DEBUG GameApplicationServi - Initializing application scenes
16:43:49.016 [FXGL Background Thread 1 ] DEBUG GameWorld            - Game world initialized
16:43:49.116 [FXGL Background Thread 1 ] DEBUG PhysicsWorld         - Physics world initialized: appHeight=512, physics.ppm=50.0
16:43:49.117 [FXGL Background Thread 1 ] DEBUG PhysicsWorld         - Using strategy: BRUTE_FORCE
16:43:49.123 [FXGL Background Thread 1 ] DEBUG GameScene            - Game scene initialized: 512x512
16:43:49.141 [FXGL Background Thread 1 ] WARN  FXGL.DefaultMenu     - FXGLDefaultMenu is not designed for resolutions < 800x600
16:43:49.142 [FXGL Background Thread 1 ] DEBUG FXGL.DefaultMenu     - createMenuBodyGameMenu()
16:43:49.160 [FXGL Background Thread 1 ] DEBUG FXGL.DefaultMenu     - createOptionsMenu()
16:43:49.176 [FXGL Background Thread 1 ] DEBUG FXGLAssetLoaderServi - Loading from file system: jar:file:/C:/Users/oeyig/.gradle/caches/modules-2/files-2.1/com.github.almasb/fxgl/17.3/614d2b2607c97fe7b539dfa75036066a8010f74b/fxgl-17.3.jar!/fxglassets/textures/particles/smoke.png
16:43:49.306 [FXGL Background Thread 1 ] DEBUG FXGLAssetLoaderServi - Loading from file system: jar:file:/C:/Users/oeyig/.gradle/caches/modules-2/files-2.1/com.github.almasb/fxgl/17.3/614d2b2607c97fe7b539dfa75036066a8010f74b/fxgl-17.3.jar!/fxglassets/textures/particles/trace_horizontal.png
16:43:49.345 [FXGL Background Thread 1 ] DEBUG GameApplicationServi - Application scenes initialized
16:43:49.364 [FXGL Background Thread 1 ] DEBUG SystemBundleService  - Loading FXGL system data
16:43:49.372 [FXGL Background Thread 1 ] DEBUG FileSystemAccess     - Reading from: C:\Users\oeyig\IdeaProjects\FlappyBirdClone\system\fxgl.bundle
16:43:49.387 [FXGL Background Thread 1 ] DEBUG SystemBundleService  - Bundle FXGL: {}
16:43:49.387 [FXGL Background Thread 1 ] DEBUG UpdaterService       - Checking for updates
16:43:49.392 [FXGL Background Thread 4 ] DEBUG FXGLApplication      - Loading fonts
16:43:49.393 [FXGL Background Thread 1 ] DEBUG FXGLApplication      - Loading default localization
16:43:49.393 [FXGL Background Thread 4 ] DEBUG FXGLAssetLoaderServi - Loading from file system: jar:file:/C:/Users/oeyig/.gradle/caches/modules-2/files-2.1/com.github.almasb/fxgl/17.3/614d2b2607c97fe7b539dfa75036066a8010f74b/fxgl-17.3.jar!/fxglassets/ui/fonts/VarelaRound-Regular.ttf
16:43:49.395 [FXGL Background Thread 1 ] DEBUG FXGLAssetLoaderServi - Loading from file system: jar:file:/C:/Users/oeyig/.gradle/caches/modules-2/files-2.1/com.github.almasb/fxgl/17.3/614d2b2607c97fe7b539dfa75036066a8010f74b/fxgl-17.3.jar!/fxglassets/languages/english.lang
16:43:49.426 [FXGL Background Thread 1 ] INFO  FXGLApplication      - FXGL initialization took: 0.616 sec
16:43:49.441 [JavaFX Application Thread] DEBUG Input                - Registered new binding: jump - Space
16:43:49.441 [JavaFX Application Thread] DEBUG Input                - Registered new binding: restart - N
16:43:49.442 [JavaFX Application Thread] DEBUG FXGLAssetLoaderServi - Loading from file system: jar:file:/C:/Users/oeyig/.gradle/caches/modules-2/files-2.1/com.github.almasb/fxgl/17.3/614d2b2607c97fe7b539dfa75036066a8010f74b/fxgl-17.3.jar!/fxglassets/textures/fxgl_icon.png
16:43:49.476 [FXGL Background Thread 4 ] DEBUG FXGLAssetLoaderServi - Loading from file system: jar:file:/C:/Users/oeyig/.gradle/caches/modules-2/files-2.1/com.github.almasb/fxgl/17.3/614d2b2607c97fe7b539dfa75036066a8010f74b/fxgl-17.3.jar!/fxglassets/ui/fonts/Abel-Regular.ttf
16:43:49.477 [JavaFX Application Thread] DEBUG FXGLAssetLoaderServi - Loading from file system: jar:file:/C:/Users/oeyig/.gradle/caches/modules-2/files-2.1/com.github.almasb/fxgl/17.3/614d2b2607c97fe7b539dfa75036066a8010f74b/fxgl-17.3.jar!/fxglassets/textures/fxgl_default_cursor.png
16:43:49.482 [FXGL Background Thread 4 ] DEBUG FXGLAssetLoaderServi - Loading from file system: jar:file:/C:/Users/oeyig/.gradle/caches/modules-2/files-2.1/com.github.almasb/fxgl/17.3/614d2b2607c97fe7b539dfa75036066a8010f74b/fxgl-17.3.jar!/fxglassets/ui/fonts/TerminalLandMono-Regular.otf
16:43:49.484 [JavaFX Application Thread] DEBUG Input                - Registered new binding: Screenshot - CTRL+8
16:43:49.484 [JavaFX Application Thread] DEBUG Input                - Registered new binding: System info dump - CTRL+9
16:43:49.485 [JavaFX Application Thread] DEBUG Input                - Registered new binding: Restart - CTRL+R
16:43:49.486 [FXGL Background Thread 4 ] DEBUG FXGLAssetLoaderServi - Loading from file system: jar:file:/C:/Users/oeyig/.gradle/caches/modules-2/files-2.1/com.github.almasb/fxgl/17.3/614d2b2607c97fe7b539dfa75036066a8010f74b/fxgl-17.3.jar!/fxglassets/ui/fonts/Courier-Prime.ttf
16:43:49.487 [JavaFX Application Thread] DEBUG Input                - Registered new binding: Toggle Debug Camera - CTRL+7
16:43:49.492 [JavaFX Application Thread] DEBUG LoopRunner           - Starting loop
16:43:49.492 [JavaFX Application Thread] DEBUG LoopRunner           - Initializing JavaFX AnimationTimerLoop
16:43:49.496 [JavaFX Application Thread] DEBUG GameApplicationServi - Starting new game
16:43:49.497 [JavaFX Application Thread] DEBUG Input                - Clearing active input actions
16:43:49.514 [JavaFX Application Thread] DEBUG GameApplicationServi - Removing overlay from FXGLStartupScene and adding to FXGLLoadingScene
16:43:49.515 [JavaFX Application Thread] DEBUG PrimaryStageWindow   - FXGLStartupScene -> FXGLLoadingScene
16:43:49.515 [JavaFX Application Thread] DEBUG GameApplicationServi - Clearing previous game
16:43:49.516 [JavaFX Application Thread] DEBUG GameScene            - Clearing game scene
16:43:49.516 [JavaFX Application Thread] DEBUG GameWorld            - Clearing game world
16:43:49.516 [JavaFX Application Thread] DEBUG PhysicsWorld         - Clearing physics world
16:43:49.520 [JavaFX Application Thread] DEBUG FXGLApplication      - Registering font factories with UI factory
16:43:49.520 [FXGL Background Thread 4 ] DEBUG FXGLApplication      - Initializing game
16:43:49.523 [FXGL Background Thread 4 ] DEBUG FXGLAssetLoaderServi - Loading from file system: file:/C:/Users/oeyig/IdeaProjects/FlappyBirdClone/build/resources/main/assets/textures/background.png
16:43:49.579 [FXGL Background Thread 4 ] DEBUG FXGLAssetLoaderServi - Loading from file system: file:/C:/Users/oeyig/IdeaProjects/FlappyBirdClone/build/resources/main/assets/textures/bird.png
16:43:49.604 [FXGL Background Thread 4 ] DEBUG FXGLAssetLoaderServi - Loading from file system: file:/C:/Users/oeyig/IdeaProjects/FlappyBirdClone/build/resources/main/assets/textures/numbers/0.png
16:43:49.607 [FXGL Background Thread 4 ] DEBUG FXGLAssetLoaderServi - Loading from file system: file:/C:/Users/oeyig/IdeaProjects/FlappyBirdClone/build/resources/main/assets/textures/numbers/1.png
16:43:49.610 [FXGL Background Thread 4 ] DEBUG FXGLAssetLoaderServi - Loading from file system: file:/C:/Users/oeyig/IdeaProjects/FlappyBirdClone/build/resources/main/assets/textures/numbers/2.png
16:43:49.612 [FXGL Background Thread 4 ] DEBUG FXGLAssetLoaderServi - Loading from file system: file:/C:/Users/oeyig/IdeaProjects/FlappyBirdClone/build/resources/main/assets/textures/numbers/3.png
16:43:49.615 [FXGL Background Thread 4 ] DEBUG FXGLAssetLoaderServi - Loading from file system: file:/C:/Users/oeyig/IdeaProjects/FlappyBirdClone/build/resources/main/assets/textures/numbers/4.png
16:43:49.617 [FXGL Background Thread 4 ] DEBUG FXGLAssetLoaderServi - Loading from file system: file:/C:/Users/oeyig/IdeaProjects/FlappyBirdClone/build/resources/main/assets/textures/numbers/5.png
16:43:49.620 [FXGL Background Thread 4 ] DEBUG FXGLAssetLoaderServi - Loading from file system: file:/C:/Users/oeyig/IdeaProjects/FlappyBirdClone/build/resources/main/assets/textures/numbers/6.png
16:43:49.622 [FXGL Background Thread 4 ] DEBUG FXGLAssetLoaderServi - Loading from file system: file:/C:/Users/oeyig/IdeaProjects/FlappyBirdClone/build/resources/main/assets/textures/numbers/7.png
16:43:49.624 [FXGL Background Thread 4 ] DEBUG FXGLAssetLoaderServi - Loading from file system: file:/C:/Users/oeyig/IdeaProjects/FlappyBirdClone/build/resources/main/assets/textures/numbers/8.png
16:43:49.626 [FXGL Background Thread 4 ] DEBUG FXGLAssetLoaderServi - Loading from file system: file:/C:/Users/oeyig/IdeaProjects/FlappyBirdClone/build/resources/main/assets/textures/numbers/9.png
16:43:49.636 [FXGL Background Thread 4 ] INFO  FXGLApplication      - Game initialization took: 0.116 sec
16:43:49.700 [JavaFX Application Thread] DEBUG Input                - Clearing active input actions
16:43:49.709 [JavaFX Application Thread] DEBUG GameApplicationServi - Removing overlay from FXGLLoadingScene and adding to GameScene
16:43:49.709 [JavaFX Application Thread] DEBUG PrimaryStageWindow   - FXGLLoadingScene -> GameScene
16:43:50.420 [FXGL Background Thread 2 ] INFO  UpdaterService       - Your current version:  17.3
16:43:50.420 [FXGL Background Thread 2 ] INFO  UpdaterService       - Latest stable version: 21.1
16:43:51.245 [JavaFX Application Thread] DEBUG FXGLAssetLoaderServi - Loading from file system: file:/C:/Users/oeyig/IdeaProjects/FlappyBirdClone/build/resources/main/assets/textures/pipe.png
16:43:52.392 [FXGL Background Thread 3 ] DEBUG Engine               - Logging environment variables
16:43:52.394 [FXGL Background Thread 3 ] DEBUG Engine               - achievements: []
16:43:52.394 [FXGL Background Thread 3 ] DEBUG Engine               - actualHeight: 512.0
16:43:52.394 [FXGL Background Thread 3 ] DEBUG Engine               - actualHeightProperty: ReadOnlyDoubleProperty [value: 512.0]
16:43:52.394 [FXGL Background Thread 3 ] DEBUG Engine               - actualWidth: 512.0
16:43:52.394 [FXGL Background Thread 3 ] DEBUG Engine               - actualWidthProperty: ReadOnlyDoubleProperty [value: 512.0]
16:43:52.394 [FXGL Background Thread 3 ] DEBUG Engine               - appIcon: fxgl_icon.png
16:43:52.395 [FXGL Background Thread 3 ] DEBUG Engine               - applicationMode: DEVELOPER
16:43:52.395 [FXGL Background Thread 3 ] DEBUG Engine               - cSSList: [fxgl_dark.css]
16:43:52.395 [FXGL Background Thread 3 ] DEBUG Engine               - collisionDetectionStrategy: BRUTE_FORCE
16:43:52.396 [FXGL Background Thread 3 ] DEBUG Engine               - configClass: Optional.empty
16:43:52.396 [FXGL Background Thread 3 ] DEBUG Engine               - credits: []
16:43:52.397 [FXGL Background Thread 3 ] DEBUG Engine               - defaultCursor: CursorInfo(imageName=fxgl_default_cursor.png, hotspotX=7.0, hotspotY=6.0)
16:43:52.397 [FXGL Background Thread 3 ] DEBUG Engine               - devBBoxColorProperty: ObjectProperty [value: 0xff0000ff]
16:43:52.398 [FXGL Background Thread 3 ] DEBUG Engine               - devEnableDebugCameraProperty: BooleanProperty [value: false]
16:43:52.398 [FXGL Background Thread 3 ] DEBUG Engine               - devSensorColorProperty: ObjectProperty [value: 0xffff00ff]
16:43:52.398 [FXGL Background Thread 3 ] DEBUG Engine               - devShowBBoxProperty: BooleanProperty [value: false]
16:43:52.398 [FXGL Background Thread 3 ] DEBUG Engine               - devShowPositionProperty: BooleanProperty [value: false]
16:43:52.398 [FXGL Background Thread 3 ] DEBUG Engine               - enabledMenuItems: []
16:43:52.398 [FXGL Background Thread 3 ] DEBUG Engine               - engineServices: [class com.almasb.fxgl.app.services.FXGLAssetLoaderService, class com.almasb.fxgl.app.FXGLApplication$GameApplicationService, class com.almasb.fxgl.app.services.FXGLDialogService, class com.almasb.fxgl.app.services.IOTaskExecutorService, class com.almasb.fxgl.io.FileSystemService, class com.almasb.fxgl.localization.LocalizationService, class com.almasb.fxgl.app.services.SystemBundleService, class com.almasb.fxgl.profile.SaveLoadService, class com.almasb.fxgl.ui.FXGLUIFactoryServiceProvider, class com.almasb.fxgl.ui.FXGLDialogFactoryServiceProvider, class com.almasb.fxgl.audio.AudioPlayer, class com.almasb.fxgl.notification.impl.NotificationServiceProvider, class com.almasb.fxgl.achievement.AchievementService, class com.almasb.fxgl.cutscene.CutsceneService, class com.almasb.fxgl.minigames.MiniGameService, class com.almasb.fxgl.net.NetService, class com.almasb.fxgl.app.services.UpdaterService, class com.almasb.fxgl.dev.DevService]
16:43:52.398 [FXGL Background Thread 3 ] DEBUG Engine               - fontGame: Abel-Regular.ttf
16:43:52.399 [FXGL Background Thread 3 ] DEBUG Engine               - fontMono: TerminalLandMono-Regular.otf
16:43:52.399 [FXGL Background Thread 3 ] DEBUG Engine               - fontSizeScaleUI: 1.0
16:43:52.399 [FXGL Background Thread 3 ] DEBUG Engine               - fontText: Courier-Prime.ttf
16:43:52.399 [FXGL Background Thread 3 ] DEBUG Engine               - fontUI: VarelaRound-Regular.ttf
16:43:52.399 [FXGL Background Thread 3 ] DEBUG Engine               - fullScreen: BooleanProperty [value: false]
16:43:52.399 [FXGL Background Thread 3 ] DEBUG Engine               - gameDifficulty: MEDIUM
16:43:52.399 [FXGL Background Thread 3 ] DEBUG Engine               - gameDifficultyProperty: ObjectProperty [value: MEDIUM]
16:43:52.399 [FXGL Background Thread 3 ] DEBUG Engine               - globalMusicVolume: 0.5
16:43:52.399 [FXGL Background Thread 3 ] DEBUG Engine               - globalMusicVolumeProperty: DoubleProperty [value: 0.5]
16:43:52.400 [FXGL Background Thread 3 ] DEBUG Engine               - globalSoundVolume: 0.5
16:43:52.400 [FXGL Background Thread 3 ] DEBUG Engine               - globalSoundVolumeProperty: DoubleProperty [value: 0.5]
16:43:52.400 [FXGL Background Thread 3 ] DEBUG Engine               - height: 512
16:43:52.400 [FXGL Background Thread 3 ] DEBUG Engine               - is3D: false
16:43:52.400 [FXGL Background Thread 3 ] DEBUG Engine               - isAndroid: false
16:43:52.400 [FXGL Background Thread 3 ] DEBUG Engine               - isBrowser: false
16:43:52.400 [FXGL Background Thread 3 ] DEBUG Engine               - isClickFeedbackEnabled: false
16:43:52.400 [FXGL Background Thread 3 ] DEBUG Engine               - isCloseConfirmation: false
16:43:52.400 [FXGL Background Thread 3 ] DEBUG Engine               - isDesktop: true
16:43:52.400 [FXGL Background Thread 3 ] DEBUG Engine               - isDeveloperMenuEnabled: false
16:43:52.400 [FXGL Background Thread 3 ] DEBUG Engine               - isEmbedded: false
16:43:52.401 [FXGL Background Thread 3 ] DEBUG Engine               - isEntityPreloadEnabled: true
16:43:52.401 [FXGL Background Thread 3 ] DEBUG Engine               - isExperimentalTiledLargeMap: false
16:43:52.401 [FXGL Background Thread 3 ] DEBUG Engine               - isFileSystemWriteAllowed: true
16:43:52.401 [FXGL Background Thread 3 ] DEBUG Engine               - isFullScreenAllowed: false
16:43:52.401 [FXGL Background Thread 3 ] DEBUG Engine               - isFullScreenFromStart: false
16:43:52.401 [FXGL Background Thread 3 ] DEBUG Engine               - isGameMenuEnabled: true
16:43:52.401 [FXGL Background Thread 3 ] DEBUG Engine               - isIOS: false
16:43:52.401 [FXGL Background Thread 3 ] DEBUG Engine               - isIntroEnabled: false
16:43:52.401 [FXGL Background Thread 3 ] DEBUG Engine               - isLinux: false
16:43:52.401 [FXGL Background Thread 3 ] DEBUG Engine               - isMac: false
16:43:52.401 [FXGL Background Thread 3 ] DEBUG Engine               - isMainMenuEnabled: false
16:43:52.401 [FXGL Background Thread 3 ] DEBUG Engine               - isManualResizeEnabled: false
16:43:52.401 [FXGL Background Thread 3 ] DEBUG Engine               - isMobile: false
16:43:52.401 [FXGL Background Thread 3 ] DEBUG Engine               - isNative: false
16:43:52.402 [FXGL Background Thread 3 ] DEBUG Engine               - isPauseMusicWhenMinimized: true
16:43:52.402 [FXGL Background Thread 3 ] DEBUG Engine               - isPreserveResizeRatio: false
16:43:52.402 [FXGL Background Thread 3 ] DEBUG Engine               - isProfilingEnabled: false
16:43:52.402 [FXGL Background Thread 3 ] DEBUG Engine               - isScaleAffectedOnResize: true
16:43:52.402 [FXGL Background Thread 3 ] DEBUG Engine               - isSingleStep: false
16:43:52.402 [FXGL Background Thread 3 ] DEBUG Engine               - isUserProfileEnabled: false
16:43:52.402 [FXGL Background Thread 3 ] DEBUG Engine               - isWindows: true
16:43:52.402 [FXGL Background Thread 3 ] DEBUG Engine               - language: ObjectProperty [value: ENGLISH]
16:43:52.402 [FXGL Background Thread 3 ] DEBUG Engine               - menuKey: ESCAPE
16:43:52.402 [FXGL Background Thread 3 ] DEBUG Engine               - mouseSensitivity: 0.2
16:43:52.402 [FXGL Background Thread 3 ] DEBUG Engine               - notificationViewClass: class com.almasb.fxgl.notification.view.XboxNotificationView
16:43:52.402 [FXGL Background Thread 3 ] DEBUG Engine               - pixelsPerMeter: 50.0
16:43:52.402 [FXGL Background Thread 3 ] DEBUG Engine               - platform: WINDOWS
16:43:52.403 [FXGL Background Thread 3 ] DEBUG Engine               - prefHeightProperty: ReadOnlyDoubleProperty [value: 512.0]
16:43:52.403 [FXGL Background Thread 3 ] DEBUG Engine               - prefWidthProperty: ReadOnlyDoubleProperty [value: 512.0]
16:43:52.403 [FXGL Background Thread 3 ] DEBUG Engine               - profileDir: profiles/
16:43:52.403 [FXGL Background Thread 3 ] DEBUG Engine               - profileName: StringProperty [value: DEFAULT]
16:43:52.403 [FXGL Background Thread 3 ] DEBUG Engine               - randomSeed: -1
16:43:52.403 [FXGL Background Thread 3 ] DEBUG Engine               - runtimeInfo: RuntimeInfo(platform=WINDOWS, version=17.3, build=30.03.2023 11.49)
16:43:52.403 [FXGL Background Thread 3 ] DEBUG Engine               - saveFileExt: sav
16:43:52.403 [FXGL Background Thread 3 ] DEBUG Engine               - scaledHeightProp$fxgl: DoubleProperty [bound, value: 512.0]
16:43:52.403 [FXGL Background Thread 3 ] DEBUG Engine               - scaledWidthProp$fxgl: DoubleProperty [bound, value: 512.0]
16:43:52.403 [FXGL Background Thread 3 ] DEBUG Engine               - sceneFactory: com.almasb.fxgl.app.scene.SceneFactory@62db2bae
16:43:52.403 [FXGL Background Thread 3 ] DEBUG Engine               - secondsIn24h: 60
16:43:52.403 [FXGL Background Thread 3 ] DEBUG Engine               - soundMenuBack: menu/back.wav
16:43:52.403 [FXGL Background Thread 3 ] DEBUG Engine               - soundMenuPress: menu/press.wav
16:43:52.404 [FXGL Background Thread 3 ] DEBUG Engine               - soundMenuSelect: menu/select.wav
16:43:52.404 [FXGL Background Thread 3 ] DEBUG Engine               - soundNotification: core/notification.wav
16:43:52.404 [FXGL Background Thread 3 ] DEBUG Engine               - stageStyle: DECORATED
16:43:52.404 [FXGL Background Thread 3 ] DEBUG Engine               - supportedLanguages: [ENGLISH, FRENCH, GERMAN, HUNGARIAN, RUSSIAN]
16:43:52.404 [FXGL Background Thread 3 ] DEBUG Engine               - ticksPerSecond: -1
16:43:52.404 [FXGL Background Thread 3 ] DEBUG Engine               - title: Flappy Bird
16:43:52.404 [FXGL Background Thread 3 ] DEBUG Engine               - urlGithub: https://github.com/AlmasB/FXGL
16:43:52.404 [FXGL Background Thread 3 ] DEBUG Engine               - urlLeaderboard: http://fxgl-top.herokuapp.com/
16:43:52.404 [FXGL Background Thread 3 ] DEBUG Engine               - urlPOM: https://raw.githubusercontent.com/AlmasB/FXGL/release/README.md
16:43:52.404 [FXGL Background Thread 3 ] DEBUG Engine               - userAppClass: class ignatiusoey09.flappybirdclone.FlappyApplication
16:43:52.404 [FXGL Background Thread 3 ] DEBUG Engine               - version: 0.0
16:43:52.404 [FXGL Background Thread 3 ] DEBUG Engine               - versionCheckDays: 7
16:43:52.404 [FXGL Background Thread 3 ] DEBUG Engine               - width: 512
16:43:52.404 [FXGL Background Thread 3 ] DEBUG Engine               - Logging services
16:43:52.404 [FXGL Background Thread 3 ] DEBUG Engine               - class com.almasb.fxgl.app.services.FXGLAssetLoaderService
16:43:52.405 [FXGL Background Thread 3 ] DEBUG Engine               - class com.almasb.fxgl.app.FXGLApplication$GameApplicationService
16:43:52.405 [FXGL Background Thread 3 ] DEBUG Engine               - class com.almasb.fxgl.app.services.FXGLDialogService
16:43:52.405 [FXGL Background Thread 3 ] DEBUG Engine               - class com.almasb.fxgl.app.services.IOTaskExecutorService
16:43:52.405 [FXGL Background Thread 3 ] DEBUG Engine               - class com.almasb.fxgl.io.FileSystemService
16:43:52.405 [FXGL Background Thread 3 ] DEBUG Engine               - class com.almasb.fxgl.localization.LocalizationService
16:43:52.405 [FXGL Background Thread 3 ] DEBUG Engine               - class com.almasb.fxgl.app.services.SystemBundleService
16:43:52.405 [FXGL Background Thread 3 ] DEBUG Engine               - class com.almasb.fxgl.profile.SaveLoadService
16:43:52.405 [FXGL Background Thread 3 ] DEBUG Engine               - class com.almasb.fxgl.ui.FXGLUIFactoryServiceProvider
16:43:52.405 [FXGL Background Thread 3 ] DEBUG Engine               - class com.almasb.fxgl.ui.FXGLDialogFactoryServiceProvider
16:43:52.405 [FXGL Background Thread 3 ] DEBUG Engine               - class com.almasb.fxgl.audio.AudioPlayer
16:43:52.405 [FXGL Background Thread 3 ] DEBUG Engine               - class com.almasb.fxgl.notification.impl.NotificationServiceProvider
16:43:52.405 [FXGL Background Thread 3 ] DEBUG Engine               - class com.almasb.fxgl.achievement.AchievementService
16:43:52.405 [FXGL Background Thread 3 ] DEBUG Engine               - class com.almasb.fxgl.cutscene.CutsceneService
16:43:52.405 [FXGL Background Thread 3 ] DEBUG Engine               - class com.almasb.fxgl.minigames.MiniGameService
16:43:52.405 [FXGL Background Thread 3 ] DEBUG Engine               - class com.almasb.fxgl.net.NetService
16:43:52.405 [FXGL Background Thread 3 ] DEBUG Engine               - class com.almasb.fxgl.app.services.UpdaterService
16:43:52.405 [FXGL Background Thread 3 ] DEBUG Engine               - class com.almasb.fxgl.dev.DevService
16:43:55.781 [JavaFX Application Thread] DEBUG FXGLAssetLoaderServi - Loading from file system: file:/C:/Users/oeyig/IdeaProjects/FlappyBirdClone/build/resources/main/assets/ui/gameoverScreen.fxml
16:43:55.907 [JavaFX Application Thread] DEBUG FXGLAssetLoaderServi - Loading from file system: file:/C:/Users/oeyig/IdeaProjects/FlappyBirdClone/build/resources/main/assets/ui/fonts/PixelFont.ttf
16:43:57.716 [JavaFX Application Thread] DEBUG FXGLApplication      - Exiting FXGL
16:43:57.718 [JavaFX Application Thread] DEBUG LoopRunner           - Stopping loop
16:43:57.718 [JavaFX Application Thread] DEBUG SystemBundleService  - Saving FXGL system data
16:43:57.750 [JavaFX Application Thread] DEBUG FileSystemAccess     - Writing to: C:\Users\oeyig\IdeaProjects\FlappyBirdClone\system\fxgl.bundle
16:43:57.753 [JavaFX Application Thread] DEBUG Async                - Shutting down background threads
16:43:57.753 [JavaFX Application Thread] DEBUG PrimaryStageWindow   - Closing main window
16:43:57.789 [JavaFX Application Thread] DEBUG Logger               - Closing Logger
