21:15:33.084 [main                     ] DEBUG Logger               - Configured Logger
21:15:33.111 [main                     ] DEBUG GameApplication      - Logging settings
Title: Flappy Bird
Version: 0.0
Width: 700
Height: 600
Fullscreen: false
Intro: false
Profiling: false
Single step:false
App Mode: DEVELOPER
Menu Key: ESCAPE
Stage Style: DECORATED
Scene Factory: class com.almasb.fxgl.app.scene.SceneFactory

21:15:33.349 [JavaFX Application Thread] DEBUG FXGLApplication      - Initializing FXGL
21:15:33.353 [JavaFX Application Thread] INFO  Engine               - FXGL-17.3 (30.03.2023 11.49) on WINDOWS (J:17.0.12 FX:17.0.6)
21:15:33.354 [JavaFX Application Thread] DEBUG Engine               - JRE Vendor Name: Oracle Corporation
21:15:33.354 [JavaFX Application Thread] DEBUG Engine               - Running on OS: Windows 11 version 10.0
21:15:33.354 [JavaFX Application Thread] DEBUG Engine               - Architecture: amd64
21:15:33.354 [JavaFX Application Thread] INFO  Engine               - Source code and latest versions at: https://github.com/AlmasB/FXGL
21:15:33.354 [JavaFX Application Thread] INFO  Engine               -       Ask questions and discuss at: https://github.com/AlmasB/FXGL/discussions
21:15:33.354 [JavaFX Application Thread] INFO  Engine               -              Join the FXGL chat at: https://gitter.im/AlmasB/FXGL
21:15:33.413 [JavaFX Application Thread] DEBUG PrimaryStageWindow   - Creating a JavaFX scene
21:15:33.445 [JavaFX Application Thread] DEBUG PrimaryStageWindow   - Target settings size: 700.0 x 600.0
21:15:33.445 [JavaFX Application Thread] DEBUG PrimaryStageWindow   - Scaled scene size:    700.0 x 600.0
21:15:33.445 [JavaFX Application Thread] DEBUG PrimaryStageWindow   - Scaled ratio: (1.0, 1.0)
21:15:33.446 [JavaFX Application Thread] DEBUG PrimaryStageWindow   - Set initial scene to FXGLStartupScene
21:15:33.452 [JavaFX Application Thread] DEBUG PrimaryStageWindow   - Opening main window
21:15:33.532 [JavaFX Application Thread] DEBUG PrimaryStageWindow   - Window border size: (14.66668701171875, 37.33331298828125)
21:15:33.533 [JavaFX Application Thread] DEBUG PrimaryStageWindow   - Scaled size: 700.0 x 600.0
21:15:33.533 [JavaFX Application Thread] DEBUG PrimaryStageWindow   - Scaled ratio: (1.0, 1.0)
21:15:33.533 [JavaFX Application Thread] DEBUG PrimaryStageWindow   - Scene size: 700.0 x 600.0
21:15:33.533 [JavaFX Application Thread] DEBUG PrimaryStageWindow   - Stage size: 714.6666870117188 x 637.3333129882812
21:15:33.540 [FXGL Background Thread 1 ] DEBUG Engine               - Initializing environment variables
21:15:33.569 [FXGL Background Thread 1 ] DEBUG FXGLAssetLoaderServi - User app class for loading assets: class ignatiusoey09.flappybirdclone.FlappyApplication
21:15:33.570 [FXGL Background Thread 1 ] DEBUG GameApplicationServi - Applying CSS: fxgl_dark.css
21:15:33.570 [FXGL Background Thread 1 ] DEBUG FXGLAssetLoaderServi - Loading from file system: jar:file:///C:/Users/oeyig/.gradle/caches/modules-2/files-2.1/com.github.almasb/fxgl/17.3/614d2b2607c97fe7b539dfa75036066a8010f74b/fxgl-17.3.jar!/fxglassets/ui/css/fxgl_dark.css
21:15:33.608 [FXGL Background Thread 1 ] DEBUG GameApplicationServi - Initializing application scenes
21:15:33.656 [FXGL Background Thread 1 ] DEBUG GameWorld            - Game world initialized
21:15:33.697 [FXGL Background Thread 1 ] DEBUG PhysicsWorld         - Physics world initialized: appHeight=600, physics.ppm=50.0
21:15:33.698 [FXGL Background Thread 1 ] DEBUG PhysicsWorld         - Using strategy: BRUTE_FORCE
21:15:33.702 [FXGL Background Thread 1 ] DEBUG GameScene            - Game scene initialized: 700x600
21:15:33.711 [FXGL Background Thread 1 ] WARN  FXGL.DefaultMenu     - FXGLDefaultMenu is not designed for resolutions < 800x600
21:15:33.711 [FXGL Background Thread 1 ] DEBUG FXGL.DefaultMenu     - createMenuBodyGameMenu()
21:15:33.723 [FXGL Background Thread 1 ] DEBUG FXGL.DefaultMenu     - createOptionsMenu()
21:15:33.731 [FXGL Background Thread 1 ] DEBUG FXGLAssetLoaderServi - Loading from file system: jar:file:///C:/Users/oeyig/.gradle/caches/modules-2/files-2.1/com.github.almasb/fxgl/17.3/614d2b2607c97fe7b539dfa75036066a8010f74b/fxgl-17.3.jar!/fxglassets/textures/particles/smoke.png
21:15:33.831 [FXGL Background Thread 1 ] DEBUG FXGLAssetLoaderServi - Loading from file system: jar:file:///C:/Users/oeyig/.gradle/caches/modules-2/files-2.1/com.github.almasb/fxgl/17.3/614d2b2607c97fe7b539dfa75036066a8010f74b/fxgl-17.3.jar!/fxglassets/textures/particles/trace_horizontal.png
21:15:33.863 [FXGL Background Thread 1 ] DEBUG GameApplicationServi - Application scenes initialized
21:15:33.876 [FXGL Background Thread 1 ] DEBUG SystemBundleService  - Loading FXGL system data
21:15:33.880 [FXGL Background Thread 1 ] DEBUG FileSystemAccess     - Reading from: C:\Users\oeyig\IdeaProjects\FlappyBirdClone\system\fxgl.bundle
21:15:33.888 [FXGL Background Thread 1 ] DEBUG SystemBundleService  - Bundle FXGL: {}
21:15:33.888 [FXGL Background Thread 1 ] DEBUG UpdaterService       - Checking for updates
21:15:33.891 [FXGL Background Thread 4 ] DEBUG FXGLApplication      - Loading fonts
21:15:33.891 [FXGL Background Thread 1 ] DEBUG FXGLApplication      - Loading default localization
21:15:33.891 [FXGL Background Thread 4 ] DEBUG FXGLAssetLoaderServi - Loading from file system: jar:file:///C:/Users/oeyig/.gradle/caches/modules-2/files-2.1/com.github.almasb/fxgl/17.3/614d2b2607c97fe7b539dfa75036066a8010f74b/fxgl-17.3.jar!/fxglassets/ui/fonts/VarelaRound-Regular.ttf
21:15:33.892 [FXGL Background Thread 1 ] DEBUG FXGLAssetLoaderServi - Loading from file system: jar:file:///C:/Users/oeyig/.gradle/caches/modules-2/files-2.1/com.github.almasb/fxgl/17.3/614d2b2607c97fe7b539dfa75036066a8010f74b/fxgl-17.3.jar!/fxglassets/languages/english.lang
21:15:33.907 [FXGL Background Thread 1 ] INFO  FXGLApplication      - FXGL initialization took: 0.367 sec
21:15:33.921 [JavaFX Application Thread] DEBUG Input                - Registered new binding: jump - Space
21:15:33.921 [JavaFX Application Thread] DEBUG Input                - Registered new binding: restart - N
21:15:33.923 [JavaFX Application Thread] DEBUG FXGLAssetLoaderServi - Loading from file system: jar:file:///C:/Users/oeyig/.gradle/caches/modules-2/files-2.1/com.github.almasb/fxgl/17.3/614d2b2607c97fe7b539dfa75036066a8010f74b/fxgl-17.3.jar!/fxglassets/textures/fxgl_icon.png
21:15:33.946 [FXGL Background Thread 4 ] DEBUG FXGLAssetLoaderServi - Loading from file system: jar:file:///C:/Users/oeyig/.gradle/caches/modules-2/files-2.1/com.github.almasb/fxgl/17.3/614d2b2607c97fe7b539dfa75036066a8010f74b/fxgl-17.3.jar!/fxglassets/ui/fonts/Abel-Regular.ttf
21:15:33.946 [JavaFX Application Thread] DEBUG FXGLAssetLoaderServi - Loading from file system: jar:file:///C:/Users/oeyig/.gradle/caches/modules-2/files-2.1/com.github.almasb/fxgl/17.3/614d2b2607c97fe7b539dfa75036066a8010f74b/fxgl-17.3.jar!/fxglassets/textures/fxgl_default_cursor.png
21:15:33.950 [FXGL Background Thread 4 ] DEBUG FXGLAssetLoaderServi - Loading from file system: jar:file:///C:/Users/oeyig/.gradle/caches/modules-2/files-2.1/com.github.almasb/fxgl/17.3/614d2b2607c97fe7b539dfa75036066a8010f74b/fxgl-17.3.jar!/fxglassets/ui/fonts/TerminalLandMono-Regular.otf
21:15:33.952 [JavaFX Application Thread] DEBUG Input                - Registered new binding: Screenshot - CTRL+8
21:15:33.953 [JavaFX Application Thread] DEBUG Input                - Registered new binding: System info dump - CTRL+9
21:15:33.954 [FXGL Background Thread 4 ] DEBUG FXGLAssetLoaderServi - Loading from file system: jar:file:///C:/Users/oeyig/.gradle/caches/modules-2/files-2.1/com.github.almasb/fxgl/17.3/614d2b2607c97fe7b539dfa75036066a8010f74b/fxgl-17.3.jar!/fxglassets/ui/fonts/Courier-Prime.ttf
21:15:33.954 [JavaFX Application Thread] DEBUG Input                - Registered new binding: Restart - CTRL+R
21:15:33.955 [JavaFX Application Thread] DEBUG Input                - Registered new binding: Toggle Debug Camera - CTRL+7
21:15:33.960 [JavaFX Application Thread] DEBUG LoopRunner           - Starting loop
21:15:33.961 [JavaFX Application Thread] DEBUG LoopRunner           - Initializing JavaFX AnimationTimerLoop
21:15:33.962 [JavaFX Application Thread] DEBUG GameApplicationServi - Starting new game
21:15:33.963 [JavaFX Application Thread] DEBUG Input                - Clearing active input actions
21:15:33.978 [JavaFX Application Thread] DEBUG GameApplicationServi - Removing overlay from FXGLStartupScene and adding to FXGLLoadingScene
21:15:33.978 [JavaFX Application Thread] DEBUG PrimaryStageWindow   - FXGLStartupScene -> FXGLLoadingScene
21:15:33.979 [JavaFX Application Thread] DEBUG GameApplicationServi - Clearing previous game
21:15:33.979 [JavaFX Application Thread] DEBUG GameScene            - Clearing game scene
21:15:33.979 [JavaFX Application Thread] DEBUG GameWorld            - Clearing game world
21:15:33.979 [JavaFX Application Thread] DEBUG PhysicsWorld         - Clearing physics world
21:15:33.983 [FXGL Background Thread 4 ] DEBUG FXGLApplication      - Initializing game
21:15:33.983 [JavaFX Application Thread] DEBUG FXGLApplication      - Registering font factories with UI factory
21:15:34.049 [FXGL Background Thread 4 ] INFO  FXGLApplication      - Game initialization took: 0.067 sec
21:15:34.124 [JavaFX Application Thread] DEBUG Input                - Clearing active input actions
21:15:34.132 [JavaFX Application Thread] DEBUG GameApplicationServi - Removing overlay from FXGLLoadingScene and adding to GameScene
21:15:34.132 [JavaFX Application Thread] DEBUG PrimaryStageWindow   - FXGLLoadingScene -> GameScene
21:15:34.338 [FXGL Background Thread 2 ] INFO  UpdaterService       - Your current version:  17.3
21:15:34.338 [FXGL Background Thread 2 ] INFO  UpdaterService       - Latest stable version: 21.1
21:15:36.065 [JavaFX Application Thread] DEBUG LoopRunner           - Stopping loop
21:15:36.069 [JavaFX Application Thread] FATAL FXGLApplication      - Uncaught Exception:
java.lang.IllegalArgumentException: Property gameover does not exist
	at com.almasb.fxgl.core@17.3/com.almasb.fxgl.core.collection.PropertyMap.get(PropertyMap.kt:279)
	at com.almasb.fxgl.core@17.3/com.almasb.fxgl.core.collection.PropertyMap.booleanProperty(PropertyMap.kt:170)
	at com.almasb.fxgl.all@17.3/com.almasb.fxgl.dsl.FXGL$Companion.getbp(FXGL.kt:320)
	at com.almasb.fxgl.all@17.3/com.almasb.fxgl.dsl.FXGL.getbp(FXGL.kt)
	at ignatiusoey09.flappybirdclone@1.0-SNAPSHOT/ignatiusoey09.flappybirdclone.FlappyApplication.showGameOver(FlappyApplication.java:152)
	at ignatiusoey09.flappybirdclone@1.0-SNAPSHOT/ignatiusoey09.flappybirdclone.FlappyApplication.lambda$initPhysics$1(FlappyApplication.java:86)
	at com.almasb.fxgl.all@17.3/com.almasb.fxgl.dsl.FXGL$Companion$onCollision$1.onCollision(FXGL.kt:663)
	at com.almasb.fxgl.entity@17.3/com.almasb.fxgl.physics.CollisionPair.collision(CollisionPair.java:41)
	at com.almasb.fxgl.entity@17.3/com.almasb.fxgl.physics.PhysicsWorld.notifyCollisions(PhysicsWorld.java:486)
	at com.almasb.fxgl.entity@17.3/com.almasb.fxgl.physics.PhysicsWorld.onUpdate(PhysicsWorld.java:180)
	at com.almasb.fxgl.all@17.3/com.almasb.fxgl.app.scene.GameScene.step(GameScene.kt:229)
	at com.almasb.fxgl.all@17.3/com.almasb.fxgl.app.scene.GameScene.onUpdate(GameScene.kt:224)
	at com.almasb.fxgl.scene@17.3/com.almasb.fxgl.scene.Scene.update(Scene.kt:105)
	at com.almasb.fxgl.all@17.3/com.almasb.fxgl.app.MainWindow$update$1.invoke(MainWindow.kt:115)
	at com.almasb.fxgl.all@17.3/com.almasb.fxgl.app.MainWindow$update$1.invoke(MainWindow.kt:115)
	at com.almasb.fxgl.core@17.3/com.almasb.fxgl.core.fsm.StateMachine.runOnActiveStates(StateMachine.kt:69)
	at com.almasb.fxgl.all@17.3/com.almasb.fxgl.app.MainWindow.update(MainWindow.kt:115)
	at com.almasb.fxgl.all@17.3/com.almasb.fxgl.app.FXGLApplication$GameApplicationService.onUpdate(FXGLApplication.kt:426)
	at com.almasb.fxgl.all@17.3/com.almasb.fxgl.app.Engine.loop(Engine.kt:134)
	at com.almasb.fxgl.all@17.3/com.almasb.fxgl.app.Engine.access$loop(Engine.kt:24)
	at com.almasb.fxgl.all@17.3/com.almasb.fxgl.app.Engine$loop$1.invoke(Engine.kt:28)
	at com.almasb.fxgl.all@17.3/com.almasb.fxgl.app.Engine$loop$1.invoke(Engine.kt:28)
	at com.almasb.fxgl.all@17.3/com.almasb.fxgl.app.LoopRunner.frame(LoopRunner.kt:103)
	at com.almasb.fxgl.all@17.3/com.almasb.fxgl.app.LoopRunner.access$frame(LoopRunner.kt:23)
	at com.almasb.fxgl.all@17.3/com.almasb.fxgl.app.LoopRunner$impl$2$1.onTick(LoopRunner.kt:57)
	at com.almasb.fxgl.all@17.3/com.almasb.fxgl.app.AnimationTimerLoop$timer$1.handle(LoopRunner.kt:137)
	at javafx.graphics/javafx.animation.AnimationTimer$AnimationTimerReceiver.lambda$handle$0(AnimationTimer.java:58)
	at java.base/java.security.AccessController.doPrivileged(AccessController.java:399)
	at javafx.graphics/javafx.animation.AnimationTimer$AnimationTimerReceiver.handle(AnimationTimer.java:57)
	at javafx.graphics/com.sun.scenario.animation.AbstractPrimaryTimer.timePulseImpl(AbstractPrimaryTimer.java:356)
	at javafx.graphics/com.sun.scenario.animation.AbstractPrimaryTimer$MainLoop.run(AbstractPrimaryTimer.java:266)
	at javafx.graphics/com.sun.javafx.tk.quantum.QuantumToolkit.pulse(QuantumToolkit.java:571)
	at javafx.graphics/com.sun.javafx.tk.quantum.QuantumToolkit.pulse(QuantumToolkit.java:555)
	at javafx.graphics/com.sun.javafx.tk.quantum.QuantumToolkit.pulseFromQueue(QuantumToolkit.java:548)
	at javafx.graphics/com.sun.javafx.tk.quantum.QuantumToolkit.lambda$runToolkit$11(QuantumToolkit.java:353)
	at javafx.graphics/com.sun.glass.ui.InvokeLaterDispatcher$Future.run(InvokeLaterDispatcher.java:96)
	at javafx.graphics/com.sun.glass.ui.win.WinApplication._runLoop(Native Method)
	at javafx.graphics/com.sun.glass.ui.win.WinApplication.lambda$runLoop$3(WinApplication.java:184)
	at java.base/java.lang.Thread.run(Thread.java:842)

21:15:36.069 [JavaFX Application Thread] FATAL FXGLApplication      - Application will now exit
21:15:36.085 [JavaFX Application Thread] DEBUG PrimaryStageWindow   - Push state: ErrorSubScene
21:15:36.085 [JavaFX Application Thread] DEBUG Input                - Clearing active input actions
21:15:36.089 [JavaFX Application Thread] DEBUG GameApplicationServi - Removing overlay from GameScene and adding to ErrorSubScene
21:15:36.089 [JavaFX Application Thread] DEBUG PrimaryStageWindow   - GameScene -> ErrorSubScene
21:15:36.890 [FXGL Background Thread 3 ] DEBUG Engine               - Logging environment variables
21:15:36.891 [FXGL Background Thread 3 ] DEBUG Engine               - achievements: []
21:15:36.891 [FXGL Background Thread 3 ] DEBUG Engine               - actualHeight: 600.0
21:15:36.891 [FXGL Background Thread 3 ] DEBUG Engine               - actualHeightProperty: ReadOnlyDoubleProperty [value: 600.0]
21:15:36.891 [FXGL Background Thread 3 ] DEBUG Engine               - actualWidth: 700.0
21:15:36.891 [FXGL Background Thread 3 ] DEBUG Engine               - actualWidthProperty: ReadOnlyDoubleProperty [value: 700.0]
21:15:36.892 [FXGL Background Thread 3 ] DEBUG Engine               - appIcon: fxgl_icon.png
21:15:36.892 [FXGL Background Thread 3 ] DEBUG Engine               - applicationMode: DEVELOPER
21:15:36.892 [FXGL Background Thread 3 ] DEBUG Engine               - cSSList: [fxgl_dark.css]
21:15:36.892 [FXGL Background Thread 3 ] DEBUG Engine               - collisionDetectionStrategy: BRUTE_FORCE
21:15:36.892 [FXGL Background Thread 3 ] DEBUG Engine               - configClass: Optional.empty
21:15:36.892 [FXGL Background Thread 3 ] DEBUG Engine               - credits: []
21:15:36.892 [FXGL Background Thread 3 ] DEBUG Engine               - defaultCursor: CursorInfo(imageName=fxgl_default_cursor.png, hotspotX=7.0, hotspotY=6.0)
21:15:36.892 [FXGL Background Thread 3 ] DEBUG Engine               - devBBoxColorProperty: ObjectProperty [value: 0xff0000ff]
21:15:36.892 [FXGL Background Thread 3 ] DEBUG Engine               - devEnableDebugCameraProperty: BooleanProperty [value: false]
21:15:36.893 [FXGL Background Thread 3 ] DEBUG Engine               - devSensorColorProperty: ObjectProperty [value: 0xffff00ff]
21:15:36.893 [FXGL Background Thread 3 ] DEBUG Engine               - devShowBBoxProperty: BooleanProperty [value: false]
21:15:36.893 [FXGL Background Thread 3 ] DEBUG Engine               - devShowPositionProperty: BooleanProperty [value: false]
21:15:36.893 [FXGL Background Thread 3 ] DEBUG Engine               - enabledMenuItems: []
21:15:36.893 [FXGL Background Thread 3 ] DEBUG Engine               - engineServices: [class com.almasb.fxgl.app.services.FXGLAssetLoaderService, class com.almasb.fxgl.app.FXGLApplication$GameApplicationService, class com.almasb.fxgl.app.services.FXGLDialogService, class com.almasb.fxgl.app.services.IOTaskExecutorService, class com.almasb.fxgl.io.FileSystemService, class com.almasb.fxgl.localization.LocalizationService, class com.almasb.fxgl.app.services.SystemBundleService, class com.almasb.fxgl.profile.SaveLoadService, class com.almasb.fxgl.ui.FXGLUIFactoryServiceProvider, class com.almasb.fxgl.ui.FXGLDialogFactoryServiceProvider, class com.almasb.fxgl.audio.AudioPlayer, class com.almasb.fxgl.notification.impl.NotificationServiceProvider, class com.almasb.fxgl.achievement.AchievementService, class com.almasb.fxgl.cutscene.CutsceneService, class com.almasb.fxgl.minigames.MiniGameService, class com.almasb.fxgl.net.NetService, class com.almasb.fxgl.app.services.UpdaterService, class com.almasb.fxgl.dev.DevService]
21:15:36.893 [FXGL Background Thread 3 ] DEBUG Engine               - fontGame: Abel-Regular.ttf
21:15:36.893 [FXGL Background Thread 3 ] DEBUG Engine               - fontMono: TerminalLandMono-Regular.otf
21:15:36.893 [FXGL Background Thread 3 ] DEBUG Engine               - fontSizeScaleUI: 1.0
21:15:36.893 [FXGL Background Thread 3 ] DEBUG Engine               - fontText: Courier-Prime.ttf
21:15:36.893 [FXGL Background Thread 3 ] DEBUG Engine               - fontUI: VarelaRound-Regular.ttf
21:15:36.893 [FXGL Background Thread 3 ] DEBUG Engine               - fullScreen: BooleanProperty [value: false]
21:15:36.893 [FXGL Background Thread 3 ] DEBUG Engine               - gameDifficulty: MEDIUM
21:15:36.893 [FXGL Background Thread 3 ] DEBUG Engine               - gameDifficultyProperty: ObjectProperty [value: MEDIUM]
21:15:36.893 [FXGL Background Thread 3 ] DEBUG Engine               - globalMusicVolume: 0.5
21:15:36.893 [FXGL Background Thread 3 ] DEBUG Engine               - globalMusicVolumeProperty: DoubleProperty [value: 0.5]
21:15:36.893 [FXGL Background Thread 3 ] DEBUG Engine               - globalSoundVolume: 0.5
21:15:36.894 [FXGL Background Thread 3 ] DEBUG Engine               - globalSoundVolumeProperty: DoubleProperty [value: 0.5]
21:15:36.894 [FXGL Background Thread 3 ] DEBUG Engine               - height: 600
21:15:36.894 [FXGL Background Thread 3 ] DEBUG Engine               - is3D: false
21:15:36.894 [FXGL Background Thread 3 ] DEBUG Engine               - isAndroid: false
21:15:36.894 [FXGL Background Thread 3 ] DEBUG Engine               - isBrowser: false
21:15:36.894 [FXGL Background Thread 3 ] DEBUG Engine               - isClickFeedbackEnabled: false
21:15:36.894 [FXGL Background Thread 3 ] DEBUG Engine               - isCloseConfirmation: false
21:15:36.894 [FXGL Background Thread 3 ] DEBUG Engine               - isDesktop: true
21:15:36.894 [FXGL Background Thread 3 ] DEBUG Engine               - isDeveloperMenuEnabled: false
21:15:36.894 [FXGL Background Thread 3 ] DEBUG Engine               - isEmbedded: false
21:15:36.894 [FXGL Background Thread 3 ] DEBUG Engine               - isEntityPreloadEnabled: true
21:15:36.894 [FXGL Background Thread 3 ] DEBUG Engine               - isExperimentalTiledLargeMap: false
21:15:36.894 [FXGL Background Thread 3 ] DEBUG Engine               - isFileSystemWriteAllowed: true
21:15:36.894 [FXGL Background Thread 3 ] DEBUG Engine               - isFullScreenAllowed: false
21:15:36.894 [FXGL Background Thread 3 ] DEBUG Engine               - isFullScreenFromStart: false
21:15:36.894 [FXGL Background Thread 3 ] DEBUG Engine               - isGameMenuEnabled: true
21:15:36.894 [FXGL Background Thread 3 ] DEBUG Engine               - isIOS: false
21:15:36.894 [FXGL Background Thread 3 ] DEBUG Engine               - isIntroEnabled: false
21:15:36.894 [FXGL Background Thread 3 ] DEBUG Engine               - isLinux: false
21:15:36.894 [FXGL Background Thread 3 ] DEBUG Engine               - isMac: false
21:15:36.894 [FXGL Background Thread 3 ] DEBUG Engine               - isMainMenuEnabled: false
21:15:36.895 [FXGL Background Thread 3 ] DEBUG Engine               - isManualResizeEnabled: false
21:15:36.895 [FXGL Background Thread 3 ] DEBUG Engine               - isMobile: false
21:15:36.895 [FXGL Background Thread 3 ] DEBUG Engine               - isNative: false
21:15:36.895 [FXGL Background Thread 3 ] DEBUG Engine               - isPauseMusicWhenMinimized: true
21:15:36.895 [FXGL Background Thread 3 ] DEBUG Engine               - isPreserveResizeRatio: false
21:15:36.895 [FXGL Background Thread 3 ] DEBUG Engine               - isProfilingEnabled: false
21:15:36.895 [FXGL Background Thread 3 ] DEBUG Engine               - isScaleAffectedOnResize: true
21:15:36.895 [FXGL Background Thread 3 ] DEBUG Engine               - isSingleStep: false
21:15:36.895 [FXGL Background Thread 3 ] DEBUG Engine               - isUserProfileEnabled: false
21:15:36.895 [FXGL Background Thread 3 ] DEBUG Engine               - isWindows: true
21:15:36.895 [FXGL Background Thread 3 ] DEBUG Engine               - language: ObjectProperty [value: ENGLISH]
21:15:36.895 [FXGL Background Thread 3 ] DEBUG Engine               - menuKey: ESCAPE
21:15:36.895 [FXGL Background Thread 3 ] DEBUG Engine               - mouseSensitivity: 0.2
21:15:36.895 [FXGL Background Thread 3 ] DEBUG Engine               - notificationViewClass: class com.almasb.fxgl.notification.view.XboxNotificationView
21:15:36.895 [FXGL Background Thread 3 ] DEBUG Engine               - pixelsPerMeter: 50.0
21:15:36.895 [FXGL Background Thread 3 ] DEBUG Engine               - platform: WINDOWS
21:15:36.895 [FXGL Background Thread 3 ] DEBUG Engine               - prefHeightProperty: ReadOnlyDoubleProperty [value: 600.0]
21:15:36.895 [FXGL Background Thread 3 ] DEBUG Engine               - prefWidthProperty: ReadOnlyDoubleProperty [value: 700.0]
21:15:36.895 [FXGL Background Thread 3 ] DEBUG Engine               - profileDir: profiles/
21:15:36.895 [FXGL Background Thread 3 ] DEBUG Engine               - profileName: StringProperty [value: DEFAULT]
21:15:36.895 [FXGL Background Thread 3 ] DEBUG Engine               - randomSeed: -1
21:15:36.895 [FXGL Background Thread 3 ] DEBUG Engine               - runtimeInfo: RuntimeInfo(platform=WINDOWS, version=17.3, build=30.03.2023 11.49)
21:15:36.895 [FXGL Background Thread 3 ] DEBUG Engine               - saveFileExt: sav
21:15:36.895 [FXGL Background Thread 3 ] DEBUG Engine               - scaledHeightProp$fxgl: DoubleProperty [bound, value: 600.0]
21:15:36.895 [FXGL Background Thread 3 ] DEBUG Engine               - scaledWidthProp$fxgl: DoubleProperty [bound, value: 700.0]
21:15:36.895 [FXGL Background Thread 3 ] DEBUG Engine               - sceneFactory: com.almasb.fxgl.app.scene.SceneFactory@5e3160b0
21:15:36.895 [FXGL Background Thread 3 ] DEBUG Engine               - secondsIn24h: 60
21:15:36.895 [FXGL Background Thread 3 ] DEBUG Engine               - soundMenuBack: menu/back.wav
21:15:36.895 [FXGL Background Thread 3 ] DEBUG Engine               - soundMenuPress: menu/press.wav
21:15:36.895 [FXGL Background Thread 3 ] DEBUG Engine               - soundMenuSelect: menu/select.wav
21:15:36.896 [FXGL Background Thread 3 ] DEBUG Engine               - soundNotification: core/notification.wav
21:15:36.896 [FXGL Background Thread 3 ] DEBUG Engine               - stageStyle: DECORATED
21:15:36.896 [FXGL Background Thread 3 ] DEBUG Engine               - supportedLanguages: [ENGLISH, FRENCH, GERMAN, HUNGARIAN, RUSSIAN]
21:15:36.896 [FXGL Background Thread 3 ] DEBUG Engine               - ticksPerSecond: -1
21:15:36.896 [FXGL Background Thread 3 ] DEBUG Engine               - title: Flappy Bird
21:15:36.896 [FXGL Background Thread 3 ] DEBUG Engine               - urlGithub: https://github.com/AlmasB/FXGL
21:15:36.896 [FXGL Background Thread 3 ] DEBUG Engine               - urlLeaderboard: http://fxgl-top.herokuapp.com/
21:15:36.896 [FXGL Background Thread 3 ] DEBUG Engine               - urlPOM: https://raw.githubusercontent.com/AlmasB/FXGL/release/README.md
21:15:36.896 [FXGL Background Thread 3 ] DEBUG Engine               - userAppClass: class ignatiusoey09.flappybirdclone.FlappyApplication
21:15:36.896 [FXGL Background Thread 3 ] DEBUG Engine               - version: 0.0
21:15:36.896 [FXGL Background Thread 3 ] DEBUG Engine               - versionCheckDays: 7
21:15:36.896 [FXGL Background Thread 3 ] DEBUG Engine               - width: 700
21:15:36.896 [FXGL Background Thread 3 ] DEBUG Engine               - Logging services
21:15:36.896 [FXGL Background Thread 3 ] DEBUG Engine               - class com.almasb.fxgl.app.services.FXGLAssetLoaderService
21:15:36.896 [FXGL Background Thread 3 ] DEBUG Engine               - class com.almasb.fxgl.app.FXGLApplication$GameApplicationService
21:15:36.896 [FXGL Background Thread 3 ] DEBUG Engine               - class com.almasb.fxgl.app.services.FXGLDialogService
21:15:36.896 [FXGL Background Thread 3 ] DEBUG Engine               - class com.almasb.fxgl.app.services.IOTaskExecutorService
21:15:36.896 [FXGL Background Thread 3 ] DEBUG Engine               - class com.almasb.fxgl.io.FileSystemService
21:15:36.896 [FXGL Background Thread 3 ] DEBUG Engine               - class com.almasb.fxgl.localization.LocalizationService
21:15:36.896 [FXGL Background Thread 3 ] DEBUG Engine               - class com.almasb.fxgl.app.services.SystemBundleService
21:15:36.896 [FXGL Background Thread 3 ] DEBUG Engine               - class com.almasb.fxgl.profile.SaveLoadService
21:15:36.896 [FXGL Background Thread 3 ] DEBUG Engine               - class com.almasb.fxgl.ui.FXGLUIFactoryServiceProvider
21:15:36.896 [FXGL Background Thread 3 ] DEBUG Engine               - class com.almasb.fxgl.ui.FXGLDialogFactoryServiceProvider
21:15:36.896 [FXGL Background Thread 3 ] DEBUG Engine               - class com.almasb.fxgl.audio.AudioPlayer
21:15:36.896 [FXGL Background Thread 3 ] DEBUG Engine               - class com.almasb.fxgl.notification.impl.NotificationServiceProvider
21:15:36.897 [FXGL Background Thread 3 ] DEBUG Engine               - class com.almasb.fxgl.achievement.AchievementService
21:15:36.897 [FXGL Background Thread 3 ] DEBUG Engine               - class com.almasb.fxgl.cutscene.CutsceneService
21:15:36.897 [FXGL Background Thread 3 ] DEBUG Engine               - class com.almasb.fxgl.minigames.MiniGameService
21:15:36.897 [FXGL Background Thread 3 ] DEBUG Engine               - class com.almasb.fxgl.net.NetService
21:15:36.897 [FXGL Background Thread 3 ] DEBUG Engine               - class com.almasb.fxgl.app.services.UpdaterService
21:15:36.897 [FXGL Background Thread 3 ] DEBUG Engine               - class com.almasb.fxgl.dev.DevService
21:15:38.931 [JavaFX Application Thread] DEBUG FXGLApplication      - Exiting FXGL
21:15:38.931 [JavaFX Application Thread] DEBUG Async                - Shutting down background threads
21:15:38.931 [JavaFX Application Thread] DEBUG PrimaryStageWindow   - Closing main window
21:15:38.944 [JavaFX Application Thread] DEBUG Logger               - Closing Logger
