23:04:43.243 [main                     ] DEBUG Logger               - Configured Logger
23:04:43.269 [main                     ] DEBUG GameApplication      - Logging settings
Title: Flappy Bird
Version: 0.0
Width: 512
Height: 512
Fullscreen: false
Intro: false
Profiling: false
Single step:false
App Mode: DEVELOPER
Menu Key: ESCAPE
Stage Style: DECORATED
Scene Factory: class com.almasb.fxgl.app.scene.SceneFactory

23:04:43.503 [JavaFX Application Thread] DEBUG FXGLApplication      - Initializing FXGL
23:04:43.507 [JavaFX Application Thread] INFO  Engine               - FXGL-17.3 (30.03.2023 11.49) on WINDOWS (J:17.0.12 FX:17.0.6)
23:04:43.508 [JavaFX Application Thread] DEBUG Engine               - JRE Vendor Name: Oracle Corporation
23:04:43.508 [JavaFX Application Thread] DEBUG Engine               - Running on OS: Windows 11 version 10.0
23:04:43.508 [JavaFX Application Thread] DEBUG Engine               - Architecture: amd64
23:04:43.508 [JavaFX Application Thread] INFO  Engine               - Source code and latest versions at: https://github.com/AlmasB/FXGL
23:04:43.508 [JavaFX Application Thread] INFO  Engine               -       Ask questions and discuss at: https://github.com/AlmasB/FXGL/discussions
23:04:43.508 [JavaFX Application Thread] INFO  Engine               -              Join the FXGL chat at: https://gitter.im/AlmasB/FXGL
23:04:43.569 [JavaFX Application Thread] DEBUG PrimaryStageWindow   - Creating a JavaFX scene
23:04:43.602 [JavaFX Application Thread] DEBUG PrimaryStageWindow   - Target settings size: 512.0 x 512.0
23:04:43.602 [JavaFX Application Thread] DEBUG PrimaryStageWindow   - Scaled scene size:    512.0 x 512.0
23:04:43.602 [JavaFX Application Thread] DEBUG PrimaryStageWindow   - Scaled ratio: (1.0, 1.0)
23:04:43.603 [JavaFX Application Thread] DEBUG PrimaryStageWindow   - Set initial scene to FXGLStartupScene
23:04:43.608 [JavaFX Application Thread] DEBUG PrimaryStageWindow   - Opening main window
23:04:43.689 [JavaFX Application Thread] DEBUG PrimaryStageWindow   - Window border size: (14.66668701171875, 37.33331298828125)
23:04:43.689 [JavaFX Application Thread] DEBUG PrimaryStageWindow   - Scaled size: 512.0 x 512.0
23:04:43.690 [JavaFX Application Thread] DEBUG PrimaryStageWindow   - Scaled ratio: (1.0, 1.0)
23:04:43.690 [JavaFX Application Thread] DEBUG PrimaryStageWindow   - Scene size: 512.0 x 512.0
23:04:43.690 [JavaFX Application Thread] DEBUG PrimaryStageWindow   - Stage size: 526.6666870117188 x 549.3333129882812
23:04:43.697 [FXGL Background Thread 1 ] DEBUG Engine               - Initializing environment variables
23:04:43.726 [FXGL Background Thread 1 ] DEBUG FXGLAssetLoaderServi - User app class for loading assets: class ignatiusoey09.flappybirdclone.FlappyApplication
23:04:43.726 [FXGL Background Thread 1 ] DEBUG GameApplicationServi - Applying CSS: fxgl_dark.css
23:04:43.727 [FXGL Background Thread 1 ] DEBUG FXGLAssetLoaderServi - Loading from file system: jar:file:///C:/Users/oeyig/.gradle/caches/modules-2/files-2.1/com.github.almasb/fxgl/17.3/614d2b2607c97fe7b539dfa75036066a8010f74b/fxgl-17.3.jar!/fxglassets/ui/css/fxgl_dark.css
23:04:43.765 [FXGL Background Thread 1 ] DEBUG GameApplicationServi - Initializing application scenes
23:04:43.807 [FXGL Background Thread 1 ] DEBUG GameWorld            - Game world initialized
23:04:43.847 [FXGL Background Thread 1 ] DEBUG PhysicsWorld         - Physics world initialized: appHeight=512, physics.ppm=50.0
23:04:43.847 [FXGL Background Thread 1 ] DEBUG PhysicsWorld         - Using strategy: BRUTE_FORCE
23:04:43.851 [FXGL Background Thread 1 ] DEBUG GameScene            - Game scene initialized: 512x512
23:04:43.861 [FXGL Background Thread 1 ] WARN  FXGL.DefaultMenu     - FXGLDefaultMenu is not designed for resolutions < 800x600
23:04:43.861 [FXGL Background Thread 1 ] DEBUG FXGL.DefaultMenu     - createMenuBodyGameMenu()
23:04:43.874 [FXGL Background Thread 1 ] DEBUG FXGL.DefaultMenu     - createOptionsMenu()
23:04:43.881 [FXGL Background Thread 1 ] DEBUG FXGLAssetLoaderServi - Loading from file system: jar:file:///C:/Users/oeyig/.gradle/caches/modules-2/files-2.1/com.github.almasb/fxgl/17.3/614d2b2607c97fe7b539dfa75036066a8010f74b/fxgl-17.3.jar!/fxglassets/textures/particles/smoke.png
23:04:43.970 [FXGL Background Thread 1 ] DEBUG FXGLAssetLoaderServi - Loading from file system: jar:file:///C:/Users/oeyig/.gradle/caches/modules-2/files-2.1/com.github.almasb/fxgl/17.3/614d2b2607c97fe7b539dfa75036066a8010f74b/fxgl-17.3.jar!/fxglassets/textures/particles/trace_horizontal.png
23:04:43.997 [FXGL Background Thread 1 ] DEBUG GameApplicationServi - Application scenes initialized
23:04:44.007 [FXGL Background Thread 1 ] DEBUG SystemBundleService  - Loading FXGL system data
23:04:44.012 [FXGL Background Thread 1 ] DEBUG FileSystemAccess     - Reading from: C:\Users\oeyig\IdeaProjects\FlappyBirdClone\system\fxgl.bundle
23:04:44.020 [FXGL Background Thread 1 ] DEBUG SystemBundleService  - Bundle FXGL: {}
23:04:44.020 [FXGL Background Thread 1 ] DEBUG UpdaterService       - Checking for updates
23:04:44.023 [FXGL Background Thread 4 ] DEBUG FXGLApplication      - Loading fonts
23:04:44.023 [FXGL Background Thread 4 ] DEBUG FXGLAssetLoaderServi - Loading from file system: jar:file:///C:/Users/oeyig/.gradle/caches/modules-2/files-2.1/com.github.almasb/fxgl/17.3/614d2b2607c97fe7b539dfa75036066a8010f74b/fxgl-17.3.jar!/fxglassets/ui/fonts/VarelaRound-Regular.ttf
23:04:44.023 [FXGL Background Thread 1 ] DEBUG FXGLApplication      - Loading default localization
23:04:44.025 [FXGL Background Thread 1 ] DEBUG FXGLAssetLoaderServi - Loading from file system: jar:file:///C:/Users/oeyig/.gradle/caches/modules-2/files-2.1/com.github.almasb/fxgl/17.3/614d2b2607c97fe7b539dfa75036066a8010f74b/fxgl-17.3.jar!/fxglassets/languages/english.lang
23:04:44.050 [FXGL Background Thread 1 ] INFO  FXGLApplication      - FXGL initialization took: 0.353 sec
23:04:44.059 [JavaFX Application Thread] DEBUG Input                - Registered new binding: jump - Space
23:04:44.059 [JavaFX Application Thread] DEBUG Input                - Registered new binding: restart - N
23:04:44.060 [JavaFX Application Thread] DEBUG FXGLAssetLoaderServi - Loading from file system: jar:file:///C:/Users/oeyig/.gradle/caches/modules-2/files-2.1/com.github.almasb/fxgl/17.3/614d2b2607c97fe7b539dfa75036066a8010f74b/fxgl-17.3.jar!/fxglassets/textures/fxgl_icon.png
23:04:44.086 [JavaFX Application Thread] DEBUG FXGLAssetLoaderServi - Loading from file system: jar:file:///C:/Users/oeyig/.gradle/caches/modules-2/files-2.1/com.github.almasb/fxgl/17.3/614d2b2607c97fe7b539dfa75036066a8010f74b/fxgl-17.3.jar!/fxglassets/textures/fxgl_default_cursor.png
23:04:44.089 [JavaFX Application Thread] DEBUG Input                - Registered new binding: Screenshot - CTRL+8
23:04:44.090 [JavaFX Application Thread] DEBUG Input                - Registered new binding: System info dump - CTRL+9
23:04:44.092 [JavaFX Application Thread] DEBUG Input                - Registered new binding: Restart - CTRL+R
23:04:44.095 [JavaFX Application Thread] DEBUG Input                - Registered new binding: Toggle Debug Camera - CTRL+7
23:04:44.096 [FXGL Background Thread 4 ] DEBUG FXGLAssetLoaderServi - Loading from file system: jar:file:///C:/Users/oeyig/.gradle/caches/modules-2/files-2.1/com.github.almasb/fxgl/17.3/614d2b2607c97fe7b539dfa75036066a8010f74b/fxgl-17.3.jar!/fxglassets/ui/fonts/Abel-Regular.ttf
23:04:44.101 [FXGL Background Thread 4 ] DEBUG FXGLAssetLoaderServi - Loading from file system: jar:file:///C:/Users/oeyig/.gradle/caches/modules-2/files-2.1/com.github.almasb/fxgl/17.3/614d2b2607c97fe7b539dfa75036066a8010f74b/fxgl-17.3.jar!/fxglassets/ui/fonts/TerminalLandMono-Regular.otf
23:04:44.102 [JavaFX Application Thread] DEBUG LoopRunner           - Starting loop
23:04:44.102 [JavaFX Application Thread] DEBUG LoopRunner           - Initializing JavaFX AnimationTimerLoop
23:04:44.104 [JavaFX Application Thread] DEBUG GameApplicationServi - Starting new game
23:04:44.104 [FXGL Background Thread 4 ] DEBUG FXGLAssetLoaderServi - Loading from file system: jar:file:///C:/Users/oeyig/.gradle/caches/modules-2/files-2.1/com.github.almasb/fxgl/17.3/614d2b2607c97fe7b539dfa75036066a8010f74b/fxgl-17.3.jar!/fxglassets/ui/fonts/Courier-Prime.ttf
23:04:44.105 [JavaFX Application Thread] DEBUG Input                - Clearing active input actions
23:04:44.122 [JavaFX Application Thread] DEBUG GameApplicationServi - Removing overlay from FXGLStartupScene and adding to FXGLLoadingScene
23:04:44.122 [JavaFX Application Thread] DEBUG PrimaryStageWindow   - FXGLStartupScene -> FXGLLoadingScene
23:04:44.122 [JavaFX Application Thread] DEBUG GameApplicationServi - Clearing previous game
23:04:44.122 [JavaFX Application Thread] DEBUG GameScene            - Clearing game scene
23:04:44.122 [JavaFX Application Thread] DEBUG GameWorld            - Clearing game world
23:04:44.123 [JavaFX Application Thread] DEBUG PhysicsWorld         - Clearing physics world
23:04:44.126 [JavaFX Application Thread] DEBUG FXGLApplication      - Registering font factories with UI factory
23:04:44.126 [FXGL Background Thread 4 ] DEBUG FXGLApplication      - Initializing game
23:04:44.130 [FXGL Background Thread 4 ] DEBUG FXGLAssetLoaderServi - Loading from file system: file:/C:/Users/oeyig/IdeaProjects/FlappyBirdClone/build/resources/main/assets/textures/background.png
23:04:44.196 [FXGL Background Thread 4 ] DEBUG FXGLAssetLoaderServi - Loading from file system: file:/C:/Users/oeyig/IdeaProjects/FlappyBirdClone/build/resources/main/assets/textures/bird.png
23:04:44.226 [FXGL Background Thread 4 ] INFO  FXGLApplication      - Game initialization took: 0.099 sec
23:04:44.269 [JavaFX Application Thread] DEBUG Input                - Clearing active input actions
23:04:44.278 [JavaFX Application Thread] DEBUG GameApplicationServi - Removing overlay from FXGLLoadingScene and adding to GameScene
23:04:44.279 [JavaFX Application Thread] DEBUG PrimaryStageWindow   - FXGLLoadingScene -> GameScene
23:04:44.472 [FXGL Background Thread 2 ] INFO  UpdaterService       - Your current version:  17.3
23:04:44.473 [FXGL Background Thread 2 ] INFO  UpdaterService       - Latest stable version: 21.1
23:04:45.069 [JavaFX Application Thread] DEBUG FXGLAssetLoaderServi - Loading from file system: file:/C:/Users/oeyig/IdeaProjects/FlappyBirdClone/build/resources/main/assets/ui/gameoverScreen.fxml
23:04:46.986 [JavaFX Application Thread] DEBUG FXGLApplication      - Exiting FXGL
23:04:46.987 [JavaFX Application Thread] DEBUG LoopRunner           - Stopping loop
23:04:46.987 [JavaFX Application Thread] DEBUG SystemBundleService  - Saving FXGL system data
23:04:46.988 [JavaFX Application Thread] DEBUG FileSystemAccess     - Writing to: C:\Users\oeyig\IdeaProjects\FlappyBirdClone\system\fxgl.bundle
23:04:46.990 [JavaFX Application Thread] DEBUG Async                - Shutting down background threads
23:04:46.990 [JavaFX Application Thread] DEBUG PrimaryStageWindow   - Closing main window
23:04:47.004 [JavaFX Application Thread] DEBUG Logger               - Closing Logger
