21:36:43.572 [main                     ] DEBUG Logger               - Configured Logger
21:36:43.600 [main                     ] DEBUG GameApplication      - Logging settings
Title: Flappy Bird
Version: 0.0
Width: 512
Height: 512
Fullscreen: false
Intro: false
Profiling: false
Single step:false
App Mode: DEVELOPER
Menu Key: ESCAPE
Stage Style: DECORATED
Scene Factory: class com.almasb.fxgl.app.scene.SceneFactory

21:36:43.840 [JavaFX Application Thread] DEBUG FXGLApplication      - Initializing FXGL
21:36:43.844 [JavaFX Application Thread] INFO  Engine               - FXGL-17.3 (30.03.2023 11.49) on WINDOWS (J:17.0.12 FX:17.0.6)
21:36:43.844 [JavaFX Application Thread] DEBUG Engine               - JRE Vendor Name: Oracle Corporation
21:36:43.845 [JavaFX Application Thread] DEBUG Engine               - Running on OS: Windows 11 version 10.0
21:36:43.845 [JavaFX Application Thread] DEBUG Engine               - Architecture: amd64
21:36:43.845 [JavaFX Application Thread] INFO  Engine               - Source code and latest versions at: https://github.com/AlmasB/FXGL
21:36:43.845 [JavaFX Application Thread] INFO  Engine               -       Ask questions and discuss at: https://github.com/AlmasB/FXGL/discussions
21:36:43.845 [JavaFX Application Thread] INFO  Engine               -              Join the FXGL chat at: https://gitter.im/AlmasB/FXGL
21:36:43.905 [JavaFX Application Thread] DEBUG PrimaryStageWindow   - Creating a JavaFX scene
21:36:43.936 [JavaFX Application Thread] DEBUG PrimaryStageWindow   - Target settings size: 512.0 x 512.0
21:36:43.936 [JavaFX Application Thread] DEBUG PrimaryStageWindow   - Scaled scene size:    512.0 x 512.0
21:36:43.936 [JavaFX Application Thread] DEBUG PrimaryStageWindow   - Scaled ratio: (1.0, 1.0)
21:36:43.937 [JavaFX Application Thread] DEBUG PrimaryStageWindow   - Set initial scene to FXGLStartupScene
21:36:43.943 [JavaFX Application Thread] DEBUG PrimaryStageWindow   - Opening main window
21:36:44.032 [JavaFX Application Thread] DEBUG PrimaryStageWindow   - Window border size: (14.66668701171875, 37.33331298828125)
21:36:44.033 [JavaFX Application Thread] DEBUG PrimaryStageWindow   - Scaled size: 512.0 x 512.0
21:36:44.033 [JavaFX Application Thread] DEBUG PrimaryStageWindow   - Scaled ratio: (1.0, 1.0)
21:36:44.033 [JavaFX Application Thread] DEBUG PrimaryStageWindow   - Scene size: 512.0 x 512.0
21:36:44.033 [JavaFX Application Thread] DEBUG PrimaryStageWindow   - Stage size: 526.6666870117188 x 549.3333129882812
21:36:44.039 [FXGL Background Thread 1 ] DEBUG Engine               - Initializing environment variables
21:36:44.071 [FXGL Background Thread 1 ] DEBUG FXGLAssetLoaderServi - User app class for loading assets: class ignatiusoey09.flappybirdclone.FlappyApplication
21:36:44.071 [FXGL Background Thread 1 ] DEBUG GameApplicationServi - Applying CSS: fxgl_dark.css
21:36:44.072 [FXGL Background Thread 1 ] DEBUG FXGLAssetLoaderServi - Loading from file system: jar:file:///C:/Users/oeyig/.gradle/caches/modules-2/files-2.1/com.github.almasb/fxgl/17.3/614d2b2607c97fe7b539dfa75036066a8010f74b/fxgl-17.3.jar!/fxglassets/ui/css/fxgl_dark.css
21:36:44.107 [FXGL Background Thread 1 ] DEBUG GameApplicationServi - Initializing application scenes
21:36:44.149 [FXGL Background Thread 1 ] DEBUG GameWorld            - Game world initialized
21:36:44.190 [FXGL Background Thread 1 ] DEBUG PhysicsWorld         - Physics world initialized: appHeight=512, physics.ppm=50.0
21:36:44.191 [FXGL Background Thread 1 ] DEBUG PhysicsWorld         - Using strategy: BRUTE_FORCE
21:36:44.196 [FXGL Background Thread 1 ] DEBUG GameScene            - Game scene initialized: 512x512
21:36:44.206 [FXGL Background Thread 1 ] WARN  FXGL.DefaultMenu     - FXGLDefaultMenu is not designed for resolutions < 800x600
21:36:44.207 [FXGL Background Thread 1 ] DEBUG FXGL.DefaultMenu     - createMenuBodyGameMenu()
21:36:44.218 [FXGL Background Thread 1 ] DEBUG FXGL.DefaultMenu     - createOptionsMenu()
21:36:44.228 [FXGL Background Thread 1 ] DEBUG FXGLAssetLoaderServi - Loading from file system: jar:file:///C:/Users/oeyig/.gradle/caches/modules-2/files-2.1/com.github.almasb/fxgl/17.3/614d2b2607c97fe7b539dfa75036066a8010f74b/fxgl-17.3.jar!/fxglassets/textures/particles/smoke.png
21:36:44.316 [FXGL Background Thread 1 ] DEBUG FXGLAssetLoaderServi - Loading from file system: jar:file:///C:/Users/oeyig/.gradle/caches/modules-2/files-2.1/com.github.almasb/fxgl/17.3/614d2b2607c97fe7b539dfa75036066a8010f74b/fxgl-17.3.jar!/fxglassets/textures/particles/trace_horizontal.png
21:36:44.345 [FXGL Background Thread 1 ] DEBUG GameApplicationServi - Application scenes initialized
21:36:44.356 [FXGL Background Thread 1 ] DEBUG SystemBundleService  - Loading FXGL system data
21:36:44.361 [FXGL Background Thread 1 ] DEBUG FileSystemAccess     - Reading from: C:\Users\oeyig\IdeaProjects\FlappyBirdClone\system\fxgl.bundle
21:36:44.367 [FXGL Background Thread 1 ] DEBUG SystemBundleService  - Bundle FXGL: {}
21:36:44.367 [FXGL Background Thread 1 ] DEBUG UpdaterService       - Checking for updates
21:36:44.371 [FXGL Background Thread 4 ] DEBUG FXGLApplication      - Loading fonts
21:36:44.371 [FXGL Background Thread 4 ] DEBUG FXGLAssetLoaderServi - Loading from file system: jar:file:///C:/Users/oeyig/.gradle/caches/modules-2/files-2.1/com.github.almasb/fxgl/17.3/614d2b2607c97fe7b539dfa75036066a8010f74b/fxgl-17.3.jar!/fxglassets/ui/fonts/VarelaRound-Regular.ttf
21:36:44.371 [FXGL Background Thread 1 ] DEBUG FXGLApplication      - Loading default localization
21:36:44.373 [FXGL Background Thread 1 ] DEBUG FXGLAssetLoaderServi - Loading from file system: jar:file:///C:/Users/oeyig/.gradle/caches/modules-2/files-2.1/com.github.almasb/fxgl/17.3/614d2b2607c97fe7b539dfa75036066a8010f74b/fxgl-17.3.jar!/fxglassets/languages/english.lang
21:36:44.394 [FXGL Background Thread 1 ] INFO  FXGLApplication      - FXGL initialization took: 0.354 sec
21:36:44.404 [JavaFX Application Thread] DEBUG Input                - Registered new binding: jump - Space
21:36:44.405 [JavaFX Application Thread] DEBUG Input                - Registered new binding: restart - N
21:36:44.405 [JavaFX Application Thread] DEBUG FXGLAssetLoaderServi - Loading from file system: jar:file:///C:/Users/oeyig/.gradle/caches/modules-2/files-2.1/com.github.almasb/fxgl/17.3/614d2b2607c97fe7b539dfa75036066a8010f74b/fxgl-17.3.jar!/fxglassets/textures/fxgl_icon.png
21:36:44.426 [JavaFX Application Thread] DEBUG FXGLAssetLoaderServi - Loading from file system: jar:file:///C:/Users/oeyig/.gradle/caches/modules-2/files-2.1/com.github.almasb/fxgl/17.3/614d2b2607c97fe7b539dfa75036066a8010f74b/fxgl-17.3.jar!/fxglassets/textures/fxgl_default_cursor.png
21:36:44.432 [JavaFX Application Thread] DEBUG Input                - Registered new binding: Screenshot - CTRL+8
21:36:44.434 [JavaFX Application Thread] DEBUG Input                - Registered new binding: System info dump - CTRL+9
21:36:44.434 [FXGL Background Thread 4 ] DEBUG FXGLAssetLoaderServi - Loading from file system: jar:file:///C:/Users/oeyig/.gradle/caches/modules-2/files-2.1/com.github.almasb/fxgl/17.3/614d2b2607c97fe7b539dfa75036066a8010f74b/fxgl-17.3.jar!/fxglassets/ui/fonts/Abel-Regular.ttf
21:36:44.435 [JavaFX Application Thread] DEBUG Input                - Registered new binding: Restart - CTRL+R
21:36:44.437 [FXGL Background Thread 4 ] DEBUG FXGLAssetLoaderServi - Loading from file system: jar:file:///C:/Users/oeyig/.gradle/caches/modules-2/files-2.1/com.github.almasb/fxgl/17.3/614d2b2607c97fe7b539dfa75036066a8010f74b/fxgl-17.3.jar!/fxglassets/ui/fonts/TerminalLandMono-Regular.otf
21:36:44.437 [JavaFX Application Thread] DEBUG Input                - Registered new binding: Toggle Debug Camera - CTRL+7
21:36:44.441 [FXGL Background Thread 4 ] DEBUG FXGLAssetLoaderServi - Loading from file system: jar:file:///C:/Users/oeyig/.gradle/caches/modules-2/files-2.1/com.github.almasb/fxgl/17.3/614d2b2607c97fe7b539dfa75036066a8010f74b/fxgl-17.3.jar!/fxglassets/ui/fonts/Courier-Prime.ttf
21:36:44.444 [JavaFX Application Thread] DEBUG LoopRunner           - Starting loop
21:36:44.446 [JavaFX Application Thread] DEBUG LoopRunner           - Initializing JavaFX AnimationTimerLoop
21:36:44.450 [JavaFX Application Thread] DEBUG GameApplicationServi - Starting new game
21:36:44.450 [JavaFX Application Thread] DEBUG Input                - Clearing active input actions
21:36:44.463 [JavaFX Application Thread] DEBUG GameApplicationServi - Removing overlay from FXGLStartupScene and adding to FXGLLoadingScene
21:36:44.464 [JavaFX Application Thread] DEBUG PrimaryStageWindow   - FXGLStartupScene -> FXGLLoadingScene
21:36:44.464 [JavaFX Application Thread] DEBUG GameApplicationServi - Clearing previous game
21:36:44.470 [JavaFX Application Thread] DEBUG GameScene            - Clearing game scene
21:36:44.470 [JavaFX Application Thread] DEBUG GameWorld            - Clearing game world
21:36:44.470 [JavaFX Application Thread] DEBUG PhysicsWorld         - Clearing physics world
21:36:44.474 [FXGL Background Thread 4 ] DEBUG FXGLApplication      - Initializing game
21:36:44.478 [FXGL Background Thread 4 ] DEBUG FXGLAssetLoaderServi - Loading from file system: file:/C:/Users/oeyig/IdeaProjects/FlappyBirdClone/build/resources/main/assets/textures/background.png
21:36:44.530 [FXGL Background Thread 4 ] DEBUG FXGLAssetLoaderServi - Loading from file system: file:/C:/Users/oeyig/IdeaProjects/FlappyBirdClone/build/resources/main/assets/textures/bird.png
21:36:44.567 [FXGL Background Thread 4 ] DEBUG FXGLAssetLoaderServi - Loading from file system: file:/C:/Users/oeyig/IdeaProjects/FlappyBirdClone/build/resources/main/assets/textures/numbers/0.png
21:36:44.568 [FXGL Background Thread 4 ] DEBUG FXGLAssetLoaderServi - Loading from file system: file:/C:/Users/oeyig/IdeaProjects/FlappyBirdClone/build/resources/main/assets/textures/numbers/1.png
21:36:44.569 [FXGL Background Thread 4 ] DEBUG FXGLAssetLoaderServi - Loading from file system: file:/C:/Users/oeyig/IdeaProjects/FlappyBirdClone/build/resources/main/assets/textures/numbers/2.png
21:36:44.570 [FXGL Background Thread 4 ] DEBUG FXGLAssetLoaderServi - Loading from file system: file:/C:/Users/oeyig/IdeaProjects/FlappyBirdClone/build/resources/main/assets/textures/numbers/3.png
21:36:44.572 [FXGL Background Thread 4 ] DEBUG FXGLAssetLoaderServi - Loading from file system: file:/C:/Users/oeyig/IdeaProjects/FlappyBirdClone/build/resources/main/assets/textures/numbers/4.png
21:36:44.573 [FXGL Background Thread 4 ] DEBUG FXGLAssetLoaderServi - Loading from file system: file:/C:/Users/oeyig/IdeaProjects/FlappyBirdClone/build/resources/main/assets/textures/numbers/5.png
21:36:44.575 [FXGL Background Thread 4 ] DEBUG FXGLAssetLoaderServi - Loading from file system: file:/C:/Users/oeyig/IdeaProjects/FlappyBirdClone/build/resources/main/assets/textures/numbers/6.png
21:36:44.576 [FXGL Background Thread 4 ] DEBUG FXGLAssetLoaderServi - Loading from file system: file:/C:/Users/oeyig/IdeaProjects/FlappyBirdClone/build/resources/main/assets/textures/numbers/7.png
21:36:44.577 [FXGL Background Thread 4 ] DEBUG FXGLAssetLoaderServi - Loading from file system: file:/C:/Users/oeyig/IdeaProjects/FlappyBirdClone/build/resources/main/assets/textures/numbers/8.png
21:36:44.578 [FXGL Background Thread 4 ] DEBUG FXGLAssetLoaderServi - Loading from file system: file:/C:/Users/oeyig/IdeaProjects/FlappyBirdClone/build/resources/main/assets/textures/numbers/9.png
21:36:44.584 [FXGL Background Thread 4 ] INFO  FXGLApplication      - Game initialization took: 0.110 sec
21:36:44.628 [JavaFX Application Thread] DEBUG Input                - Clearing active input actions
21:36:44.637 [JavaFX Application Thread] DEBUG GameApplicationServi - Removing overlay from FXGLLoadingScene and adding to GameScene
21:36:44.637 [JavaFX Application Thread] DEBUG PrimaryStageWindow   - FXGLLoadingScene -> GameScene
21:36:44.839 [FXGL Background Thread 2 ] INFO  UpdaterService       - Your current version:  17.3
21:36:44.840 [FXGL Background Thread 2 ] INFO  UpdaterService       - Latest stable version: 21.1
21:36:45.435 [JavaFX Application Thread] DEBUG FXGLAssetLoaderServi - Loading from file system: file:/C:/Users/oeyig/IdeaProjects/FlappyBirdClone/build/resources/main/assets/ui/gameoverScreen.fxml
21:36:46.721 [JavaFX Application Thread] DEBUG FXGLApplication      - Exiting FXGL
21:36:46.721 [JavaFX Application Thread] DEBUG LoopRunner           - Stopping loop
21:36:46.721 [JavaFX Application Thread] DEBUG SystemBundleService  - Saving FXGL system data
21:36:46.723 [JavaFX Application Thread] DEBUG FileSystemAccess     - Writing to: C:\Users\oeyig\IdeaProjects\FlappyBirdClone\system\fxgl.bundle
21:36:46.725 [JavaFX Application Thread] DEBUG Async                - Shutting down background threads
21:36:46.725 [JavaFX Application Thread] DEBUG PrimaryStageWindow   - Closing main window
21:36:46.743 [JavaFX Application Thread] DEBUG Logger               - Closing Logger
