16:10:11.126 [main                     ] DEBUG Logger               - Configured Logger
16:10:11.172 [main                     ] DEBUG GameApplication      - Logging settings
Title: Flappy Bird
Version: 0.0
Width: 512
Height: 512
Fullscreen: false
Intro: false
Profiling: false
Single step:false
App Mode: DEVELOPER
Menu Key: ESCAPE
Stage Style: DECORATED
Scene Factory: class com.almasb.fxgl.app.scene.SceneFactory

16:10:11.594 [JavaFX Application Thread] DEBUG FXGLApplication      - Initializing FXGL
16:10:11.602 [JavaFX Application Thread] INFO  Engine               - FXGL-17.3 (30.03.2023 11.49) on WINDOWS (J:17.0.12 FX:17.0.6)
16:10:11.602 [JavaFX Application Thread] DEBUG Engine               - JRE Vendor Name: Oracle Corporation
16:10:11.603 [JavaFX Application Thread] DEBUG Engine               - Running on OS: Windows 11 version 10.0
16:10:11.603 [JavaFX Application Thread] DEBUG Engine               - Architecture: amd64
16:10:11.603 [JavaFX Application Thread] INFO  Engine               - Source code and latest versions at: https://github.com/AlmasB/FXGL
16:10:11.603 [JavaFX Application Thread] INFO  Engine               -       Ask questions and discuss at: https://github.com/AlmasB/FXGL/discussions
16:10:11.603 [JavaFX Application Thread] INFO  Engine               -              Join the FXGL chat at: https://gitter.im/AlmasB/FXGL
16:10:11.715 [JavaFX Application Thread] DEBUG PrimaryStageWindow   - Creating a JavaFX scene
16:10:11.763 [JavaFX Application Thread] DEBUG PrimaryStageWindow   - Target settings size: 512.0 x 512.0
16:10:11.763 [JavaFX Application Thread] DEBUG PrimaryStageWindow   - Scaled scene size:    512.0 x 512.0
16:10:11.764 [JavaFX Application Thread] DEBUG PrimaryStageWindow   - Scaled ratio: (1.0, 1.0)
16:10:11.764 [JavaFX Application Thread] DEBUG PrimaryStageWindow   - Set initial scene to FXGLStartupScene
16:10:11.774 [JavaFX Application Thread] DEBUG PrimaryStageWindow   - Opening main window
16:10:11.908 [JavaFX Application Thread] DEBUG PrimaryStageWindow   - Window border size: (14.66668701171875, 37.33331298828125)
16:10:11.909 [JavaFX Application Thread] DEBUG PrimaryStageWindow   - Scaled size: 512.0 x 512.0
16:10:11.909 [JavaFX Application Thread] DEBUG PrimaryStageWindow   - Scaled ratio: (1.0, 1.0)
16:10:11.909 [JavaFX Application Thread] DEBUG PrimaryStageWindow   - Scene size: 512.0 x 512.0
16:10:11.910 [JavaFX Application Thread] DEBUG PrimaryStageWindow   - Stage size: 526.6666870117188 x 549.3333129882812
16:10:11.922 [FXGL Background Thread 1 ] DEBUG Engine               - Initializing environment variables
16:10:11.974 [FXGL Background Thread 1 ] DEBUG FXGLAssetLoaderServi - User app class for loading assets: class ignatiusoey09.flappybirdclone.FlappyApplication
16:10:11.975 [FXGL Background Thread 1 ] DEBUG GameApplicationServi - Applying CSS: fxgl_dark.css
16:10:11.977 [FXGL Background Thread 1 ] DEBUG FXGLAssetLoaderServi - Loading from file system: jar:file:/C:/Users/oeyig/.gradle/caches/modules-2/files-2.1/com.github.almasb/fxgl/17.3/614d2b2607c97fe7b539dfa75036066a8010f74b/fxgl-17.3.jar!/fxglassets/ui/css/fxgl_dark.css
16:10:12.034 [FXGL Background Thread 1 ] DEBUG GameApplicationServi - Initializing application scenes
16:10:12.099 [FXGL Background Thread 1 ] DEBUG GameWorld            - Game world initialized
16:10:12.195 [FXGL Background Thread 1 ] DEBUG PhysicsWorld         - Physics world initialized: appHeight=512, physics.ppm=50.0
16:10:12.196 [FXGL Background Thread 1 ] DEBUG PhysicsWorld         - Using strategy: BRUTE_FORCE
16:10:12.204 [FXGL Background Thread 1 ] DEBUG GameScene            - Game scene initialized: 512x512
16:10:12.226 [FXGL Background Thread 1 ] WARN  FXGL.DefaultMenu     - FXGLDefaultMenu is not designed for resolutions < 800x600
16:10:12.226 [FXGL Background Thread 1 ] DEBUG FXGL.DefaultMenu     - createMenuBodyGameMenu()
16:10:12.245 [FXGL Background Thread 1 ] DEBUG FXGL.DefaultMenu     - createOptionsMenu()
16:10:12.260 [FXGL Background Thread 1 ] DEBUG FXGLAssetLoaderServi - Loading from file system: jar:file:/C:/Users/oeyig/.gradle/caches/modules-2/files-2.1/com.github.almasb/fxgl/17.3/614d2b2607c97fe7b539dfa75036066a8010f74b/fxgl-17.3.jar!/fxglassets/textures/particles/smoke.png
16:10:12.390 [FXGL Background Thread 1 ] DEBUG FXGLAssetLoaderServi - Loading from file system: jar:file:/C:/Users/oeyig/.gradle/caches/modules-2/files-2.1/com.github.almasb/fxgl/17.3/614d2b2607c97fe7b539dfa75036066a8010f74b/fxgl-17.3.jar!/fxglassets/textures/particles/trace_horizontal.png
16:10:12.428 [FXGL Background Thread 1 ] DEBUG GameApplicationServi - Application scenes initialized
16:10:12.446 [FXGL Background Thread 1 ] DEBUG SystemBundleService  - Loading FXGL system data
16:10:12.453 [FXGL Background Thread 1 ] DEBUG FileSystemAccess     - Reading from: C:\Users\oeyig\IdeaProjects\FlappyBirdClone\system\fxgl.bundle
16:10:12.466 [FXGL Background Thread 1 ] DEBUG SystemBundleService  - Bundle FXGL: {}
16:10:12.466 [FXGL Background Thread 1 ] DEBUG UpdaterService       - Checking for updates
16:10:12.472 [FXGL Background Thread 4 ] DEBUG FXGLApplication      - Loading fonts
16:10:12.474 [FXGL Background Thread 4 ] DEBUG FXGLAssetLoaderServi - Loading from file system: jar:file:/C:/Users/oeyig/.gradle/caches/modules-2/files-2.1/com.github.almasb/fxgl/17.3/614d2b2607c97fe7b539dfa75036066a8010f74b/fxgl-17.3.jar!/fxglassets/ui/fonts/VarelaRound-Regular.ttf
16:10:12.474 [FXGL Background Thread 1 ] DEBUG FXGLApplication      - Loading default localization
16:10:12.475 [FXGL Background Thread 1 ] DEBUG FXGLAssetLoaderServi - Loading from file system: jar:file:/C:/Users/oeyig/.gradle/caches/modules-2/files-2.1/com.github.almasb/fxgl/17.3/614d2b2607c97fe7b539dfa75036066a8010f74b/fxgl-17.3.jar!/fxglassets/languages/english.lang
16:10:12.521 [FXGL Background Thread 1 ] INFO  FXGLApplication      - FXGL initialization took: 0.600 sec
16:10:12.535 [JavaFX Application Thread] DEBUG Input                - Registered new binding: jump - Space
16:10:12.535 [JavaFX Application Thread] DEBUG Input                - Registered new binding: restart - N
16:10:12.537 [JavaFX Application Thread] DEBUG FXGLAssetLoaderServi - Loading from file system: jar:file:/C:/Users/oeyig/.gradle/caches/modules-2/files-2.1/com.github.almasb/fxgl/17.3/614d2b2607c97fe7b539dfa75036066a8010f74b/fxgl-17.3.jar!/fxglassets/textures/fxgl_icon.png
16:10:12.556 [FXGL Background Thread 4 ] DEBUG FXGLAssetLoaderServi - Loading from file system: jar:file:/C:/Users/oeyig/.gradle/caches/modules-2/files-2.1/com.github.almasb/fxgl/17.3/614d2b2607c97fe7b539dfa75036066a8010f74b/fxgl-17.3.jar!/fxglassets/ui/fonts/Abel-Regular.ttf
16:10:12.560 [FXGL Background Thread 4 ] DEBUG FXGLAssetLoaderServi - Loading from file system: jar:file:/C:/Users/oeyig/.gradle/caches/modules-2/files-2.1/com.github.almasb/fxgl/17.3/614d2b2607c97fe7b539dfa75036066a8010f74b/fxgl-17.3.jar!/fxglassets/ui/fonts/TerminalLandMono-Regular.otf
16:10:12.565 [FXGL Background Thread 4 ] DEBUG FXGLAssetLoaderServi - Loading from file system: jar:file:/C:/Users/oeyig/.gradle/caches/modules-2/files-2.1/com.github.almasb/fxgl/17.3/614d2b2607c97fe7b539dfa75036066a8010f74b/fxgl-17.3.jar!/fxglassets/ui/fonts/Courier-Prime.ttf
16:10:12.569 [JavaFX Application Thread] DEBUG FXGLAssetLoaderServi - Loading from file system: jar:file:/C:/Users/oeyig/.gradle/caches/modules-2/files-2.1/com.github.almasb/fxgl/17.3/614d2b2607c97fe7b539dfa75036066a8010f74b/fxgl-17.3.jar!/fxglassets/textures/fxgl_default_cursor.png
16:10:12.575 [JavaFX Application Thread] DEBUG Input                - Registered new binding: Screenshot - CTRL+8
16:10:12.576 [JavaFX Application Thread] DEBUG Input                - Registered new binding: System info dump - CTRL+9
16:10:12.577 [JavaFX Application Thread] DEBUG Input                - Registered new binding: Restart - CTRL+R
16:10:12.578 [JavaFX Application Thread] DEBUG Input                - Registered new binding: Toggle Debug Camera - CTRL+7
16:10:12.582 [JavaFX Application Thread] DEBUG LoopRunner           - Starting loop
16:10:12.583 [JavaFX Application Thread] DEBUG LoopRunner           - Initializing JavaFX AnimationTimerLoop
16:10:12.586 [JavaFX Application Thread] DEBUG GameApplicationServi - Starting new game
16:10:12.587 [JavaFX Application Thread] DEBUG Input                - Clearing active input actions
16:10:12.606 [JavaFX Application Thread] DEBUG GameApplicationServi - Removing overlay from FXGLStartupScene and adding to FXGLLoadingScene
16:10:12.607 [JavaFX Application Thread] DEBUG PrimaryStageWindow   - FXGLStartupScene -> FXGLLoadingScene
16:10:12.608 [JavaFX Application Thread] DEBUG GameApplicationServi - Clearing previous game
16:10:12.608 [JavaFX Application Thread] DEBUG GameScene            - Clearing game scene
16:10:12.608 [JavaFX Application Thread] DEBUG GameWorld            - Clearing game world
16:10:12.608 [JavaFX Application Thread] DEBUG PhysicsWorld         - Clearing physics world
16:10:12.611 [JavaFX Application Thread] DEBUG FXGLApplication      - Registering font factories with UI factory
16:10:12.611 [FXGL Background Thread 4 ] DEBUG FXGLApplication      - Initializing game
16:10:12.615 [FXGL Background Thread 4 ] DEBUG FXGLAssetLoaderServi - Loading from file system: file:/C:/Users/oeyig/IdeaProjects/FlappyBirdClone/build/resources/main/assets/textures/background.png
16:10:12.696 [FXGL Background Thread 4 ] DEBUG FXGLAssetLoaderServi - Loading from file system: file:/C:/Users/oeyig/IdeaProjects/FlappyBirdClone/build/resources/main/assets/textures/bird.png
16:10:12.729 [FXGL Background Thread 4 ] DEBUG FXGLAssetLoaderServi - Loading from file system: file:/C:/Users/oeyig/IdeaProjects/FlappyBirdClone/build/resources/main/assets/textures/numbers/0.png
16:10:12.731 [FXGL Background Thread 4 ] DEBUG FXGLAssetLoaderServi - Loading from file system: file:/C:/Users/oeyig/IdeaProjects/FlappyBirdClone/build/resources/main/assets/textures/numbers/1.png
16:10:12.733 [FXGL Background Thread 4 ] DEBUG FXGLAssetLoaderServi - Loading from file system: file:/C:/Users/oeyig/IdeaProjects/FlappyBirdClone/build/resources/main/assets/textures/numbers/2.png
16:10:12.735 [FXGL Background Thread 4 ] DEBUG FXGLAssetLoaderServi - Loading from file system: file:/C:/Users/oeyig/IdeaProjects/FlappyBirdClone/build/resources/main/assets/textures/numbers/3.png
16:10:12.737 [FXGL Background Thread 4 ] DEBUG FXGLAssetLoaderServi - Loading from file system: file:/C:/Users/oeyig/IdeaProjects/FlappyBirdClone/build/resources/main/assets/textures/numbers/4.png
16:10:12.739 [FXGL Background Thread 4 ] DEBUG FXGLAssetLoaderServi - Loading from file system: file:/C:/Users/oeyig/IdeaProjects/FlappyBirdClone/build/resources/main/assets/textures/numbers/5.png
16:10:12.740 [FXGL Background Thread 4 ] DEBUG FXGLAssetLoaderServi - Loading from file system: file:/C:/Users/oeyig/IdeaProjects/FlappyBirdClone/build/resources/main/assets/textures/numbers/6.png
16:10:12.742 [FXGL Background Thread 4 ] DEBUG FXGLAssetLoaderServi - Loading from file system: file:/C:/Users/oeyig/IdeaProjects/FlappyBirdClone/build/resources/main/assets/textures/numbers/7.png
16:10:12.743 [FXGL Background Thread 4 ] DEBUG FXGLAssetLoaderServi - Loading from file system: file:/C:/Users/oeyig/IdeaProjects/FlappyBirdClone/build/resources/main/assets/textures/numbers/8.png
16:10:12.746 [FXGL Background Thread 4 ] DEBUG FXGLAssetLoaderServi - Loading from file system: file:/C:/Users/oeyig/IdeaProjects/FlappyBirdClone/build/resources/main/assets/textures/numbers/9.png
16:10:12.753 [FXGL Background Thread 4 ] INFO  FXGLApplication      - Game initialization took: 0.141 sec
16:10:12.824 [JavaFX Application Thread] DEBUG Input                - Clearing active input actions
16:10:12.841 [JavaFX Application Thread] DEBUG GameApplicationServi - Removing overlay from FXGLLoadingScene and adding to GameScene
16:10:12.842 [JavaFX Application Thread] DEBUG PrimaryStageWindow   - FXGLLoadingScene -> GameScene
16:10:13.128 [FXGL Background Thread 2 ] INFO  UpdaterService       - Your current version:  17.3
16:10:13.129 [FXGL Background Thread 2 ] INFO  UpdaterService       - Latest stable version: 21.1
16:10:13.654 [JavaFX Application Thread] DEBUG FXGLAssetLoaderServi - Loading from file system: file:/C:/Users/oeyig/IdeaProjects/FlappyBirdClone/build/resources/main/assets/ui/gameoverScreen.fxml
16:10:13.715 [JavaFX Application Thread] DEBUG FXGLAssetLoaderServi - Loading from file system: file:/C:/Users/oeyig/IdeaProjects/FlappyBirdClone/build/resources/main/assets/ui/fonts/PixelFont.ttf
16:10:15.471 [FXGL Background Thread 3 ] DEBUG Engine               - Logging environment variables
16:10:15.472 [FXGL Background Thread 3 ] DEBUG Engine               - achievements: []
16:10:15.472 [FXGL Background Thread 3 ] DEBUG Engine               - actualHeight: 512.0
16:10:15.472 [FXGL Background Thread 3 ] DEBUG Engine               - actualHeightProperty: ReadOnlyDoubleProperty [value: 512.0]
16:10:15.472 [FXGL Background Thread 3 ] DEBUG Engine               - actualWidth: 512.0
16:10:15.472 [FXGL Background Thread 3 ] DEBUG Engine               - actualWidthProperty: ReadOnlyDoubleProperty [value: 512.0]
16:10:15.473 [FXGL Background Thread 3 ] DEBUG Engine               - appIcon: fxgl_icon.png
16:10:15.473 [FXGL Background Thread 3 ] DEBUG Engine               - applicationMode: DEVELOPER
16:10:15.473 [FXGL Background Thread 3 ] DEBUG Engine               - cSSList: [fxgl_dark.css]
16:10:15.473 [FXGL Background Thread 3 ] DEBUG Engine               - collisionDetectionStrategy: BRUTE_FORCE
16:10:15.473 [FXGL Background Thread 3 ] DEBUG Engine               - configClass: Optional.empty
16:10:15.473 [FXGL Background Thread 3 ] DEBUG Engine               - credits: []
16:10:15.476 [FXGL Background Thread 3 ] DEBUG Engine               - defaultCursor: CursorInfo(imageName=fxgl_default_cursor.png, hotspotX=7.0, hotspotY=6.0)
16:10:15.476 [FXGL Background Thread 3 ] DEBUG Engine               - devBBoxColorProperty: ObjectProperty [value: 0xff0000ff]
16:10:15.476 [FXGL Background Thread 3 ] DEBUG Engine               - devEnableDebugCameraProperty: BooleanProperty [value: false]
16:10:15.476 [FXGL Background Thread 3 ] DEBUG Engine               - devSensorColorProperty: ObjectProperty [value: 0xffff00ff]
16:10:15.476 [FXGL Background Thread 3 ] DEBUG Engine               - devShowBBoxProperty: BooleanProperty [value: false]
16:10:15.477 [FXGL Background Thread 3 ] DEBUG Engine               - devShowPositionProperty: BooleanProperty [value: false]
16:10:15.477 [FXGL Background Thread 3 ] DEBUG Engine               - enabledMenuItems: []
16:10:15.477 [FXGL Background Thread 3 ] DEBUG Engine               - engineServices: [class com.almasb.fxgl.app.services.FXGLAssetLoaderService, class com.almasb.fxgl.app.FXGLApplication$GameApplicationService, class com.almasb.fxgl.app.services.FXGLDialogService, class com.almasb.fxgl.app.services.IOTaskExecutorService, class com.almasb.fxgl.io.FileSystemService, class com.almasb.fxgl.localization.LocalizationService, class com.almasb.fxgl.app.services.SystemBundleService, class com.almasb.fxgl.profile.SaveLoadService, class com.almasb.fxgl.ui.FXGLUIFactoryServiceProvider, class com.almasb.fxgl.ui.FXGLDialogFactoryServiceProvider, class com.almasb.fxgl.audio.AudioPlayer, class com.almasb.fxgl.notification.impl.NotificationServiceProvider, class com.almasb.fxgl.achievement.AchievementService, class com.almasb.fxgl.cutscene.CutsceneService, class com.almasb.fxgl.minigames.MiniGameService, class com.almasb.fxgl.net.NetService, class com.almasb.fxgl.app.services.UpdaterService, class com.almasb.fxgl.dev.DevService]
16:10:15.477 [FXGL Background Thread 3 ] DEBUG Engine               - fontGame: Abel-Regular.ttf
16:10:15.477 [FXGL Background Thread 3 ] DEBUG Engine               - fontMono: TerminalLandMono-Regular.otf
16:10:15.477 [FXGL Background Thread 3 ] DEBUG Engine               - fontSizeScaleUI: 1.0
16:10:15.477 [FXGL Background Thread 3 ] DEBUG Engine               - fontText: Courier-Prime.ttf
16:10:15.477 [FXGL Background Thread 3 ] DEBUG Engine               - fontUI: VarelaRound-Regular.ttf
16:10:15.477 [FXGL Background Thread 3 ] DEBUG Engine               - fullScreen: BooleanProperty [value: false]
16:10:15.478 [FXGL Background Thread 3 ] DEBUG Engine               - gameDifficulty: MEDIUM
16:10:15.478 [FXGL Background Thread 3 ] DEBUG Engine               - gameDifficultyProperty: ObjectProperty [value: MEDIUM]
16:10:15.478 [FXGL Background Thread 3 ] DEBUG Engine               - globalMusicVolume: 0.5
16:10:15.478 [FXGL Background Thread 3 ] DEBUG Engine               - globalMusicVolumeProperty: DoubleProperty [value: 0.5]
16:10:15.478 [FXGL Background Thread 3 ] DEBUG Engine               - globalSoundVolume: 0.5
16:10:15.478 [FXGL Background Thread 3 ] DEBUG Engine               - globalSoundVolumeProperty: DoubleProperty [value: 0.5]
16:10:15.478 [FXGL Background Thread 3 ] DEBUG Engine               - height: 512
16:10:15.479 [FXGL Background Thread 3 ] DEBUG Engine               - is3D: false
16:10:15.479 [FXGL Background Thread 3 ] DEBUG Engine               - isAndroid: false
16:10:15.479 [FXGL Background Thread 3 ] DEBUG Engine               - isBrowser: false
16:10:15.479 [FXGL Background Thread 3 ] DEBUG Engine               - isClickFeedbackEnabled: false
16:10:15.479 [FXGL Background Thread 3 ] DEBUG Engine               - isCloseConfirmation: false
16:10:15.479 [FXGL Background Thread 3 ] DEBUG Engine               - isDesktop: true
16:10:15.479 [FXGL Background Thread 3 ] DEBUG Engine               - isDeveloperMenuEnabled: false
16:10:15.480 [FXGL Background Thread 3 ] DEBUG Engine               - isEmbedded: false
16:10:15.480 [FXGL Background Thread 3 ] DEBUG Engine               - isEntityPreloadEnabled: true
16:10:15.480 [FXGL Background Thread 3 ] DEBUG Engine               - isExperimentalTiledLargeMap: false
16:10:15.481 [FXGL Background Thread 3 ] DEBUG Engine               - isFileSystemWriteAllowed: true
16:10:15.481 [FXGL Background Thread 3 ] DEBUG Engine               - isFullScreenAllowed: false
16:10:15.481 [FXGL Background Thread 3 ] DEBUG Engine               - isFullScreenFromStart: false
16:10:15.481 [FXGL Background Thread 3 ] DEBUG Engine               - isGameMenuEnabled: true
16:10:15.481 [FXGL Background Thread 3 ] DEBUG Engine               - isIOS: false
16:10:15.481 [FXGL Background Thread 3 ] DEBUG Engine               - isIntroEnabled: false
16:10:15.481 [FXGL Background Thread 3 ] DEBUG Engine               - isLinux: false
16:10:15.481 [FXGL Background Thread 3 ] DEBUG Engine               - isMac: false
16:10:15.481 [FXGL Background Thread 3 ] DEBUG Engine               - isMainMenuEnabled: false
16:10:15.481 [FXGL Background Thread 3 ] DEBUG Engine               - isManualResizeEnabled: false
16:10:15.481 [FXGL Background Thread 3 ] DEBUG Engine               - isMobile: false
16:10:15.482 [FXGL Background Thread 3 ] DEBUG Engine               - isNative: false
16:10:15.482 [FXGL Background Thread 3 ] DEBUG Engine               - isPauseMusicWhenMinimized: true
16:10:15.482 [FXGL Background Thread 3 ] DEBUG Engine               - isPreserveResizeRatio: false
16:10:15.482 [FXGL Background Thread 3 ] DEBUG Engine               - isProfilingEnabled: false
16:10:15.482 [FXGL Background Thread 3 ] DEBUG Engine               - isScaleAffectedOnResize: true
16:10:15.482 [FXGL Background Thread 3 ] DEBUG Engine               - isSingleStep: false
16:10:15.482 [FXGL Background Thread 3 ] DEBUG Engine               - isUserProfileEnabled: false
16:10:15.482 [FXGL Background Thread 3 ] DEBUG Engine               - isWindows: true
16:10:15.482 [FXGL Background Thread 3 ] DEBUG Engine               - language: ObjectProperty [value: ENGLISH]
16:10:15.482 [FXGL Background Thread 3 ] DEBUG Engine               - menuKey: ESCAPE
16:10:15.482 [FXGL Background Thread 3 ] DEBUG Engine               - mouseSensitivity: 0.2
16:10:15.483 [FXGL Background Thread 3 ] DEBUG Engine               - notificationViewClass: class com.almasb.fxgl.notification.view.XboxNotificationView
16:10:15.483 [FXGL Background Thread 3 ] DEBUG Engine               - pixelsPerMeter: 50.0
16:10:15.483 [FXGL Background Thread 3 ] DEBUG Engine               - platform: WINDOWS
16:10:15.483 [FXGL Background Thread 3 ] DEBUG Engine               - prefHeightProperty: ReadOnlyDoubleProperty [value: 512.0]
16:10:15.483 [FXGL Background Thread 3 ] DEBUG Engine               - prefWidthProperty: ReadOnlyDoubleProperty [value: 512.0]
16:10:15.483 [FXGL Background Thread 3 ] DEBUG Engine               - profileDir: profiles/
16:10:15.483 [FXGL Background Thread 3 ] DEBUG Engine               - profileName: StringProperty [value: DEFAULT]
16:10:15.483 [FXGL Background Thread 3 ] DEBUG Engine               - randomSeed: -1
16:10:15.484 [FXGL Background Thread 3 ] DEBUG Engine               - runtimeInfo: RuntimeInfo(platform=WINDOWS, version=17.3, build=30.03.2023 11.49)
16:10:15.484 [FXGL Background Thread 3 ] DEBUG Engine               - saveFileExt: sav
16:10:15.484 [FXGL Background Thread 3 ] DEBUG Engine               - scaledHeightProp$fxgl: DoubleProperty [bound, value: 512.0]
16:10:15.484 [FXGL Background Thread 3 ] DEBUG Engine               - scaledWidthProp$fxgl: DoubleProperty [bound, value: 512.0]
16:10:15.484 [FXGL Background Thread 3 ] DEBUG Engine               - sceneFactory: com.almasb.fxgl.app.scene.SceneFactory@20f00543
16:10:15.484 [FXGL Background Thread 3 ] DEBUG Engine               - secondsIn24h: 60
16:10:15.484 [FXGL Background Thread 3 ] DEBUG Engine               - soundMenuBack: menu/back.wav
16:10:15.484 [FXGL Background Thread 3 ] DEBUG Engine               - soundMenuPress: menu/press.wav
16:10:15.484 [FXGL Background Thread 3 ] DEBUG Engine               - soundMenuSelect: menu/select.wav
16:10:15.484 [FXGL Background Thread 3 ] DEBUG Engine               - soundNotification: core/notification.wav
16:10:15.484 [FXGL Background Thread 3 ] DEBUG Engine               - stageStyle: DECORATED
16:10:15.484 [FXGL Background Thread 3 ] DEBUG Engine               - supportedLanguages: [ENGLISH, FRENCH, GERMAN, HUNGARIAN, RUSSIAN]
16:10:15.484 [FXGL Background Thread 3 ] DEBUG Engine               - ticksPerSecond: -1
16:10:15.484 [FXGL Background Thread 3 ] DEBUG Engine               - title: Flappy Bird
16:10:15.484 [FXGL Background Thread 3 ] DEBUG Engine               - urlGithub: https://github.com/AlmasB/FXGL
16:10:15.484 [FXGL Background Thread 3 ] DEBUG Engine               - urlLeaderboard: http://fxgl-top.herokuapp.com/
16:10:15.484 [FXGL Background Thread 3 ] DEBUG Engine               - urlPOM: https://raw.githubusercontent.com/AlmasB/FXGL/release/README.md
16:10:15.484 [FXGL Background Thread 3 ] DEBUG Engine               - userAppClass: class ignatiusoey09.flappybirdclone.FlappyApplication
16:10:15.484 [FXGL Background Thread 3 ] DEBUG Engine               - version: 0.0
16:10:15.485 [FXGL Background Thread 3 ] DEBUG Engine               - versionCheckDays: 7
16:10:15.485 [FXGL Background Thread 3 ] DEBUG Engine               - width: 512
16:10:15.485 [FXGL Background Thread 3 ] DEBUG Engine               - Logging services
16:10:15.485 [FXGL Background Thread 3 ] DEBUG Engine               - class com.almasb.fxgl.app.services.FXGLAssetLoaderService
16:10:15.485 [FXGL Background Thread 3 ] DEBUG Engine               - class com.almasb.fxgl.app.FXGLApplication$GameApplicationService
16:10:15.485 [FXGL Background Thread 3 ] DEBUG Engine               - class com.almasb.fxgl.app.services.FXGLDialogService
16:10:15.485 [FXGL Background Thread 3 ] DEBUG Engine               - class com.almasb.fxgl.app.services.IOTaskExecutorService
16:10:15.485 [FXGL Background Thread 3 ] DEBUG Engine               - class com.almasb.fxgl.io.FileSystemService
16:10:15.485 [FXGL Background Thread 3 ] DEBUG Engine               - class com.almasb.fxgl.localization.LocalizationService
16:10:15.485 [FXGL Background Thread 3 ] DEBUG Engine               - class com.almasb.fxgl.app.services.SystemBundleService
16:10:15.485 [FXGL Background Thread 3 ] DEBUG Engine               - class com.almasb.fxgl.profile.SaveLoadService
16:10:15.485 [FXGL Background Thread 3 ] DEBUG Engine               - class com.almasb.fxgl.ui.FXGLUIFactoryServiceProvider
16:10:15.485 [FXGL Background Thread 3 ] DEBUG Engine               - class com.almasb.fxgl.ui.FXGLDialogFactoryServiceProvider
16:10:15.485 [FXGL Background Thread 3 ] DEBUG Engine               - class com.almasb.fxgl.audio.AudioPlayer
16:10:15.485 [FXGL Background Thread 3 ] DEBUG Engine               - class com.almasb.fxgl.notification.impl.NotificationServiceProvider
16:10:15.485 [FXGL Background Thread 3 ] DEBUG Engine               - class com.almasb.fxgl.achievement.AchievementService
16:10:15.485 [FXGL Background Thread 3 ] DEBUG Engine               - class com.almasb.fxgl.cutscene.CutsceneService
16:10:15.485 [FXGL Background Thread 3 ] DEBUG Engine               - class com.almasb.fxgl.minigames.MiniGameService
16:10:15.485 [FXGL Background Thread 3 ] DEBUG Engine               - class com.almasb.fxgl.net.NetService
16:10:15.485 [FXGL Background Thread 3 ] DEBUG Engine               - class com.almasb.fxgl.app.services.UpdaterService
16:10:15.485 [FXGL Background Thread 3 ] DEBUG Engine               - class com.almasb.fxgl.dev.DevService
16:10:16.555 [JavaFX Application Thread] DEBUG FXGLApplication      - Exiting FXGL
16:10:16.555 [JavaFX Application Thread] DEBUG LoopRunner           - Stopping loop
16:10:16.555 [JavaFX Application Thread] DEBUG SystemBundleService  - Saving FXGL system data
16:10:16.557 [JavaFX Application Thread] DEBUG FileSystemAccess     - Writing to: C:\Users\oeyig\IdeaProjects\FlappyBirdClone\system\fxgl.bundle
16:10:16.559 [JavaFX Application Thread] DEBUG Async                - Shutting down background threads
16:10:16.559 [JavaFX Application Thread] DEBUG PrimaryStageWindow   - Closing main window
16:10:16.586 [JavaFX Application Thread] DEBUG Logger               - Closing Logger
