21:58:41.768 [main                     ] DEBUG Logger               - Configured Logger
21:58:41.815 [main                     ] DEBUG GameApplication      - Logging settings
Title: Flappy Bird
Version: 0.0
Width: 700
Height: 600
Fullscreen: false
Intro: false
Profiling: false
Single step:false
App Mode: DEVELOPER
Menu Key: ESCAPE
Stage Style: DECORATED
Scene Factory: class com.almasb.fxgl.app.scene.SceneFactory

21:58:42.257 [JavaFX Application Thread] DEBUG FXGLApplication      - Initializing FXGL
21:58:42.264 [JavaFX Application Thread] INFO  Engine               - FXGL-17.3 (30.03.2023 11.49) on WINDOWS (J:17.0.12 FX:17.0.6)
21:58:42.265 [JavaFX Application Thread] DEBUG Engine               - JRE Vendor Name: Oracle Corporation
21:58:42.265 [JavaFX Application Thread] DEBUG Engine               - Running on OS: Windows 11 version 10.0
21:58:42.265 [JavaFX Application Thread] DEBUG Engine               - Architecture: amd64
21:58:42.266 [JavaFX Application Thread] INFO  Engine               - Source code and latest versions at: https://github.com/AlmasB/FXGL
21:58:42.266 [JavaFX Application Thread] INFO  Engine               -       Ask questions and discuss at: https://github.com/AlmasB/FXGL/discussions
21:58:42.266 [JavaFX Application Thread] INFO  Engine               -              Join the FXGL chat at: https://gitter.im/AlmasB/FXGL
21:58:42.368 [JavaFX Application Thread] DEBUG PrimaryStageWindow   - Creating a JavaFX scene
21:58:42.426 [JavaFX Application Thread] DEBUG PrimaryStageWindow   - Target settings size: 700.0 x 600.0
21:58:42.426 [JavaFX Application Thread] DEBUG PrimaryStageWindow   - Scaled scene size:    700.0 x 600.0
21:58:42.427 [JavaFX Application Thread] DEBUG PrimaryStageWindow   - Scaled ratio: (1.0, 1.0)
21:58:42.427 [JavaFX Application Thread] DEBUG PrimaryStageWindow   - Set initial scene to FXGLStartupScene
21:58:42.438 [JavaFX Application Thread] DEBUG PrimaryStageWindow   - Opening main window
21:58:42.559 [JavaFX Application Thread] DEBUG PrimaryStageWindow   - Window border size: (14.66668701171875, 37.33331298828125)
21:58:42.559 [JavaFX Application Thread] DEBUG PrimaryStageWindow   - Scaled size: 700.0 x 600.0
21:58:42.559 [JavaFX Application Thread] DEBUG PrimaryStageWindow   - Scaled ratio: (1.0, 1.0)
21:58:42.560 [JavaFX Application Thread] DEBUG PrimaryStageWindow   - Scene size: 700.0 x 600.0
21:58:42.560 [JavaFX Application Thread] DEBUG PrimaryStageWindow   - Stage size: 714.6666870117188 x 637.3333129882812
21:58:42.570 [FXGL Background Thread 1 ] DEBUG Engine               - Initializing environment variables
21:58:42.616 [FXGL Background Thread 1 ] DEBUG FXGLAssetLoaderServi - User app class for loading assets: class ignatiusoey09.flappybirdclone.FlappyApplication
21:58:42.616 [FXGL Background Thread 1 ] DEBUG GameApplicationServi - Applying CSS: fxgl_dark.css
21:58:42.617 [FXGL Background Thread 1 ] DEBUG FXGLAssetLoaderServi - Loading from file system: jar:file:///C:/Users/oeyig/.gradle/caches/modules-2/files-2.1/com.github.almasb/fxgl/17.3/614d2b2607c97fe7b539dfa75036066a8010f74b/fxgl-17.3.jar!/fxglassets/ui/css/fxgl_dark.css
21:58:42.674 [FXGL Background Thread 1 ] DEBUG GameApplicationServi - Initializing application scenes
21:58:42.739 [FXGL Background Thread 1 ] DEBUG GameWorld            - Game world initialized
21:58:42.802 [FXGL Background Thread 1 ] DEBUG PhysicsWorld         - Physics world initialized: appHeight=600, physics.ppm=50.0
21:58:42.802 [FXGL Background Thread 1 ] DEBUG PhysicsWorld         - Using strategy: BRUTE_FORCE
21:58:42.807 [FXGL Background Thread 1 ] DEBUG GameScene            - Game scene initialized: 700x600
21:58:42.824 [FXGL Background Thread 1 ] WARN  FXGL.DefaultMenu     - FXGLDefaultMenu is not designed for resolutions < 800x600
21:58:42.825 [FXGL Background Thread 1 ] DEBUG FXGL.DefaultMenu     - createMenuBodyGameMenu()
21:58:42.844 [FXGL Background Thread 1 ] DEBUG FXGL.DefaultMenu     - createOptionsMenu()
21:58:42.858 [FXGL Background Thread 1 ] DEBUG FXGLAssetLoaderServi - Loading from file system: jar:file:///C:/Users/oeyig/.gradle/caches/modules-2/files-2.1/com.github.almasb/fxgl/17.3/614d2b2607c97fe7b539dfa75036066a8010f74b/fxgl-17.3.jar!/fxglassets/textures/particles/smoke.png
21:58:42.984 [FXGL Background Thread 1 ] DEBUG FXGLAssetLoaderServi - Loading from file system: jar:file:///C:/Users/oeyig/.gradle/caches/modules-2/files-2.1/com.github.almasb/fxgl/17.3/614d2b2607c97fe7b539dfa75036066a8010f74b/fxgl-17.3.jar!/fxglassets/textures/particles/trace_horizontal.png
21:58:43.021 [FXGL Background Thread 1 ] DEBUG GameApplicationServi - Application scenes initialized
21:58:43.038 [FXGL Background Thread 1 ] DEBUG SystemBundleService  - Loading FXGL system data
21:58:43.045 [FXGL Background Thread 1 ] DEBUG FileSystemAccess     - Reading from: C:\Users\oeyig\IdeaProjects\FlappyBirdClone\system\fxgl.bundle
21:58:43.056 [FXGL Background Thread 1 ] DEBUG SystemBundleService  - Bundle FXGL: {}
21:58:43.056 [FXGL Background Thread 1 ] DEBUG UpdaterService       - Checking for updates
21:58:43.061 [FXGL Background Thread 4 ] DEBUG FXGLApplication      - Loading fonts
21:58:43.062 [FXGL Background Thread 4 ] DEBUG FXGLAssetLoaderServi - Loading from file system: jar:file:///C:/Users/oeyig/.gradle/caches/modules-2/files-2.1/com.github.almasb/fxgl/17.3/614d2b2607c97fe7b539dfa75036066a8010f74b/fxgl-17.3.jar!/fxglassets/ui/fonts/VarelaRound-Regular.ttf
21:58:43.062 [FXGL Background Thread 1 ] DEBUG FXGLApplication      - Loading default localization
21:58:43.063 [FXGL Background Thread 1 ] DEBUG FXGLAssetLoaderServi - Loading from file system: jar:file:///C:/Users/oeyig/.gradle/caches/modules-2/files-2.1/com.github.almasb/fxgl/17.3/614d2b2607c97fe7b539dfa75036066a8010f74b/fxgl-17.3.jar!/fxglassets/languages/english.lang
21:58:43.091 [FXGL Background Thread 1 ] INFO  FXGLApplication      - FXGL initialization took: 0.521 sec
21:58:43.111 [JavaFX Application Thread] DEBUG Input                - Registered new binding: jump - Space
21:58:43.111 [JavaFX Application Thread] DEBUG FXGLAssetLoaderServi - Loading from file system: jar:file:///C:/Users/oeyig/.gradle/caches/modules-2/files-2.1/com.github.almasb/fxgl/17.3/614d2b2607c97fe7b539dfa75036066a8010f74b/fxgl-17.3.jar!/fxglassets/textures/fxgl_icon.png
21:58:43.144 [JavaFX Application Thread] DEBUG FXGLAssetLoaderServi - Loading from file system: jar:file:///C:/Users/oeyig/.gradle/caches/modules-2/files-2.1/com.github.almasb/fxgl/17.3/614d2b2607c97fe7b539dfa75036066a8010f74b/fxgl-17.3.jar!/fxglassets/textures/fxgl_default_cursor.png
21:58:43.148 [JavaFX Application Thread] DEBUG Input                - Registered new binding: Screenshot - CTRL+8
21:58:43.150 [JavaFX Application Thread] DEBUG Input                - Registered new binding: System info dump - CTRL+9
21:58:43.151 [JavaFX Application Thread] DEBUG Input                - Registered new binding: Restart - CTRL+R
21:58:43.154 [JavaFX Application Thread] DEBUG Input                - Registered new binding: Toggle Debug Camera - CTRL+7
21:58:43.155 [FXGL Background Thread 4 ] DEBUG FXGLAssetLoaderServi - Loading from file system: jar:file:///C:/Users/oeyig/.gradle/caches/modules-2/files-2.1/com.github.almasb/fxgl/17.3/614d2b2607c97fe7b539dfa75036066a8010f74b/fxgl-17.3.jar!/fxglassets/ui/fonts/Abel-Regular.ttf
21:58:43.160 [FXGL Background Thread 4 ] DEBUG FXGLAssetLoaderServi - Loading from file system: jar:file:///C:/Users/oeyig/.gradle/caches/modules-2/files-2.1/com.github.almasb/fxgl/17.3/614d2b2607c97fe7b539dfa75036066a8010f74b/fxgl-17.3.jar!/fxglassets/ui/fonts/TerminalLandMono-Regular.otf
21:58:43.165 [JavaFX Application Thread] DEBUG LoopRunner           - Starting loop
21:58:43.165 [FXGL Background Thread 4 ] DEBUG FXGLAssetLoaderServi - Loading from file system: jar:file:///C:/Users/oeyig/.gradle/caches/modules-2/files-2.1/com.github.almasb/fxgl/17.3/614d2b2607c97fe7b539dfa75036066a8010f74b/fxgl-17.3.jar!/fxglassets/ui/fonts/Courier-Prime.ttf
21:58:43.165 [JavaFX Application Thread] DEBUG LoopRunner           - Initializing JavaFX AnimationTimerLoop
21:58:43.170 [JavaFX Application Thread] DEBUG GameApplicationServi - Starting new game
21:58:43.171 [JavaFX Application Thread] DEBUG Input                - Clearing active input actions
21:58:43.190 [JavaFX Application Thread] DEBUG GameApplicationServi - Removing overlay from FXGLStartupScene and adding to FXGLLoadingScene
21:58:43.190 [JavaFX Application Thread] DEBUG PrimaryStageWindow   - FXGLStartupScene -> FXGLLoadingScene
21:58:43.190 [JavaFX Application Thread] DEBUG GameApplicationServi - Clearing previous game
21:58:43.190 [JavaFX Application Thread] DEBUG GameScene            - Clearing game scene
21:58:43.191 [JavaFX Application Thread] DEBUG GameWorld            - Clearing game world
21:58:43.191 [JavaFX Application Thread] DEBUG PhysicsWorld         - Clearing physics world
21:58:43.195 [FXGL Background Thread 4 ] DEBUG FXGLApplication      - Initializing game
21:58:43.276 [JavaFX Application Thread] DEBUG FXGLApplication      - Registering font factories with UI factory
21:58:43.291 [FXGL Background Thread 4 ] INFO  FXGLApplication      - Game initialization took: 0.096 sec
21:58:43.397 [JavaFX Application Thread] DEBUG Input                - Clearing active input actions
21:58:43.415 [JavaFX Application Thread] DEBUG GameApplicationServi - Removing overlay from FXGLLoadingScene and adding to GameScene
21:58:43.416 [JavaFX Application Thread] DEBUG PrimaryStageWindow   - FXGLLoadingScene -> GameScene
21:58:43.446 [FXGL Background Thread 2 ] WARN  UpdaterService       - Failed to find updates: java.net.UnknownHostException: raw.githubusercontent.com
21:58:46.061 [FXGL Background Thread 3 ] DEBUG Engine               - Logging environment variables
21:58:46.063 [FXGL Background Thread 3 ] DEBUG Engine               - achievements: []
21:58:46.063 [FXGL Background Thread 3 ] DEBUG Engine               - actualHeight: 600.0
21:58:46.063 [FXGL Background Thread 3 ] DEBUG Engine               - actualHeightProperty: ReadOnlyDoubleProperty [value: 600.0]
21:58:46.063 [FXGL Background Thread 3 ] DEBUG Engine               - actualWidth: 700.0
21:58:46.064 [FXGL Background Thread 3 ] DEBUG Engine               - actualWidthProperty: ReadOnlyDoubleProperty [value: 700.0]
21:58:46.064 [FXGL Background Thread 3 ] DEBUG Engine               - appIcon: fxgl_icon.png
21:58:46.064 [FXGL Background Thread 3 ] DEBUG Engine               - applicationMode: DEVELOPER
21:58:46.064 [FXGL Background Thread 3 ] DEBUG Engine               - cSSList: [fxgl_dark.css]
21:58:46.064 [FXGL Background Thread 3 ] DEBUG Engine               - collisionDetectionStrategy: BRUTE_FORCE
21:58:46.065 [FXGL Background Thread 3 ] DEBUG Engine               - configClass: Optional.empty
21:58:46.065 [FXGL Background Thread 3 ] DEBUG Engine               - credits: []
21:58:46.065 [FXGL Background Thread 3 ] DEBUG Engine               - defaultCursor: CursorInfo(imageName=fxgl_default_cursor.png, hotspotX=7.0, hotspotY=6.0)
21:58:46.066 [FXGL Background Thread 3 ] DEBUG Engine               - devBBoxColorProperty: ObjectProperty [value: 0xff0000ff]
21:58:46.068 [FXGL Background Thread 3 ] DEBUG Engine               - devEnableDebugCameraProperty: BooleanProperty [value: false]
21:58:46.068 [FXGL Background Thread 3 ] DEBUG Engine               - devSensorColorProperty: ObjectProperty [value: 0xffff00ff]
21:58:46.068 [FXGL Background Thread 3 ] DEBUG Engine               - devShowBBoxProperty: BooleanProperty [value: false]
21:58:46.068 [FXGL Background Thread 3 ] DEBUG Engine               - devShowPositionProperty: BooleanProperty [value: false]
21:58:46.069 [FXGL Background Thread 3 ] DEBUG Engine               - enabledMenuItems: []
21:58:46.069 [FXGL Background Thread 3 ] DEBUG Engine               - engineServices: [class com.almasb.fxgl.app.services.FXGLAssetLoaderService, class com.almasb.fxgl.app.FXGLApplication$GameApplicationService, class com.almasb.fxgl.app.services.FXGLDialogService, class com.almasb.fxgl.app.services.IOTaskExecutorService, class com.almasb.fxgl.io.FileSystemService, class com.almasb.fxgl.localization.LocalizationService, class com.almasb.fxgl.app.services.SystemBundleService, class com.almasb.fxgl.profile.SaveLoadService, class com.almasb.fxgl.ui.FXGLUIFactoryServiceProvider, class com.almasb.fxgl.ui.FXGLDialogFactoryServiceProvider, class com.almasb.fxgl.audio.AudioPlayer, class com.almasb.fxgl.notification.impl.NotificationServiceProvider, class com.almasb.fxgl.achievement.AchievementService, class com.almasb.fxgl.cutscene.CutsceneService, class com.almasb.fxgl.minigames.MiniGameService, class com.almasb.fxgl.net.NetService, class com.almasb.fxgl.app.services.UpdaterService, class com.almasb.fxgl.dev.DevService]
21:58:46.069 [FXGL Background Thread 3 ] DEBUG Engine               - fontGame: Abel-Regular.ttf
21:58:46.069 [FXGL Background Thread 3 ] DEBUG Engine               - fontMono: TerminalLandMono-Regular.otf
21:58:46.069 [FXGL Background Thread 3 ] DEBUG Engine               - fontSizeScaleUI: 1.0
21:58:46.069 [FXGL Background Thread 3 ] DEBUG Engine               - fontText: Courier-Prime.ttf
21:58:46.069 [FXGL Background Thread 3 ] DEBUG Engine               - fontUI: VarelaRound-Regular.ttf
21:58:46.069 [FXGL Background Thread 3 ] DEBUG Engine               - fullScreen: BooleanProperty [value: false]
21:58:46.069 [FXGL Background Thread 3 ] DEBUG Engine               - gameDifficulty: MEDIUM
21:58:46.069 [FXGL Background Thread 3 ] DEBUG Engine               - gameDifficultyProperty: ObjectProperty [value: MEDIUM]
21:58:46.069 [FXGL Background Thread 3 ] DEBUG Engine               - globalMusicVolume: 0.5
21:58:46.069 [FXGL Background Thread 3 ] DEBUG Engine               - globalMusicVolumeProperty: DoubleProperty [value: 0.5]
21:58:46.070 [FXGL Background Thread 3 ] DEBUG Engine               - globalSoundVolume: 0.5
21:58:46.070 [FXGL Background Thread 3 ] DEBUG Engine               - globalSoundVolumeProperty: DoubleProperty [value: 0.5]
21:58:46.070 [FXGL Background Thread 3 ] DEBUG Engine               - height: 600
21:58:46.070 [FXGL Background Thread 3 ] DEBUG Engine               - is3D: false
21:58:46.070 [FXGL Background Thread 3 ] DEBUG Engine               - isAndroid: false
21:58:46.071 [FXGL Background Thread 3 ] DEBUG Engine               - isBrowser: false
21:58:46.071 [FXGL Background Thread 3 ] DEBUG Engine               - isClickFeedbackEnabled: false
21:58:46.071 [FXGL Background Thread 3 ] DEBUG Engine               - isCloseConfirmation: false
21:58:46.071 [FXGL Background Thread 3 ] DEBUG Engine               - isDesktop: true
21:58:46.071 [FXGL Background Thread 3 ] DEBUG Engine               - isDeveloperMenuEnabled: false
21:58:46.071 [FXGL Background Thread 3 ] DEBUG Engine               - isEmbedded: false
21:58:46.071 [FXGL Background Thread 3 ] DEBUG Engine               - isEntityPreloadEnabled: true
21:58:46.071 [FXGL Background Thread 3 ] DEBUG Engine               - isExperimentalTiledLargeMap: false
21:58:46.072 [FXGL Background Thread 3 ] DEBUG Engine               - isFileSystemWriteAllowed: true
21:58:46.072 [FXGL Background Thread 3 ] DEBUG Engine               - isFullScreenAllowed: false
21:58:46.072 [FXGL Background Thread 3 ] DEBUG Engine               - isFullScreenFromStart: false
21:58:46.072 [FXGL Background Thread 3 ] DEBUG Engine               - isGameMenuEnabled: true
21:58:46.072 [FXGL Background Thread 3 ] DEBUG Engine               - isIOS: false
21:58:46.072 [FXGL Background Thread 3 ] DEBUG Engine               - isIntroEnabled: false
21:58:46.072 [FXGL Background Thread 3 ] DEBUG Engine               - isLinux: false
21:58:46.072 [FXGL Background Thread 3 ] DEBUG Engine               - isMac: false
21:58:46.072 [FXGL Background Thread 3 ] DEBUG Engine               - isMainMenuEnabled: false
21:58:46.072 [FXGL Background Thread 3 ] DEBUG Engine               - isManualResizeEnabled: false
21:58:46.072 [FXGL Background Thread 3 ] DEBUG Engine               - isMobile: false
21:58:46.072 [FXGL Background Thread 3 ] DEBUG Engine               - isNative: false
21:58:46.072 [FXGL Background Thread 3 ] DEBUG Engine               - isPauseMusicWhenMinimized: true
21:58:46.074 [FXGL Background Thread 3 ] DEBUG Engine               - isPreserveResizeRatio: false
21:58:46.075 [FXGL Background Thread 3 ] DEBUG Engine               - isProfilingEnabled: false
21:58:46.075 [FXGL Background Thread 3 ] DEBUG Engine               - isScaleAffectedOnResize: true
21:58:46.075 [FXGL Background Thread 3 ] DEBUG Engine               - isSingleStep: false
21:58:46.075 [FXGL Background Thread 3 ] DEBUG Engine               - isUserProfileEnabled: false
21:58:46.075 [FXGL Background Thread 3 ] DEBUG Engine               - isWindows: true
21:58:46.075 [FXGL Background Thread 3 ] DEBUG Engine               - language: ObjectProperty [value: ENGLISH]
21:58:46.075 [FXGL Background Thread 3 ] DEBUG Engine               - menuKey: ESCAPE
21:58:46.075 [FXGL Background Thread 3 ] DEBUG Engine               - mouseSensitivity: 0.2
21:58:46.075 [FXGL Background Thread 3 ] DEBUG Engine               - notificationViewClass: class com.almasb.fxgl.notification.view.XboxNotificationView
21:58:46.075 [FXGL Background Thread 3 ] DEBUG Engine               - pixelsPerMeter: 50.0
21:58:46.076 [FXGL Background Thread 3 ] DEBUG Engine               - platform: WINDOWS
21:58:46.076 [FXGL Background Thread 3 ] DEBUG Engine               - prefHeightProperty: ReadOnlyDoubleProperty [value: 600.0]
21:58:46.076 [FXGL Background Thread 3 ] DEBUG Engine               - prefWidthProperty: ReadOnlyDoubleProperty [value: 700.0]
21:58:46.076 [FXGL Background Thread 3 ] DEBUG Engine               - profileDir: profiles/
21:58:46.076 [FXGL Background Thread 3 ] DEBUG Engine               - profileName: StringProperty [value: DEFAULT]
21:58:46.076 [FXGL Background Thread 3 ] DEBUG Engine               - randomSeed: -1
21:58:46.076 [FXGL Background Thread 3 ] DEBUG Engine               - runtimeInfo: RuntimeInfo(platform=WINDOWS, version=17.3, build=30.03.2023 11.49)
21:58:46.076 [FXGL Background Thread 3 ] DEBUG Engine               - saveFileExt: sav
21:58:46.076 [FXGL Background Thread 3 ] DEBUG Engine               - scaledHeightProp$fxgl: DoubleProperty [bound, value: 600.0]
21:58:46.077 [FXGL Background Thread 3 ] DEBUG Engine               - scaledWidthProp$fxgl: DoubleProperty [bound, value: 700.0]
21:58:46.077 [FXGL Background Thread 3 ] DEBUG Engine               - sceneFactory: com.almasb.fxgl.app.scene.SceneFactory@6ecd44b1
21:58:46.077 [FXGL Background Thread 3 ] DEBUG Engine               - secondsIn24h: 60
21:58:46.077 [FXGL Background Thread 3 ] DEBUG Engine               - soundMenuBack: menu/back.wav
21:58:46.077 [FXGL Background Thread 3 ] DEBUG Engine               - soundMenuPress: menu/press.wav
21:58:46.077 [FXGL Background Thread 3 ] DEBUG Engine               - soundMenuSelect: menu/select.wav
21:58:46.077 [FXGL Background Thread 3 ] DEBUG Engine               - soundNotification: core/notification.wav
21:58:46.077 [FXGL Background Thread 3 ] DEBUG Engine               - stageStyle: DECORATED
21:58:46.077 [FXGL Background Thread 3 ] DEBUG Engine               - supportedLanguages: [ENGLISH, FRENCH, GERMAN, HUNGARIAN, RUSSIAN]
21:58:46.077 [FXGL Background Thread 3 ] DEBUG Engine               - ticksPerSecond: -1
21:58:46.077 [FXGL Background Thread 3 ] DEBUG Engine               - title: Flappy Bird
21:58:46.077 [FXGL Background Thread 3 ] DEBUG Engine               - urlGithub: https://github.com/AlmasB/FXGL
21:58:46.077 [FXGL Background Thread 3 ] DEBUG Engine               - urlLeaderboard: http://fxgl-top.herokuapp.com/
21:58:46.077 [FXGL Background Thread 3 ] DEBUG Engine               - urlPOM: https://raw.githubusercontent.com/AlmasB/FXGL/release/README.md
21:58:46.077 [FXGL Background Thread 3 ] DEBUG Engine               - userAppClass: class ignatiusoey09.flappybirdclone.FlappyApplication
21:58:46.077 [FXGL Background Thread 3 ] DEBUG Engine               - version: 0.0
21:58:46.077 [FXGL Background Thread 3 ] DEBUG Engine               - versionCheckDays: 7
21:58:46.077 [FXGL Background Thread 3 ] DEBUG Engine               - width: 700
21:58:46.077 [FXGL Background Thread 3 ] DEBUG Engine               - Logging services
21:58:46.077 [FXGL Background Thread 3 ] DEBUG Engine               - class com.almasb.fxgl.app.services.FXGLAssetLoaderService
21:58:46.077 [FXGL Background Thread 3 ] DEBUG Engine               - class com.almasb.fxgl.app.FXGLApplication$GameApplicationService
21:58:46.077 [FXGL Background Thread 3 ] DEBUG Engine               - class com.almasb.fxgl.app.services.FXGLDialogService
21:58:46.077 [FXGL Background Thread 3 ] DEBUG Engine               - class com.almasb.fxgl.app.services.IOTaskExecutorService
21:58:46.077 [FXGL Background Thread 3 ] DEBUG Engine               - class com.almasb.fxgl.io.FileSystemService
21:58:46.077 [FXGL Background Thread 3 ] DEBUG Engine               - class com.almasb.fxgl.localization.LocalizationService
21:58:46.077 [FXGL Background Thread 3 ] DEBUG Engine               - class com.almasb.fxgl.app.services.SystemBundleService
21:58:46.079 [FXGL Background Thread 3 ] DEBUG Engine               - class com.almasb.fxgl.profile.SaveLoadService
21:58:46.079 [FXGL Background Thread 3 ] DEBUG Engine               - class com.almasb.fxgl.ui.FXGLUIFactoryServiceProvider
21:58:46.079 [FXGL Background Thread 3 ] DEBUG Engine               - class com.almasb.fxgl.ui.FXGLDialogFactoryServiceProvider
21:58:46.079 [FXGL Background Thread 3 ] DEBUG Engine               - class com.almasb.fxgl.audio.AudioPlayer
21:58:46.079 [FXGL Background Thread 3 ] DEBUG Engine               - class com.almasb.fxgl.notification.impl.NotificationServiceProvider
21:58:46.079 [FXGL Background Thread 3 ] DEBUG Engine               - class com.almasb.fxgl.achievement.AchievementService
21:58:46.079 [FXGL Background Thread 3 ] DEBUG Engine               - class com.almasb.fxgl.cutscene.CutsceneService
21:58:46.079 [FXGL Background Thread 3 ] DEBUG Engine               - class com.almasb.fxgl.minigames.MiniGameService
21:58:46.079 [FXGL Background Thread 3 ] DEBUG Engine               - class com.almasb.fxgl.net.NetService
21:58:46.079 [FXGL Background Thread 3 ] DEBUG Engine               - class com.almasb.fxgl.app.services.UpdaterService
21:58:46.079 [FXGL Background Thread 3 ] DEBUG Engine               - class com.almasb.fxgl.dev.DevService
21:58:54.148 [JavaFX Application Thread] DEBUG LoopRunner           - Pausing loop
21:58:58.871 [JavaFX Application Thread] DEBUG FXGLApplication      - Exiting FXGL
21:58:58.871 [JavaFX Application Thread] DEBUG LoopRunner           - Stopping loop
21:58:58.871 [JavaFX Application Thread] DEBUG SystemBundleService  - Saving FXGL system data
21:58:58.875 [JavaFX Application Thread] DEBUG FileSystemAccess     - Writing to: C:\Users\oeyig\IdeaProjects\FlappyBirdClone\system\fxgl.bundle
21:58:58.878 [JavaFX Application Thread] DEBUG Async                - Shutting down background threads
21:58:58.878 [JavaFX Application Thread] DEBUG PrimaryStageWindow   - Closing main window
21:58:58.899 [JavaFX Application Thread] DEBUG Logger               - Closing Logger
