21:10:12.672 [main                     ] DEBUG Logger               - Configured Logger
21:10:12.697 [main                     ] DEBUG GameApplication      - Logging settings
Title: Flappy Bird
Version: 0.0
Width: 700
Height: 600
Fullscreen: false
Intro: false
Profiling: false
Single step:false
App Mode: DEVELOPER
Menu Key: ESCAPE
Stage Style: DECORATED
Scene Factory: class com.almasb.fxgl.app.scene.SceneFactory

21:10:12.931 [JavaFX Application Thread] DEBUG FXGLApplication      - Initializing FXGL
21:10:12.935 [JavaFX Application Thread] INFO  Engine               - FXGL-17.3 (30.03.2023 11.49) on WINDOWS (J:17.0.12 FX:17.0.6)
21:10:12.935 [JavaFX Application Thread] DEBUG Engine               - JRE Vendor Name: Oracle Corporation
21:10:12.936 [JavaFX Application Thread] DEBUG Engine               - Running on OS: Windows 11 version 10.0
21:10:12.936 [JavaFX Application Thread] DEBUG Engine               - Architecture: amd64
21:10:12.936 [JavaFX Application Thread] INFO  Engine               - Source code and latest versions at: https://github.com/AlmasB/FXGL
21:10:12.936 [JavaFX Application Thread] INFO  Engine               -       Ask questions and discuss at: https://github.com/AlmasB/FXGL/discussions
21:10:12.936 [JavaFX Application Thread] INFO  Engine               -              Join the FXGL chat at: https://gitter.im/AlmasB/FXGL
21:10:12.996 [JavaFX Application Thread] DEBUG PrimaryStageWindow   - Creating a JavaFX scene
21:10:13.027 [JavaFX Application Thread] DEBUG PrimaryStageWindow   - Target settings size: 700.0 x 600.0
21:10:13.028 [JavaFX Application Thread] DEBUG PrimaryStageWindow   - Scaled scene size:    700.0 x 600.0
21:10:13.028 [JavaFX Application Thread] DEBUG PrimaryStageWindow   - Scaled ratio: (1.0, 1.0)
21:10:13.029 [JavaFX Application Thread] DEBUG PrimaryStageWindow   - Set initial scene to FXGLStartupScene
21:10:13.034 [JavaFX Application Thread] DEBUG PrimaryStageWindow   - Opening main window
21:10:13.114 [JavaFX Application Thread] DEBUG PrimaryStageWindow   - Window border size: (14.66668701171875, 37.33331298828125)
21:10:13.114 [JavaFX Application Thread] DEBUG PrimaryStageWindow   - Scaled size: 700.0 x 600.0
21:10:13.115 [JavaFX Application Thread] DEBUG PrimaryStageWindow   - Scaled ratio: (1.0, 1.0)
21:10:13.115 [JavaFX Application Thread] DEBUG PrimaryStageWindow   - Scene size: 700.0 x 600.0
21:10:13.115 [JavaFX Application Thread] DEBUG PrimaryStageWindow   - Stage size: 714.6666870117188 x 637.3333129882812
21:10:13.122 [FXGL Background Thread 1 ] DEBUG Engine               - Initializing environment variables
21:10:13.151 [FXGL Background Thread 1 ] DEBUG FXGLAssetLoaderServi - User app class for loading assets: class ignatiusoey09.flappybirdclone.FlappyApplication
21:10:13.152 [FXGL Background Thread 1 ] DEBUG GameApplicationServi - Applying CSS: fxgl_dark.css
21:10:13.153 [FXGL Background Thread 1 ] DEBUG FXGLAssetLoaderServi - Loading from file system: jar:file:///C:/Users/oeyig/.gradle/caches/modules-2/files-2.1/com.github.almasb/fxgl/17.3/614d2b2607c97fe7b539dfa75036066a8010f74b/fxgl-17.3.jar!/fxglassets/ui/css/fxgl_dark.css
21:10:13.193 [FXGL Background Thread 1 ] DEBUG GameApplicationServi - Initializing application scenes
21:10:13.239 [FXGL Background Thread 1 ] DEBUG GameWorld            - Game world initialized
21:10:13.280 [FXGL Background Thread 1 ] DEBUG PhysicsWorld         - Physics world initialized: appHeight=600, physics.ppm=50.0
21:10:13.280 [FXGL Background Thread 1 ] DEBUG PhysicsWorld         - Using strategy: BRUTE_FORCE
21:10:13.284 [FXGL Background Thread 1 ] DEBUG GameScene            - Game scene initialized: 700x600
21:10:13.294 [FXGL Background Thread 1 ] WARN  FXGL.DefaultMenu     - FXGLDefaultMenu is not designed for resolutions < 800x600
21:10:13.294 [FXGL Background Thread 1 ] DEBUG FXGL.DefaultMenu     - createMenuBodyGameMenu()
21:10:13.306 [FXGL Background Thread 1 ] DEBUG FXGL.DefaultMenu     - createOptionsMenu()
21:10:13.314 [FXGL Background Thread 1 ] DEBUG FXGLAssetLoaderServi - Loading from file system: jar:file:///C:/Users/oeyig/.gradle/caches/modules-2/files-2.1/com.github.almasb/fxgl/17.3/614d2b2607c97fe7b539dfa75036066a8010f74b/fxgl-17.3.jar!/fxglassets/textures/particles/smoke.png
21:10:13.403 [FXGL Background Thread 1 ] DEBUG FXGLAssetLoaderServi - Loading from file system: jar:file:///C:/Users/oeyig/.gradle/caches/modules-2/files-2.1/com.github.almasb/fxgl/17.3/614d2b2607c97fe7b539dfa75036066a8010f74b/fxgl-17.3.jar!/fxglassets/textures/particles/trace_horizontal.png
21:10:13.438 [FXGL Background Thread 1 ] DEBUG GameApplicationServi - Application scenes initialized
21:10:13.451 [FXGL Background Thread 1 ] DEBUG SystemBundleService  - Loading FXGL system data
21:10:13.456 [FXGL Background Thread 1 ] DEBUG FileSystemAccess     - Reading from: C:\Users\oeyig\IdeaProjects\FlappyBirdClone\system\fxgl.bundle
21:10:13.467 [FXGL Background Thread 1 ] DEBUG SystemBundleService  - Bundle FXGL: {}
21:10:13.467 [FXGL Background Thread 1 ] DEBUG UpdaterService       - Checking for updates
21:10:13.470 [FXGL Background Thread 4 ] DEBUG FXGLApplication      - Loading fonts
21:10:13.471 [FXGL Background Thread 1 ] DEBUG FXGLApplication      - Loading default localization
21:10:13.471 [FXGL Background Thread 4 ] DEBUG FXGLAssetLoaderServi - Loading from file system: jar:file:///C:/Users/oeyig/.gradle/caches/modules-2/files-2.1/com.github.almasb/fxgl/17.3/614d2b2607c97fe7b539dfa75036066a8010f74b/fxgl-17.3.jar!/fxglassets/ui/fonts/VarelaRound-Regular.ttf
21:10:13.471 [FXGL Background Thread 1 ] DEBUG FXGLAssetLoaderServi - Loading from file system: jar:file:///C:/Users/oeyig/.gradle/caches/modules-2/files-2.1/com.github.almasb/fxgl/17.3/614d2b2607c97fe7b539dfa75036066a8010f74b/fxgl-17.3.jar!/fxglassets/languages/english.lang
21:10:13.495 [FXGL Background Thread 1 ] INFO  FXGLApplication      - FXGL initialization took: 0.373 sec
21:10:13.510 [JavaFX Application Thread] DEBUG Input                - Registered new binding: jump - Space
21:10:13.510 [JavaFX Application Thread] DEBUG Input                - Registered new binding: restart - N
21:10:13.510 [JavaFX Application Thread] DEBUG FXGLAssetLoaderServi - Loading from file system: jar:file:///C:/Users/oeyig/.gradle/caches/modules-2/files-2.1/com.github.almasb/fxgl/17.3/614d2b2607c97fe7b539dfa75036066a8010f74b/fxgl-17.3.jar!/fxglassets/textures/fxgl_icon.png
21:10:13.534 [FXGL Background Thread 4 ] DEBUG FXGLAssetLoaderServi - Loading from file system: jar:file:///C:/Users/oeyig/.gradle/caches/modules-2/files-2.1/com.github.almasb/fxgl/17.3/614d2b2607c97fe7b539dfa75036066a8010f74b/fxgl-17.3.jar!/fxglassets/ui/fonts/Abel-Regular.ttf
21:10:13.535 [JavaFX Application Thread] DEBUG FXGLAssetLoaderServi - Loading from file system: jar:file:///C:/Users/oeyig/.gradle/caches/modules-2/files-2.1/com.github.almasb/fxgl/17.3/614d2b2607c97fe7b539dfa75036066a8010f74b/fxgl-17.3.jar!/fxglassets/textures/fxgl_default_cursor.png
21:10:13.538 [FXGL Background Thread 4 ] DEBUG FXGLAssetLoaderServi - Loading from file system: jar:file:///C:/Users/oeyig/.gradle/caches/modules-2/files-2.1/com.github.almasb/fxgl/17.3/614d2b2607c97fe7b539dfa75036066a8010f74b/fxgl-17.3.jar!/fxglassets/ui/fonts/TerminalLandMono-Regular.otf
21:10:13.539 [JavaFX Application Thread] DEBUG Input                - Registered new binding: Screenshot - CTRL+8
21:10:13.539 [JavaFX Application Thread] DEBUG Input                - Registered new binding: System info dump - CTRL+9
21:10:13.541 [JavaFX Application Thread] DEBUG Input                - Registered new binding: Restart - CTRL+R
21:10:13.541 [JavaFX Application Thread] DEBUG Input                - Registered new binding: Toggle Debug Camera - CTRL+7
21:10:13.543 [FXGL Background Thread 4 ] DEBUG FXGLAssetLoaderServi - Loading from file system: jar:file:///C:/Users/oeyig/.gradle/caches/modules-2/files-2.1/com.github.almasb/fxgl/17.3/614d2b2607c97fe7b539dfa75036066a8010f74b/fxgl-17.3.jar!/fxglassets/ui/fonts/Courier-Prime.ttf
21:10:13.545 [JavaFX Application Thread] DEBUG LoopRunner           - Starting loop
21:10:13.545 [JavaFX Application Thread] DEBUG LoopRunner           - Initializing JavaFX AnimationTimerLoop
21:10:13.546 [JavaFX Application Thread] DEBUG GameApplicationServi - Starting new game
21:10:13.547 [JavaFX Application Thread] DEBUG Input                - Clearing active input actions
21:10:13.562 [JavaFX Application Thread] DEBUG GameApplicationServi - Removing overlay from FXGLStartupScene and adding to FXGLLoadingScene
21:10:13.563 [JavaFX Application Thread] DEBUG PrimaryStageWindow   - FXGLStartupScene -> FXGLLoadingScene
21:10:13.563 [JavaFX Application Thread] DEBUG GameApplicationServi - Clearing previous game
21:10:13.563 [JavaFX Application Thread] DEBUG GameScene            - Clearing game scene
21:10:13.563 [JavaFX Application Thread] DEBUG GameWorld            - Clearing game world
21:10:13.563 [JavaFX Application Thread] DEBUG PhysicsWorld         - Clearing physics world
21:10:13.566 [JavaFX Application Thread] DEBUG FXGLApplication      - Registering font factories with UI factory
21:10:13.566 [FXGL Background Thread 4 ] DEBUG FXGLApplication      - Initializing game
21:10:13.632 [FXGL Background Thread 4 ] INFO  FXGLApplication      - Game initialization took: 0.065 sec
21:10:13.634 [JavaFX Application Thread] DEBUG Input                - Clearing active input actions
21:10:13.641 [JavaFX Application Thread] DEBUG GameApplicationServi - Removing overlay from FXGLLoadingScene and adding to GameScene
21:10:13.641 [JavaFX Application Thread] DEBUG PrimaryStageWindow   - FXGLLoadingScene -> GameScene
21:10:13.932 [FXGL Background Thread 2 ] INFO  UpdaterService       - Your current version:  17.3
21:10:13.932 [FXGL Background Thread 2 ] INFO  UpdaterService       - Latest stable version: 21.1
21:10:16.470 [FXGL Background Thread 3 ] DEBUG Engine               - Logging environment variables
21:10:16.470 [FXGL Background Thread 3 ] DEBUG Engine               - achievements: []
21:10:16.471 [FXGL Background Thread 3 ] DEBUG Engine               - actualHeight: 600.0
21:10:16.471 [FXGL Background Thread 3 ] DEBUG Engine               - actualHeightProperty: ReadOnlyDoubleProperty [value: 600.0]
21:10:16.471 [FXGL Background Thread 3 ] DEBUG Engine               - actualWidth: 700.0
21:10:16.471 [FXGL Background Thread 3 ] DEBUG Engine               - actualWidthProperty: ReadOnlyDoubleProperty [value: 700.0]
21:10:16.471 [FXGL Background Thread 3 ] DEBUG Engine               - appIcon: fxgl_icon.png
21:10:16.471 [FXGL Background Thread 3 ] DEBUG Engine               - applicationMode: DEVELOPER
21:10:16.471 [FXGL Background Thread 3 ] DEBUG Engine               - cSSList: [fxgl_dark.css]
21:10:16.471 [FXGL Background Thread 3 ] DEBUG Engine               - collisionDetectionStrategy: BRUTE_FORCE
21:10:16.471 [FXGL Background Thread 3 ] DEBUG Engine               - configClass: Optional.empty
21:10:16.471 [FXGL Background Thread 3 ] DEBUG Engine               - credits: []
21:10:16.471 [FXGL Background Thread 3 ] DEBUG Engine               - defaultCursor: CursorInfo(imageName=fxgl_default_cursor.png, hotspotX=7.0, hotspotY=6.0)
21:10:16.472 [FXGL Background Thread 3 ] DEBUG Engine               - devBBoxColorProperty: ObjectProperty [value: 0xff0000ff]
21:10:16.472 [FXGL Background Thread 3 ] DEBUG Engine               - devEnableDebugCameraProperty: BooleanProperty [value: false]
21:10:16.472 [FXGL Background Thread 3 ] DEBUG Engine               - devSensorColorProperty: ObjectProperty [value: 0xffff00ff]
21:10:16.472 [FXGL Background Thread 3 ] DEBUG Engine               - devShowBBoxProperty: BooleanProperty [value: false]
21:10:16.472 [FXGL Background Thread 3 ] DEBUG Engine               - devShowPositionProperty: BooleanProperty [value: false]
21:10:16.472 [FXGL Background Thread 3 ] DEBUG Engine               - enabledMenuItems: []
21:10:16.472 [FXGL Background Thread 3 ] DEBUG Engine               - engineServices: [class com.almasb.fxgl.app.services.FXGLAssetLoaderService, class com.almasb.fxgl.app.FXGLApplication$GameApplicationService, class com.almasb.fxgl.app.services.FXGLDialogService, class com.almasb.fxgl.app.services.IOTaskExecutorService, class com.almasb.fxgl.io.FileSystemService, class com.almasb.fxgl.localization.LocalizationService, class com.almasb.fxgl.app.services.SystemBundleService, class com.almasb.fxgl.profile.SaveLoadService, class com.almasb.fxgl.ui.FXGLUIFactoryServiceProvider, class com.almasb.fxgl.ui.FXGLDialogFactoryServiceProvider, class com.almasb.fxgl.audio.AudioPlayer, class com.almasb.fxgl.notification.impl.NotificationServiceProvider, class com.almasb.fxgl.achievement.AchievementService, class com.almasb.fxgl.cutscene.CutsceneService, class com.almasb.fxgl.minigames.MiniGameService, class com.almasb.fxgl.net.NetService, class com.almasb.fxgl.app.services.UpdaterService, class com.almasb.fxgl.dev.DevService]
21:10:16.472 [FXGL Background Thread 3 ] DEBUG Engine               - fontGame: Abel-Regular.ttf
21:10:16.472 [FXGL Background Thread 3 ] DEBUG Engine               - fontMono: TerminalLandMono-Regular.otf
21:10:16.472 [FXGL Background Thread 3 ] DEBUG Engine               - fontSizeScaleUI: 1.0
21:10:16.472 [FXGL Background Thread 3 ] DEBUG Engine               - fontText: Courier-Prime.ttf
21:10:16.472 [FXGL Background Thread 3 ] DEBUG Engine               - fontUI: VarelaRound-Regular.ttf
21:10:16.472 [FXGL Background Thread 3 ] DEBUG Engine               - fullScreen: BooleanProperty [value: false]
21:10:16.472 [FXGL Background Thread 3 ] DEBUG Engine               - gameDifficulty: MEDIUM
21:10:16.472 [FXGL Background Thread 3 ] DEBUG Engine               - gameDifficultyProperty: ObjectProperty [value: MEDIUM]
21:10:16.472 [FXGL Background Thread 3 ] DEBUG Engine               - globalMusicVolume: 0.5
21:10:16.473 [FXGL Background Thread 3 ] DEBUG Engine               - globalMusicVolumeProperty: DoubleProperty [value: 0.5]
21:10:16.473 [FXGL Background Thread 3 ] DEBUG Engine               - globalSoundVolume: 0.5
21:10:16.473 [FXGL Background Thread 3 ] DEBUG Engine               - globalSoundVolumeProperty: DoubleProperty [value: 0.5]
21:10:16.473 [FXGL Background Thread 3 ] DEBUG Engine               - height: 600
21:10:16.473 [FXGL Background Thread 3 ] DEBUG Engine               - is3D: false
21:10:16.473 [FXGL Background Thread 3 ] DEBUG Engine               - isAndroid: false
21:10:16.473 [FXGL Background Thread 3 ] DEBUG Engine               - isBrowser: false
21:10:16.473 [FXGL Background Thread 3 ] DEBUG Engine               - isClickFeedbackEnabled: false
21:10:16.473 [FXGL Background Thread 3 ] DEBUG Engine               - isCloseConfirmation: false
21:10:16.473 [FXGL Background Thread 3 ] DEBUG Engine               - isDesktop: true
21:10:16.473 [FXGL Background Thread 3 ] DEBUG Engine               - isDeveloperMenuEnabled: false
21:10:16.473 [FXGL Background Thread 3 ] DEBUG Engine               - isEmbedded: false
21:10:16.473 [FXGL Background Thread 3 ] DEBUG Engine               - isEntityPreloadEnabled: true
21:10:16.473 [FXGL Background Thread 3 ] DEBUG Engine               - isExperimentalTiledLargeMap: false
21:10:16.473 [FXGL Background Thread 3 ] DEBUG Engine               - isFileSystemWriteAllowed: true
21:10:16.473 [FXGL Background Thread 3 ] DEBUG Engine               - isFullScreenAllowed: false
21:10:16.473 [FXGL Background Thread 3 ] DEBUG Engine               - isFullScreenFromStart: false
21:10:16.473 [FXGL Background Thread 3 ] DEBUG Engine               - isGameMenuEnabled: true
21:10:16.473 [FXGL Background Thread 3 ] DEBUG Engine               - isIOS: false
21:10:16.473 [FXGL Background Thread 3 ] DEBUG Engine               - isIntroEnabled: false
21:10:16.473 [FXGL Background Thread 3 ] DEBUG Engine               - isLinux: false
21:10:16.473 [FXGL Background Thread 3 ] DEBUG Engine               - isMac: false
21:10:16.473 [FXGL Background Thread 3 ] DEBUG Engine               - isMainMenuEnabled: false
21:10:16.473 [FXGL Background Thread 3 ] DEBUG Engine               - isManualResizeEnabled: false
21:10:16.473 [FXGL Background Thread 3 ] DEBUG Engine               - isMobile: false
21:10:16.474 [FXGL Background Thread 3 ] DEBUG Engine               - isNative: false
21:10:16.474 [FXGL Background Thread 3 ] DEBUG Engine               - isPauseMusicWhenMinimized: true
21:10:16.474 [FXGL Background Thread 3 ] DEBUG Engine               - isPreserveResizeRatio: false
21:10:16.474 [FXGL Background Thread 3 ] DEBUG Engine               - isProfilingEnabled: false
21:10:16.474 [FXGL Background Thread 3 ] DEBUG Engine               - isScaleAffectedOnResize: true
21:10:16.474 [FXGL Background Thread 3 ] DEBUG Engine               - isSingleStep: false
21:10:16.474 [FXGL Background Thread 3 ] DEBUG Engine               - isUserProfileEnabled: false
21:10:16.474 [FXGL Background Thread 3 ] DEBUG Engine               - isWindows: true
21:10:16.474 [FXGL Background Thread 3 ] DEBUG Engine               - language: ObjectProperty [value: ENGLISH]
21:10:16.474 [FXGL Background Thread 3 ] DEBUG Engine               - menuKey: ESCAPE
21:10:16.474 [FXGL Background Thread 3 ] DEBUG Engine               - mouseSensitivity: 0.2
21:10:16.474 [FXGL Background Thread 3 ] DEBUG Engine               - notificationViewClass: class com.almasb.fxgl.notification.view.XboxNotificationView
21:10:16.474 [FXGL Background Thread 3 ] DEBUG Engine               - pixelsPerMeter: 50.0
21:10:16.474 [FXGL Background Thread 3 ] DEBUG Engine               - platform: WINDOWS
21:10:16.474 [FXGL Background Thread 3 ] DEBUG Engine               - prefHeightProperty: ReadOnlyDoubleProperty [value: 600.0]
21:10:16.474 [FXGL Background Thread 3 ] DEBUG Engine               - prefWidthProperty: ReadOnlyDoubleProperty [value: 700.0]
21:10:16.474 [FXGL Background Thread 3 ] DEBUG Engine               - profileDir: profiles/
21:10:16.474 [FXGL Background Thread 3 ] DEBUG Engine               - profileName: StringProperty [value: DEFAULT]
21:10:16.474 [FXGL Background Thread 3 ] DEBUG Engine               - randomSeed: -1
21:10:16.475 [FXGL Background Thread 3 ] DEBUG Engine               - runtimeInfo: RuntimeInfo(platform=WINDOWS, version=17.3, build=30.03.2023 11.49)
21:10:16.475 [FXGL Background Thread 3 ] DEBUG Engine               - saveFileExt: sav
21:10:16.475 [FXGL Background Thread 3 ] DEBUG Engine               - scaledHeightProp$fxgl: DoubleProperty [bound, value: 600.0]
21:10:16.475 [FXGL Background Thread 3 ] DEBUG Engine               - scaledWidthProp$fxgl: DoubleProperty [bound, value: 700.0]
21:10:16.475 [FXGL Background Thread 3 ] DEBUG Engine               - sceneFactory: com.almasb.fxgl.app.scene.SceneFactory@a7c0dd7
21:10:16.475 [FXGL Background Thread 3 ] DEBUG Engine               - secondsIn24h: 60
21:10:16.475 [FXGL Background Thread 3 ] DEBUG Engine               - soundMenuBack: menu/back.wav
21:10:16.475 [FXGL Background Thread 3 ] DEBUG Engine               - soundMenuPress: menu/press.wav
21:10:16.475 [FXGL Background Thread 3 ] DEBUG Engine               - soundMenuSelect: menu/select.wav
21:10:16.475 [FXGL Background Thread 3 ] DEBUG Engine               - soundNotification: core/notification.wav
21:10:16.475 [FXGL Background Thread 3 ] DEBUG Engine               - stageStyle: DECORATED
21:10:16.475 [FXGL Background Thread 3 ] DEBUG Engine               - supportedLanguages: [ENGLISH, FRENCH, GERMAN, HUNGARIAN, RUSSIAN]
21:10:16.475 [FXGL Background Thread 3 ] DEBUG Engine               - ticksPerSecond: -1
21:10:16.475 [FXGL Background Thread 3 ] DEBUG Engine               - title: Flappy Bird
21:10:16.475 [FXGL Background Thread 3 ] DEBUG Engine               - urlGithub: https://github.com/AlmasB/FXGL
21:10:16.475 [FXGL Background Thread 3 ] DEBUG Engine               - urlLeaderboard: http://fxgl-top.herokuapp.com/
21:10:16.475 [FXGL Background Thread 3 ] DEBUG Engine               - urlPOM: https://raw.githubusercontent.com/AlmasB/FXGL/release/README.md
21:10:16.475 [FXGL Background Thread 3 ] DEBUG Engine               - userAppClass: class ignatiusoey09.flappybirdclone.FlappyApplication
21:10:16.475 [FXGL Background Thread 3 ] DEBUG Engine               - version: 0.0
21:10:16.475 [FXGL Background Thread 3 ] DEBUG Engine               - versionCheckDays: 7
21:10:16.475 [FXGL Background Thread 3 ] DEBUG Engine               - width: 700
21:10:16.475 [FXGL Background Thread 3 ] DEBUG Engine               - Logging services
21:10:16.475 [FXGL Background Thread 3 ] DEBUG Engine               - class com.almasb.fxgl.app.services.FXGLAssetLoaderService
21:10:16.475 [FXGL Background Thread 3 ] DEBUG Engine               - class com.almasb.fxgl.app.FXGLApplication$GameApplicationService
21:10:16.476 [FXGL Background Thread 3 ] DEBUG Engine               - class com.almasb.fxgl.app.services.FXGLDialogService
21:10:16.476 [FXGL Background Thread 3 ] DEBUG Engine               - class com.almasb.fxgl.app.services.IOTaskExecutorService
21:10:16.476 [FXGL Background Thread 3 ] DEBUG Engine               - class com.almasb.fxgl.io.FileSystemService
21:10:16.476 [FXGL Background Thread 3 ] DEBUG Engine               - class com.almasb.fxgl.localization.LocalizationService
21:10:16.476 [FXGL Background Thread 3 ] DEBUG Engine               - class com.almasb.fxgl.app.services.SystemBundleService
21:10:16.476 [FXGL Background Thread 3 ] DEBUG Engine               - class com.almasb.fxgl.profile.SaveLoadService
21:10:16.476 [FXGL Background Thread 3 ] DEBUG Engine               - class com.almasb.fxgl.ui.FXGLUIFactoryServiceProvider
21:10:16.476 [FXGL Background Thread 3 ] DEBUG Engine               - class com.almasb.fxgl.ui.FXGLDialogFactoryServiceProvider
21:10:16.476 [FXGL Background Thread 3 ] DEBUG Engine               - class com.almasb.fxgl.audio.AudioPlayer
21:10:16.476 [FXGL Background Thread 3 ] DEBUG Engine               - class com.almasb.fxgl.notification.impl.NotificationServiceProvider
21:10:16.476 [FXGL Background Thread 3 ] DEBUG Engine               - class com.almasb.fxgl.achievement.AchievementService
21:10:16.476 [FXGL Background Thread 3 ] DEBUG Engine               - class com.almasb.fxgl.cutscene.CutsceneService
21:10:16.476 [FXGL Background Thread 3 ] DEBUG Engine               - class com.almasb.fxgl.minigames.MiniGameService
21:10:16.476 [FXGL Background Thread 3 ] DEBUG Engine               - class com.almasb.fxgl.net.NetService
21:10:16.476 [FXGL Background Thread 3 ] DEBUG Engine               - class com.almasb.fxgl.app.services.UpdaterService
21:10:16.476 [FXGL Background Thread 3 ] DEBUG Engine               - class com.almasb.fxgl.dev.DevService
21:10:20.819 [JavaFX Application Thread] DEBUG GameApplicationServi - Starting new game
21:10:20.819 [JavaFX Application Thread] DEBUG Input                - Clearing active input actions
21:10:20.825 [JavaFX Application Thread] DEBUG GameApplicationServi - Removing overlay from GameScene and adding to FXGLLoadingScene
21:10:20.825 [JavaFX Application Thread] DEBUG PrimaryStageWindow   - GameScene -> FXGLLoadingScene
21:10:20.825 [JavaFX Application Thread] DEBUG GameApplicationServi - Clearing previous game
21:10:20.825 [JavaFX Application Thread] DEBUG GameScene            - Clearing game scene
21:10:20.825 [JavaFX Application Thread] DEBUG GameWorld            - Clearing game world
21:10:20.827 [JavaFX Application Thread] DEBUG PhysicsWorld         - Clearing physics world
21:10:20.828 [FXGL Background Thread 2 ] DEBUG FXGLApplication      - Initializing game
21:10:20.829 [FXGL Background Thread 2 ] INFO  FXGLApplication      - Game initialization took: 0.001 sec
21:10:20.835 [JavaFX Application Thread] DEBUG Input                - Clearing active input actions
21:10:20.838 [JavaFX Application Thread] DEBUG GameApplicationServi - Removing overlay from FXGLLoadingScene and adding to GameScene
21:10:20.839 [JavaFX Application Thread] DEBUG PrimaryStageWindow   - FXGLLoadingScene -> GameScene
21:10:33.591 [JavaFX Application Thread] DEBUG GameApplicationServi - Starting new game
21:10:33.591 [JavaFX Application Thread] DEBUG Input                - Clearing active input actions
21:10:33.597 [JavaFX Application Thread] DEBUG GameApplicationServi - Removing overlay from GameScene and adding to FXGLLoadingScene
21:10:33.597 [JavaFX Application Thread] DEBUG PrimaryStageWindow   - GameScene -> FXGLLoadingScene
21:10:33.597 [JavaFX Application Thread] DEBUG GameApplicationServi - Clearing previous game
21:10:33.597 [JavaFX Application Thread] DEBUG GameScene            - Clearing game scene
21:10:33.597 [JavaFX Application Thread] DEBUG GameWorld            - Clearing game world
21:10:33.598 [JavaFX Application Thread] DEBUG PhysicsWorld         - Clearing physics world
21:10:33.599 [FXGL Background Thread 2 ] DEBUG FXGLApplication      - Initializing game
21:10:33.600 [FXGL Background Thread 2 ] INFO  FXGLApplication      - Game initialization took: 0.001 sec
21:10:33.609 [JavaFX Application Thread] DEBUG Input                - Clearing active input actions
21:10:33.611 [JavaFX Application Thread] DEBUG GameApplicationServi - Removing overlay from FXGLLoadingScene and adding to GameScene
21:10:33.612 [JavaFX Application Thread] DEBUG PrimaryStageWindow   - FXGLLoadingScene -> GameScene
21:10:40.136 [JavaFX Application Thread] DEBUG GameApplicationServi - Starting new game
21:10:40.136 [JavaFX Application Thread] DEBUG Input                - Clearing active input actions
21:10:40.140 [JavaFX Application Thread] DEBUG GameApplicationServi - Removing overlay from GameScene and adding to FXGLLoadingScene
21:10:40.140 [JavaFX Application Thread] DEBUG PrimaryStageWindow   - GameScene -> FXGLLoadingScene
21:10:40.140 [JavaFX Application Thread] DEBUG GameApplicationServi - Clearing previous game
21:10:40.140 [JavaFX Application Thread] DEBUG GameScene            - Clearing game scene
21:10:40.140 [JavaFX Application Thread] DEBUG GameWorld            - Clearing game world
21:10:40.140 [JavaFX Application Thread] DEBUG PhysicsWorld         - Clearing physics world
21:10:40.140 [FXGL Background Thread 2 ] DEBUG FXGLApplication      - Initializing game
21:10:40.142 [FXGL Background Thread 2 ] INFO  FXGLApplication      - Game initialization took: 0.001 sec
21:10:40.154 [JavaFX Application Thread] DEBUG Input                - Clearing active input actions
21:10:40.157 [JavaFX Application Thread] DEBUG GameApplicationServi - Removing overlay from FXGLLoadingScene and adding to GameScene
21:10:40.157 [JavaFX Application Thread] DEBUG PrimaryStageWindow   - FXGLLoadingScene -> GameScene
21:10:45.953 [JavaFX Application Thread] DEBUG GameApplicationServi - Starting new game
21:10:45.954 [JavaFX Application Thread] DEBUG Input                - Clearing active input actions
21:10:45.956 [JavaFX Application Thread] DEBUG GameApplicationServi - Removing overlay from GameScene and adding to FXGLLoadingScene
21:10:45.956 [JavaFX Application Thread] DEBUG PrimaryStageWindow   - GameScene -> FXGLLoadingScene
21:10:45.956 [JavaFX Application Thread] DEBUG GameApplicationServi - Clearing previous game
21:10:45.956 [JavaFX Application Thread] DEBUG GameScene            - Clearing game scene
21:10:45.956 [JavaFX Application Thread] DEBUG GameWorld            - Clearing game world
21:10:45.957 [JavaFX Application Thread] DEBUG PhysicsWorld         - Clearing physics world
21:10:45.957 [FXGL Background Thread 2 ] DEBUG FXGLApplication      - Initializing game
21:10:45.958 [FXGL Background Thread 2 ] INFO  FXGLApplication      - Game initialization took: 0.001 sec
21:10:45.958 [JavaFX Application Thread] DEBUG Input                - Clearing active input actions
21:10:45.960 [JavaFX Application Thread] DEBUG GameApplicationServi - Removing overlay from FXGLLoadingScene and adding to GameScene
21:10:45.960 [JavaFX Application Thread] DEBUG PrimaryStageWindow   - FXGLLoadingScene -> GameScene
21:10:53.642 [JavaFX Application Thread] DEBUG GameApplicationServi - Starting new game
21:10:53.643 [JavaFX Application Thread] DEBUG Input                - Clearing active input actions
21:10:53.645 [JavaFX Application Thread] DEBUG GameApplicationServi - Removing overlay from GameScene and adding to FXGLLoadingScene
21:10:53.645 [JavaFX Application Thread] DEBUG PrimaryStageWindow   - GameScene -> FXGLLoadingScene
21:10:53.645 [JavaFX Application Thread] DEBUG GameApplicationServi - Clearing previous game
21:10:53.645 [JavaFX Application Thread] DEBUG GameScene            - Clearing game scene
21:10:53.646 [JavaFX Application Thread] DEBUG GameWorld            - Clearing game world
21:10:53.646 [JavaFX Application Thread] DEBUG PhysicsWorld         - Clearing physics world
21:10:53.646 [FXGL Background Thread 2 ] DEBUG FXGLApplication      - Initializing game
21:10:53.647 [FXGL Background Thread 2 ] INFO  FXGLApplication      - Game initialization took: 0.001 sec
21:10:53.648 [JavaFX Application Thread] DEBUG Input                - Clearing active input actions
21:10:53.649 [JavaFX Application Thread] DEBUG GameApplicationServi - Removing overlay from FXGLLoadingScene and adding to GameScene
21:10:53.650 [JavaFX Application Thread] DEBUG PrimaryStageWindow   - FXGLLoadingScene -> GameScene
21:10:55.725 [JavaFX Application Thread] DEBUG GameApplicationServi - Starting new game
21:10:55.725 [JavaFX Application Thread] DEBUG Input                - Clearing active input actions
21:10:55.727 [JavaFX Application Thread] DEBUG GameApplicationServi - Removing overlay from GameScene and adding to FXGLLoadingScene
21:10:55.727 [JavaFX Application Thread] DEBUG PrimaryStageWindow   - GameScene -> FXGLLoadingScene
21:10:55.727 [JavaFX Application Thread] DEBUG GameApplicationServi - Clearing previous game
21:10:55.727 [JavaFX Application Thread] DEBUG GameScene            - Clearing game scene
21:10:55.727 [JavaFX Application Thread] DEBUG GameWorld            - Clearing game world
21:10:55.727 [JavaFX Application Thread] DEBUG PhysicsWorld         - Clearing physics world
21:10:55.727 [FXGL Background Thread 2 ] DEBUG FXGLApplication      - Initializing game
21:10:55.728 [FXGL Background Thread 2 ] INFO  FXGLApplication      - Game initialization took: 0.001 sec
21:10:55.729 [JavaFX Application Thread] DEBUG Input                - Clearing active input actions
21:10:55.731 [JavaFX Application Thread] DEBUG GameApplicationServi - Removing overlay from FXGLLoadingScene and adding to GameScene
21:10:55.731 [JavaFX Application Thread] DEBUG PrimaryStageWindow   - FXGLLoadingScene -> GameScene
21:11:03.920 [JavaFX Application Thread] DEBUG FXGLApplication      - Exiting FXGL
21:11:03.920 [JavaFX Application Thread] DEBUG LoopRunner           - Stopping loop
21:11:03.921 [JavaFX Application Thread] DEBUG SystemBundleService  - Saving FXGL system data
21:11:03.922 [JavaFX Application Thread] DEBUG FileSystemAccess     - Writing to: C:\Users\oeyig\IdeaProjects\FlappyBirdClone\system\fxgl.bundle
21:11:03.923 [JavaFX Application Thread] DEBUG Async                - Shutting down background threads
21:11:03.924 [JavaFX Application Thread] DEBUG PrimaryStageWindow   - Closing main window
21:11:03.938 [JavaFX Application Thread] DEBUG Logger               - Closing Logger
