16:06:25.082 [main                     ] DEBUG Logger               - Configured Logger
16:06:25.122 [main                     ] DEBUG GameApplication      - Logging settings
Title: Flappy Bird
Version: 0.0
Width: 512
Height: 512
Fullscreen: false
Intro: false
Profiling: false
Single step:false
App Mode: DEVELOPER
Menu Key: ESCAPE
Stage Style: DECORATED
Scene Factory: class com.almasb.fxgl.app.scene.SceneFactory

16:06:25.531 [JavaFX Application Thread] DEBUG FXGLApplication      - Initializing FXGL
16:06:25.539 [JavaFX Application Thread] INFO  Engine               - FXGL-17.3 (30.03.2023 11.49) on WINDOWS (J:17.0.12 FX:17.0.6)
16:06:25.540 [JavaFX Application Thread] DEBUG Engine               - JRE Vendor Name: Oracle Corporation
16:06:25.541 [JavaFX Application Thread] DEBUG Engine               - Running on OS: Windows 11 version 10.0
16:06:25.541 [JavaFX Application Thread] DEBUG Engine               - Architecture: amd64
16:06:25.541 [JavaFX Application Thread] INFO  Engine               - Source code and latest versions at: https://github.com/AlmasB/FXGL
16:06:25.541 [JavaFX Application Thread] INFO  Engine               -       Ask questions and discuss at: https://github.com/AlmasB/FXGL/discussions
16:06:25.542 [JavaFX Application Thread] INFO  Engine               -              Join the FXGL chat at: https://gitter.im/AlmasB/FXGL
16:06:25.651 [JavaFX Application Thread] DEBUG PrimaryStageWindow   - Creating a JavaFX scene
16:06:25.701 [JavaFX Application Thread] DEBUG PrimaryStageWindow   - Target settings size: 512.0 x 512.0
16:06:25.701 [JavaFX Application Thread] DEBUG PrimaryStageWindow   - Scaled scene size:    512.0 x 512.0
16:06:25.702 [JavaFX Application Thread] DEBUG PrimaryStageWindow   - Scaled ratio: (1.0, 1.0)
16:06:25.703 [JavaFX Application Thread] DEBUG PrimaryStageWindow   - Set initial scene to FXGLStartupScene
16:06:25.714 [JavaFX Application Thread] DEBUG PrimaryStageWindow   - Opening main window
16:06:25.847 [JavaFX Application Thread] DEBUG PrimaryStageWindow   - Window border size: (14.66668701171875, 37.33331298828125)
16:06:25.847 [JavaFX Application Thread] DEBUG PrimaryStageWindow   - Scaled size: 512.0 x 512.0
16:06:25.847 [JavaFX Application Thread] DEBUG PrimaryStageWindow   - Scaled ratio: (1.0, 1.0)
16:06:25.847 [JavaFX Application Thread] DEBUG PrimaryStageWindow   - Scene size: 512.0 x 512.0
16:06:25.848 [JavaFX Application Thread] DEBUG PrimaryStageWindow   - Stage size: 526.6666870117188 x 549.3333129882812
16:06:25.859 [FXGL Background Thread 1 ] DEBUG Engine               - Initializing environment variables
16:06:25.919 [FXGL Background Thread 1 ] DEBUG FXGLAssetLoaderServi - User app class for loading assets: class ignatiusoey09.flappybirdclone.FlappyApplication
16:06:25.919 [FXGL Background Thread 1 ] DEBUG GameApplicationServi - Applying CSS: fxgl_dark.css
16:06:25.921 [FXGL Background Thread 1 ] DEBUG FXGLAssetLoaderServi - Loading from file system: jar:file:/C:/Users/oeyig/.gradle/caches/modules-2/files-2.1/com.github.almasb/fxgl/17.3/614d2b2607c97fe7b539dfa75036066a8010f74b/fxgl-17.3.jar!/fxglassets/ui/css/fxgl_dark.css
16:06:25.973 [FXGL Background Thread 1 ] DEBUG GameApplicationServi - Applying CSS: gameover.css
16:06:25.973 [FXGL Background Thread 1 ] DEBUG FXGLAssetLoaderServi - Loading from file system: file:/C:/Users/oeyig/IdeaProjects/FlappyBirdClone/build/resources/main/assets/ui/css/gameover.css
16:06:25.976 [FXGL Background Thread 1 ] DEBUG GameApplicationServi - Initializing application scenes
16:06:26.017 [FXGL Background Thread 1 ] DEBUG GameWorld            - Game world initialized
16:06:26.117 [FXGL Background Thread 1 ] DEBUG PhysicsWorld         - Physics world initialized: appHeight=512, physics.ppm=50.0
16:06:26.117 [FXGL Background Thread 1 ] DEBUG PhysicsWorld         - Using strategy: BRUTE_FORCE
16:06:26.127 [FXGL Background Thread 1 ] DEBUG GameScene            - Game scene initialized: 512x512
16:06:26.154 [FXGL Background Thread 1 ] WARN  FXGL.DefaultMenu     - FXGLDefaultMenu is not designed for resolutions < 800x600
16:06:26.155 [FXGL Background Thread 1 ] DEBUG FXGL.DefaultMenu     - createMenuBodyGameMenu()
16:06:26.175 [FXGL Background Thread 1 ] DEBUG FXGL.DefaultMenu     - createOptionsMenu()
16:06:26.190 [FXGL Background Thread 1 ] DEBUG FXGLAssetLoaderServi - Loading from file system: jar:file:/C:/Users/oeyig/.gradle/caches/modules-2/files-2.1/com.github.almasb/fxgl/17.3/614d2b2607c97fe7b539dfa75036066a8010f74b/fxgl-17.3.jar!/fxglassets/textures/particles/smoke.png
16:06:26.352 [FXGL Background Thread 1 ] DEBUG FXGLAssetLoaderServi - Loading from file system: jar:file:/C:/Users/oeyig/.gradle/caches/modules-2/files-2.1/com.github.almasb/fxgl/17.3/614d2b2607c97fe7b539dfa75036066a8010f74b/fxgl-17.3.jar!/fxglassets/textures/particles/trace_horizontal.png
16:06:26.404 [FXGL Background Thread 1 ] DEBUG GameApplicationServi - Application scenes initialized
16:06:26.424 [FXGL Background Thread 1 ] DEBUG SystemBundleService  - Loading FXGL system data
16:06:26.431 [FXGL Background Thread 1 ] DEBUG FileSystemAccess     - Reading from: C:\Users\oeyig\IdeaProjects\FlappyBirdClone\system\fxgl.bundle
16:06:26.443 [FXGL Background Thread 1 ] DEBUG SystemBundleService  - Bundle FXGL: {}
16:06:26.444 [FXGL Background Thread 1 ] DEBUG UpdaterService       - Checking for updates
16:06:26.449 [FXGL Background Thread 4 ] DEBUG FXGLApplication      - Loading fonts
16:06:26.451 [FXGL Background Thread 4 ] DEBUG FXGLAssetLoaderServi - Loading from file system: jar:file:/C:/Users/oeyig/.gradle/caches/modules-2/files-2.1/com.github.almasb/fxgl/17.3/614d2b2607c97fe7b539dfa75036066a8010f74b/fxgl-17.3.jar!/fxglassets/ui/fonts/VarelaRound-Regular.ttf
16:06:26.452 [FXGL Background Thread 1 ] DEBUG FXGLApplication      - Loading default localization
16:06:26.453 [FXGL Background Thread 1 ] DEBUG FXGLAssetLoaderServi - Loading from file system: jar:file:/C:/Users/oeyig/.gradle/caches/modules-2/files-2.1/com.github.almasb/fxgl/17.3/614d2b2607c97fe7b539dfa75036066a8010f74b/fxgl-17.3.jar!/fxglassets/languages/english.lang
16:06:26.499 [FXGL Background Thread 1 ] INFO  FXGLApplication      - FXGL initialization took: 0.640 sec
16:06:26.518 [JavaFX Application Thread] DEBUG Input                - Registered new binding: jump - Space
16:06:26.518 [JavaFX Application Thread] DEBUG Input                - Registered new binding: restart - N
16:06:26.519 [JavaFX Application Thread] DEBUG FXGLAssetLoaderServi - Loading from file system: jar:file:/C:/Users/oeyig/.gradle/caches/modules-2/files-2.1/com.github.almasb/fxgl/17.3/614d2b2607c97fe7b539dfa75036066a8010f74b/fxgl-17.3.jar!/fxglassets/textures/fxgl_icon.png
16:06:26.552 [FXGL Background Thread 4 ] DEBUG FXGLAssetLoaderServi - Loading from file system: jar:file:/C:/Users/oeyig/.gradle/caches/modules-2/files-2.1/com.github.almasb/fxgl/17.3/614d2b2607c97fe7b539dfa75036066a8010f74b/fxgl-17.3.jar!/fxglassets/ui/fonts/Abel-Regular.ttf
16:06:26.558 [FXGL Background Thread 4 ] DEBUG FXGLAssetLoaderServi - Loading from file system: jar:file:/C:/Users/oeyig/.gradle/caches/modules-2/files-2.1/com.github.almasb/fxgl/17.3/614d2b2607c97fe7b539dfa75036066a8010f74b/fxgl-17.3.jar!/fxglassets/ui/fonts/TerminalLandMono-Regular.otf
16:06:26.563 [JavaFX Application Thread] DEBUG FXGLAssetLoaderServi - Loading from file system: jar:file:/C:/Users/oeyig/.gradle/caches/modules-2/files-2.1/com.github.almasb/fxgl/17.3/614d2b2607c97fe7b539dfa75036066a8010f74b/fxgl-17.3.jar!/fxglassets/textures/fxgl_default_cursor.png
16:06:26.564 [FXGL Background Thread 4 ] DEBUG FXGLAssetLoaderServi - Loading from file system: jar:file:/C:/Users/oeyig/.gradle/caches/modules-2/files-2.1/com.github.almasb/fxgl/17.3/614d2b2607c97fe7b539dfa75036066a8010f74b/fxgl-17.3.jar!/fxglassets/ui/fonts/Courier-Prime.ttf
16:06:26.567 [JavaFX Application Thread] DEBUG Input                - Registered new binding: Screenshot - CTRL+8
16:06:26.568 [JavaFX Application Thread] DEBUG Input                - Registered new binding: System info dump - CTRL+9
16:06:26.569 [JavaFX Application Thread] DEBUG Input                - Registered new binding: Restart - CTRL+R
16:06:26.570 [JavaFX Application Thread] DEBUG Input                - Registered new binding: Toggle Debug Camera - CTRL+7
16:06:26.577 [JavaFX Application Thread] DEBUG LoopRunner           - Starting loop
16:06:26.578 [JavaFX Application Thread] DEBUG LoopRunner           - Initializing JavaFX AnimationTimerLoop
16:06:26.585 [JavaFX Application Thread] DEBUG GameApplicationServi - Starting new game
16:06:26.586 [JavaFX Application Thread] DEBUG Input                - Clearing active input actions
16:06:26.611 [JavaFX Application Thread] DEBUG GameApplicationServi - Removing overlay from FXGLStartupScene and adding to FXGLLoadingScene
16:06:26.612 [JavaFX Application Thread] DEBUG PrimaryStageWindow   - FXGLStartupScene -> FXGLLoadingScene
16:06:26.612 [JavaFX Application Thread] DEBUG GameApplicationServi - Clearing previous game
16:06:26.612 [JavaFX Application Thread] DEBUG GameScene            - Clearing game scene
16:06:26.612 [JavaFX Application Thread] DEBUG GameWorld            - Clearing game world
16:06:26.612 [JavaFX Application Thread] DEBUG PhysicsWorld         - Clearing physics world
16:06:26.613 [JavaFX Application Thread] DEBUG FXGLApplication      - Registering font factories with UI factory
16:06:26.613 [FXGL Background Thread 4 ] DEBUG FXGLApplication      - Initializing game
16:06:26.617 [FXGL Background Thread 4 ] DEBUG FXGLAssetLoaderServi - Loading from file system: file:/C:/Users/oeyig/IdeaProjects/FlappyBirdClone/build/resources/main/assets/textures/background.png
16:06:26.687 [FXGL Background Thread 4 ] DEBUG FXGLAssetLoaderServi - Loading from file system: file:/C:/Users/oeyig/IdeaProjects/FlappyBirdClone/build/resources/main/assets/textures/bird.png
16:06:26.724 [FXGL Background Thread 4 ] DEBUG FXGLAssetLoaderServi - Loading from file system: file:/C:/Users/oeyig/IdeaProjects/FlappyBirdClone/build/resources/main/assets/textures/numbers/0.png
16:06:26.726 [FXGL Background Thread 4 ] DEBUG FXGLAssetLoaderServi - Loading from file system: file:/C:/Users/oeyig/IdeaProjects/FlappyBirdClone/build/resources/main/assets/textures/numbers/1.png
16:06:26.728 [FXGL Background Thread 4 ] DEBUG FXGLAssetLoaderServi - Loading from file system: file:/C:/Users/oeyig/IdeaProjects/FlappyBirdClone/build/resources/main/assets/textures/numbers/2.png
16:06:26.730 [FXGL Background Thread 4 ] DEBUG FXGLAssetLoaderServi - Loading from file system: file:/C:/Users/oeyig/IdeaProjects/FlappyBirdClone/build/resources/main/assets/textures/numbers/3.png
16:06:26.731 [FXGL Background Thread 4 ] DEBUG FXGLAssetLoaderServi - Loading from file system: file:/C:/Users/oeyig/IdeaProjects/FlappyBirdClone/build/resources/main/assets/textures/numbers/4.png
16:06:26.733 [FXGL Background Thread 4 ] DEBUG FXGLAssetLoaderServi - Loading from file system: file:/C:/Users/oeyig/IdeaProjects/FlappyBirdClone/build/resources/main/assets/textures/numbers/5.png
16:06:26.734 [FXGL Background Thread 4 ] DEBUG FXGLAssetLoaderServi - Loading from file system: file:/C:/Users/oeyig/IdeaProjects/FlappyBirdClone/build/resources/main/assets/textures/numbers/6.png
16:06:26.736 [FXGL Background Thread 4 ] DEBUG FXGLAssetLoaderServi - Loading from file system: file:/C:/Users/oeyig/IdeaProjects/FlappyBirdClone/build/resources/main/assets/textures/numbers/7.png
16:06:26.737 [FXGL Background Thread 4 ] DEBUG FXGLAssetLoaderServi - Loading from file system: file:/C:/Users/oeyig/IdeaProjects/FlappyBirdClone/build/resources/main/assets/textures/numbers/8.png
16:06:26.739 [FXGL Background Thread 4 ] DEBUG FXGLAssetLoaderServi - Loading from file system: file:/C:/Users/oeyig/IdeaProjects/FlappyBirdClone/build/resources/main/assets/textures/numbers/9.png
16:06:26.745 [FXGL Background Thread 4 ] INFO  FXGLApplication      - Game initialization took: 0.131 sec
16:06:26.753 [JavaFX Application Thread] DEBUG Input                - Clearing active input actions
16:06:26.774 [JavaFX Application Thread] DEBUG GameApplicationServi - Removing overlay from FXGLLoadingScene and adding to GameScene
16:06:26.776 [JavaFX Application Thread] DEBUG PrimaryStageWindow   - FXGLLoadingScene -> GameScene
16:06:27.127 [FXGL Background Thread 2 ] INFO  UpdaterService       - Your current version:  17.3
16:06:27.127 [FXGL Background Thread 2 ] INFO  UpdaterService       - Latest stable version: 21.1
16:06:27.604 [JavaFX Application Thread] DEBUG FXGLAssetLoaderServi - Loading from file system: file:/C:/Users/oeyig/IdeaProjects/FlappyBirdClone/build/resources/main/assets/ui/gameoverScreen.fxml
16:06:27.667 [JavaFX Application Thread] DEBUG FXGLAssetLoaderServi - Loading from file system: file:/C:/Users/oeyig/IdeaProjects/FlappyBirdClone/build/resources/main/assets/ui/fonts/PixelFont.ttf
16:06:29.137 [JavaFX Application Thread] DEBUG FXGLApplication      - Exiting FXGL
16:06:29.137 [JavaFX Application Thread] DEBUG LoopRunner           - Stopping loop
16:06:29.137 [JavaFX Application Thread] DEBUG SystemBundleService  - Saving FXGL system data
16:06:29.140 [JavaFX Application Thread] DEBUG FileSystemAccess     - Writing to: C:\Users\oeyig\IdeaProjects\FlappyBirdClone\system\fxgl.bundle
16:06:29.143 [JavaFX Application Thread] DEBUG Async                - Shutting down background threads
16:06:29.143 [JavaFX Application Thread] DEBUG PrimaryStageWindow   - Closing main window
16:06:29.175 [JavaFX Application Thread] DEBUG Logger               - Closing Logger
