23:05:14.841 [main                     ] DEBUG Logger               - Configured Logger
23:05:14.871 [main                     ] DEBUG GameApplication      - Logging settings
Title: Flappy Bird
Version: 0.0
Width: 512
Height: 512
Fullscreen: false
Intro: false
Profiling: false
Single step:false
App Mode: DEVELOPER
Menu Key: ESCAPE
Stage Style: DECORATED
Scene Factory: class com.almasb.fxgl.app.scene.SceneFactory

23:05:15.110 [JavaFX Application Thread] DEBUG FXGLApplication      - Initializing FXGL
23:05:15.113 [JavaFX Application Thread] INFO  Engine               - FXGL-17.3 (30.03.2023 11.49) on WINDOWS (J:17.0.12 FX:17.0.6)
23:05:15.114 [JavaFX Application Thread] DEBUG Engine               - JRE Vendor Name: Oracle Corporation
23:05:15.114 [JavaFX Application Thread] DEBUG Engine               - Running on OS: Windows 11 version 10.0
23:05:15.114 [JavaFX Application Thread] DEBUG Engine               - Architecture: amd64
23:05:15.114 [JavaFX Application Thread] INFO  Engine               - Source code and latest versions at: https://github.com/AlmasB/FXGL
23:05:15.114 [JavaFX Application Thread] INFO  Engine               -       Ask questions and discuss at: https://github.com/AlmasB/FXGL/discussions
23:05:15.114 [JavaFX Application Thread] INFO  Engine               -              Join the FXGL chat at: https://gitter.im/AlmasB/FXGL
23:05:15.175 [JavaFX Application Thread] DEBUG PrimaryStageWindow   - Creating a JavaFX scene
23:05:15.207 [JavaFX Application Thread] DEBUG PrimaryStageWindow   - Target settings size: 512.0 x 512.0
23:05:15.208 [JavaFX Application Thread] DEBUG PrimaryStageWindow   - Scaled scene size:    512.0 x 512.0
23:05:15.208 [JavaFX Application Thread] DEBUG PrimaryStageWindow   - Scaled ratio: (1.0, 1.0)
23:05:15.208 [JavaFX Application Thread] DEBUG PrimaryStageWindow   - Set initial scene to FXGLStartupScene
23:05:15.213 [JavaFX Application Thread] DEBUG PrimaryStageWindow   - Opening main window
23:05:15.294 [JavaFX Application Thread] DEBUG PrimaryStageWindow   - Window border size: (14.66668701171875, 37.33331298828125)
23:05:15.294 [JavaFX Application Thread] DEBUG PrimaryStageWindow   - Scaled size: 512.0 x 512.0
23:05:15.296 [JavaFX Application Thread] DEBUG PrimaryStageWindow   - Scaled ratio: (1.0, 1.0)
23:05:15.296 [JavaFX Application Thread] DEBUG PrimaryStageWindow   - Scene size: 512.0 x 512.0
23:05:15.296 [JavaFX Application Thread] DEBUG PrimaryStageWindow   - Stage size: 526.6666870117188 x 549.3333129882812
23:05:15.301 [FXGL Background Thread 1 ] DEBUG Engine               - Initializing environment variables
23:05:15.333 [FXGL Background Thread 1 ] DEBUG FXGLAssetLoaderServi - User app class for loading assets: class ignatiusoey09.flappybirdclone.FlappyApplication
23:05:15.333 [FXGL Background Thread 1 ] DEBUG GameApplicationServi - Applying CSS: fxgl_dark.css
23:05:15.334 [FXGL Background Thread 1 ] DEBUG FXGLAssetLoaderServi - Loading from file system: jar:file:///C:/Users/oeyig/.gradle/caches/modules-2/files-2.1/com.github.almasb/fxgl/17.3/614d2b2607c97fe7b539dfa75036066a8010f74b/fxgl-17.3.jar!/fxglassets/ui/css/fxgl_dark.css
23:05:15.370 [FXGL Background Thread 1 ] DEBUG GameApplicationServi - Initializing application scenes
23:05:15.423 [FXGL Background Thread 1 ] DEBUG GameWorld            - Game world initialized
23:05:15.463 [FXGL Background Thread 1 ] DEBUG PhysicsWorld         - Physics world initialized: appHeight=512, physics.ppm=50.0
23:05:15.463 [FXGL Background Thread 1 ] DEBUG PhysicsWorld         - Using strategy: BRUTE_FORCE
23:05:15.467 [FXGL Background Thread 1 ] DEBUG GameScene            - Game scene initialized: 512x512
23:05:15.478 [FXGL Background Thread 1 ] WARN  FXGL.DefaultMenu     - FXGLDefaultMenu is not designed for resolutions < 800x600
23:05:15.478 [FXGL Background Thread 1 ] DEBUG FXGL.DefaultMenu     - createMenuBodyGameMenu()
23:05:15.490 [FXGL Background Thread 1 ] DEBUG FXGL.DefaultMenu     - createOptionsMenu()
23:05:15.498 [FXGL Background Thread 1 ] DEBUG FXGLAssetLoaderServi - Loading from file system: jar:file:///C:/Users/oeyig/.gradle/caches/modules-2/files-2.1/com.github.almasb/fxgl/17.3/614d2b2607c97fe7b539dfa75036066a8010f74b/fxgl-17.3.jar!/fxglassets/textures/particles/smoke.png
23:05:15.587 [FXGL Background Thread 1 ] DEBUG FXGLAssetLoaderServi - Loading from file system: jar:file:///C:/Users/oeyig/.gradle/caches/modules-2/files-2.1/com.github.almasb/fxgl/17.3/614d2b2607c97fe7b539dfa75036066a8010f74b/fxgl-17.3.jar!/fxglassets/textures/particles/trace_horizontal.png
23:05:15.613 [FXGL Background Thread 1 ] DEBUG GameApplicationServi - Application scenes initialized
23:05:15.624 [FXGL Background Thread 1 ] DEBUG SystemBundleService  - Loading FXGL system data
23:05:15.628 [FXGL Background Thread 1 ] DEBUG FileSystemAccess     - Reading from: C:\Users\oeyig\IdeaProjects\FlappyBirdClone\system\fxgl.bundle
23:05:15.636 [FXGL Background Thread 1 ] DEBUG SystemBundleService  - Bundle FXGL: {}
23:05:15.636 [FXGL Background Thread 1 ] DEBUG UpdaterService       - Checking for updates
23:05:15.640 [FXGL Background Thread 4 ] DEBUG FXGLApplication      - Loading fonts
23:05:15.640 [FXGL Background Thread 1 ] DEBUG FXGLApplication      - Loading default localization
23:05:15.640 [FXGL Background Thread 4 ] DEBUG FXGLAssetLoaderServi - Loading from file system: jar:file:///C:/Users/oeyig/.gradle/caches/modules-2/files-2.1/com.github.almasb/fxgl/17.3/614d2b2607c97fe7b539dfa75036066a8010f74b/fxgl-17.3.jar!/fxglassets/ui/fonts/VarelaRound-Regular.ttf
23:05:15.641 [FXGL Background Thread 1 ] DEBUG FXGLAssetLoaderServi - Loading from file system: jar:file:///C:/Users/oeyig/.gradle/caches/modules-2/files-2.1/com.github.almasb/fxgl/17.3/614d2b2607c97fe7b539dfa75036066a8010f74b/fxgl-17.3.jar!/fxglassets/languages/english.lang
23:05:15.663 [FXGL Background Thread 1 ] INFO  FXGLApplication      - FXGL initialization took: 0.361 sec
23:05:15.672 [JavaFX Application Thread] DEBUG Input                - Registered new binding: jump - Space
23:05:15.673 [JavaFX Application Thread] DEBUG Input                - Registered new binding: restart - N
23:05:15.673 [JavaFX Application Thread] DEBUG FXGLAssetLoaderServi - Loading from file system: jar:file:///C:/Users/oeyig/.gradle/caches/modules-2/files-2.1/com.github.almasb/fxgl/17.3/614d2b2607c97fe7b539dfa75036066a8010f74b/fxgl-17.3.jar!/fxglassets/textures/fxgl_icon.png
23:05:15.700 [JavaFX Application Thread] DEBUG FXGLAssetLoaderServi - Loading from file system: jar:file:///C:/Users/oeyig/.gradle/caches/modules-2/files-2.1/com.github.almasb/fxgl/17.3/614d2b2607c97fe7b539dfa75036066a8010f74b/fxgl-17.3.jar!/fxglassets/textures/fxgl_default_cursor.png
23:05:15.705 [JavaFX Application Thread] DEBUG Input                - Registered new binding: Screenshot - CTRL+8
23:05:15.707 [JavaFX Application Thread] DEBUG Input                - Registered new binding: System info dump - CTRL+9
23:05:15.708 [JavaFX Application Thread] DEBUG Input                - Registered new binding: Restart - CTRL+R
23:05:15.710 [FXGL Background Thread 4 ] DEBUG FXGLAssetLoaderServi - Loading from file system: jar:file:///C:/Users/oeyig/.gradle/caches/modules-2/files-2.1/com.github.almasb/fxgl/17.3/614d2b2607c97fe7b539dfa75036066a8010f74b/fxgl-17.3.jar!/fxglassets/ui/fonts/Abel-Regular.ttf
23:05:15.710 [JavaFX Application Thread] DEBUG Input                - Registered new binding: Toggle Debug Camera - CTRL+7
23:05:15.713 [FXGL Background Thread 4 ] DEBUG FXGLAssetLoaderServi - Loading from file system: jar:file:///C:/Users/oeyig/.gradle/caches/modules-2/files-2.1/com.github.almasb/fxgl/17.3/614d2b2607c97fe7b539dfa75036066a8010f74b/fxgl-17.3.jar!/fxglassets/ui/fonts/TerminalLandMono-Regular.otf
23:05:15.717 [FXGL Background Thread 4 ] DEBUG FXGLAssetLoaderServi - Loading from file system: jar:file:///C:/Users/oeyig/.gradle/caches/modules-2/files-2.1/com.github.almasb/fxgl/17.3/614d2b2607c97fe7b539dfa75036066a8010f74b/fxgl-17.3.jar!/fxglassets/ui/fonts/Courier-Prime.ttf
23:05:15.717 [JavaFX Application Thread] DEBUG LoopRunner           - Initializing JavaFX AnimationTimerLoop
23:05:15.720 [JavaFX Application Thread] DEBUG GameApplicationServi - Starting new game
23:05:15.720 [JavaFX Application Thread] DEBUG Input                - Clearing active input actions
23:05:15.736 [JavaFX Application Thread] DEBUG GameApplicationServi - Removing overlay from FXGLStartupScene and adding to FXGLLoadingScene
23:05:15.737 [JavaFX Application Thread] DEBUG PrimaryStageWindow   - FXGLStartupScene -> FXGLLoadingScene
23:05:15.737 [JavaFX Application Thread] DEBUG GameApplicationServi - Clearing previous game
23:05:15.737 [JavaFX Application Thread] DEBUG GameScene            - Clearing game scene
23:05:15.737 [JavaFX Application Thread] DEBUG GameWorld            - Clearing game world
23:05:15.737 [JavaFX Application Thread] DEBUG PhysicsWorld         - Clearing physics world
23:05:15.741 [FXGL Background Thread 4 ] DEBUG FXGLApplication      - Initializing game
23:05:15.745 [FXGL Background Thread 4 ] DEBUG FXGLAssetLoaderServi - Loading from file system: file:/C:/Users/oeyig/IdeaProjects/FlappyBirdClone/build/resources/main/assets/textures/background.png
23:05:15.800 [FXGL Background Thread 4 ] DEBUG FXGLAssetLoaderServi - Loading from file system: file:/C:/Users/oeyig/IdeaProjects/FlappyBirdClone/build/resources/main/assets/textures/bird.png
23:05:15.812 [JavaFX Application Thread] DEBUG FXGLApplication      - Registering font factories with UI factory
23:05:15.838 [FXGL Background Thread 4 ] INFO  FXGLApplication      - Game initialization took: 0.097 sec
23:05:15.891 [JavaFX Application Thread] DEBUG Input                - Clearing active input actions
23:05:15.898 [JavaFX Application Thread] DEBUG GameApplicationServi - Removing overlay from FXGLLoadingScene and adding to GameScene
23:05:15.900 [JavaFX Application Thread] DEBUG PrimaryStageWindow   - FXGLLoadingScene -> GameScene
23:05:16.380 [FXGL Background Thread 2 ] INFO  UpdaterService       - Your current version:  17.3
23:05:16.380 [FXGL Background Thread 2 ] INFO  UpdaterService       - Latest stable version: 21.1
23:05:16.690 [JavaFX Application Thread] DEBUG FXGLAssetLoaderServi - Loading from file system: file:/C:/Users/oeyig/IdeaProjects/FlappyBirdClone/build/resources/main/assets/ui/gameoverScreen.fxml
23:05:18.639 [FXGL Background Thread 3 ] DEBUG Engine               - Logging environment variables
23:05:18.640 [FXGL Background Thread 3 ] DEBUG Engine               - achievements: []
23:05:18.640 [FXGL Background Thread 3 ] DEBUG Engine               - actualHeight: 512.0
23:05:18.640 [FXGL Background Thread 3 ] DEBUG Engine               - actualHeightProperty: ReadOnlyDoubleProperty [value: 512.0]
23:05:18.640 [FXGL Background Thread 3 ] DEBUG Engine               - actualWidth: 512.0
23:05:18.640 [FXGL Background Thread 3 ] DEBUG Engine               - actualWidthProperty: ReadOnlyDoubleProperty [value: 512.0]
23:05:18.641 [FXGL Background Thread 3 ] DEBUG Engine               - appIcon: fxgl_icon.png
23:05:18.641 [FXGL Background Thread 3 ] DEBUG Engine               - applicationMode: DEVELOPER
23:05:18.641 [FXGL Background Thread 3 ] DEBUG Engine               - cSSList: [fxgl_dark.css]
23:05:18.641 [FXGL Background Thread 3 ] DEBUG Engine               - collisionDetectionStrategy: BRUTE_FORCE
23:05:18.641 [FXGL Background Thread 3 ] DEBUG Engine               - configClass: Optional.empty
23:05:18.641 [FXGL Background Thread 3 ] DEBUG Engine               - credits: []
23:05:18.641 [FXGL Background Thread 3 ] DEBUG Engine               - defaultCursor: CursorInfo(imageName=fxgl_default_cursor.png, hotspotX=7.0, hotspotY=6.0)
23:05:18.641 [FXGL Background Thread 3 ] DEBUG Engine               - devBBoxColorProperty: ObjectProperty [value: 0xff0000ff]
23:05:18.641 [FXGL Background Thread 3 ] DEBUG Engine               - devEnableDebugCameraProperty: BooleanProperty [value: false]
23:05:18.641 [FXGL Background Thread 3 ] DEBUG Engine               - devSensorColorProperty: ObjectProperty [value: 0xffff00ff]
23:05:18.641 [FXGL Background Thread 3 ] DEBUG Engine               - devShowBBoxProperty: BooleanProperty [value: false]
23:05:18.642 [FXGL Background Thread 3 ] DEBUG Engine               - devShowPositionProperty: BooleanProperty [value: false]
23:05:18.642 [FXGL Background Thread 3 ] DEBUG Engine               - enabledMenuItems: []
23:05:18.642 [FXGL Background Thread 3 ] DEBUG Engine               - engineServices: [class com.almasb.fxgl.app.services.FXGLAssetLoaderService, class com.almasb.fxgl.app.FXGLApplication$GameApplicationService, class com.almasb.fxgl.app.services.FXGLDialogService, class com.almasb.fxgl.app.services.IOTaskExecutorService, class com.almasb.fxgl.io.FileSystemService, class com.almasb.fxgl.localization.LocalizationService, class com.almasb.fxgl.app.services.SystemBundleService, class com.almasb.fxgl.profile.SaveLoadService, class com.almasb.fxgl.ui.FXGLUIFactoryServiceProvider, class com.almasb.fxgl.ui.FXGLDialogFactoryServiceProvider, class com.almasb.fxgl.audio.AudioPlayer, class com.almasb.fxgl.notification.impl.NotificationServiceProvider, class com.almasb.fxgl.achievement.AchievementService, class com.almasb.fxgl.cutscene.CutsceneService, class com.almasb.fxgl.minigames.MiniGameService, class com.almasb.fxgl.net.NetService, class com.almasb.fxgl.app.services.UpdaterService, class com.almasb.fxgl.dev.DevService]
23:05:18.642 [FXGL Background Thread 3 ] DEBUG Engine               - fontGame: Abel-Regular.ttf
23:05:18.642 [FXGL Background Thread 3 ] DEBUG Engine               - fontMono: TerminalLandMono-Regular.otf
23:05:18.642 [FXGL Background Thread 3 ] DEBUG Engine               - fontSizeScaleUI: 1.0
23:05:18.642 [FXGL Background Thread 3 ] DEBUG Engine               - fontText: Courier-Prime.ttf
23:05:18.642 [FXGL Background Thread 3 ] DEBUG Engine               - fontUI: VarelaRound-Regular.ttf
23:05:18.642 [FXGL Background Thread 3 ] DEBUG Engine               - fullScreen: BooleanProperty [value: false]
23:05:18.642 [FXGL Background Thread 3 ] DEBUG Engine               - gameDifficulty: MEDIUM
23:05:18.642 [FXGL Background Thread 3 ] DEBUG Engine               - gameDifficultyProperty: ObjectProperty [value: MEDIUM]
23:05:18.642 [FXGL Background Thread 3 ] DEBUG Engine               - globalMusicVolume: 0.5
23:05:18.642 [FXGL Background Thread 3 ] DEBUG Engine               - globalMusicVolumeProperty: DoubleProperty [value: 0.5]
23:05:18.642 [FXGL Background Thread 3 ] DEBUG Engine               - globalSoundVolume: 0.5
23:05:18.642 [FXGL Background Thread 3 ] DEBUG Engine               - globalSoundVolumeProperty: DoubleProperty [value: 0.5]
23:05:18.642 [FXGL Background Thread 3 ] DEBUG Engine               - height: 512
23:05:18.642 [FXGL Background Thread 3 ] DEBUG Engine               - is3D: false
23:05:18.642 [FXGL Background Thread 3 ] DEBUG Engine               - isAndroid: false
23:05:18.642 [FXGL Background Thread 3 ] DEBUG Engine               - isBrowser: false
23:05:18.642 [FXGL Background Thread 3 ] DEBUG Engine               - isClickFeedbackEnabled: false
23:05:18.642 [FXGL Background Thread 3 ] DEBUG Engine               - isCloseConfirmation: false
23:05:18.642 [FXGL Background Thread 3 ] DEBUG Engine               - isDesktop: true
23:05:18.643 [FXGL Background Thread 3 ] DEBUG Engine               - isDeveloperMenuEnabled: false
23:05:18.643 [FXGL Background Thread 3 ] DEBUG Engine               - isEmbedded: false
23:05:18.643 [FXGL Background Thread 3 ] DEBUG Engine               - isEntityPreloadEnabled: true
23:05:18.643 [FXGL Background Thread 3 ] DEBUG Engine               - isExperimentalTiledLargeMap: false
23:05:18.643 [FXGL Background Thread 3 ] DEBUG Engine               - isFileSystemWriteAllowed: true
23:05:18.643 [FXGL Background Thread 3 ] DEBUG Engine               - isFullScreenAllowed: false
23:05:18.643 [FXGL Background Thread 3 ] DEBUG Engine               - isFullScreenFromStart: false
23:05:18.643 [FXGL Background Thread 3 ] DEBUG Engine               - isGameMenuEnabled: true
23:05:18.643 [FXGL Background Thread 3 ] DEBUG Engine               - isIOS: false
23:05:18.643 [FXGL Background Thread 3 ] DEBUG Engine               - isIntroEnabled: false
23:05:18.643 [FXGL Background Thread 3 ] DEBUG Engine               - isLinux: false
23:05:18.643 [FXGL Background Thread 3 ] DEBUG Engine               - isMac: false
23:05:18.643 [FXGL Background Thread 3 ] DEBUG Engine               - isMainMenuEnabled: false
23:05:18.643 [FXGL Background Thread 3 ] DEBUG Engine               - isManualResizeEnabled: false
23:05:18.643 [FXGL Background Thread 3 ] DEBUG Engine               - isMobile: false
23:05:18.643 [FXGL Background Thread 3 ] DEBUG Engine               - isNative: false
23:05:18.643 [FXGL Background Thread 3 ] DEBUG Engine               - isPauseMusicWhenMinimized: true
23:05:18.643 [FXGL Background Thread 3 ] DEBUG Engine               - isPreserveResizeRatio: false
23:05:18.643 [FXGL Background Thread 3 ] DEBUG Engine               - isProfilingEnabled: false
23:05:18.643 [FXGL Background Thread 3 ] DEBUG Engine               - isScaleAffectedOnResize: true
23:05:18.643 [FXGL Background Thread 3 ] DEBUG Engine               - isSingleStep: false
23:05:18.643 [FXGL Background Thread 3 ] DEBUG Engine               - isUserProfileEnabled: false
23:05:18.643 [FXGL Background Thread 3 ] DEBUG Engine               - isWindows: true
23:05:18.643 [FXGL Background Thread 3 ] DEBUG Engine               - language: ObjectProperty [value: ENGLISH]
23:05:18.644 [FXGL Background Thread 3 ] DEBUG Engine               - menuKey: ESCAPE
23:05:18.644 [FXGL Background Thread 3 ] DEBUG Engine               - mouseSensitivity: 0.2
23:05:18.644 [FXGL Background Thread 3 ] DEBUG Engine               - notificationViewClass: class com.almasb.fxgl.notification.view.XboxNotificationView
23:05:18.644 [FXGL Background Thread 3 ] DEBUG Engine               - pixelsPerMeter: 50.0
23:05:18.644 [FXGL Background Thread 3 ] DEBUG Engine               - platform: WINDOWS
23:05:18.644 [FXGL Background Thread 3 ] DEBUG Engine               - prefHeightProperty: ReadOnlyDoubleProperty [value: 512.0]
23:05:18.644 [FXGL Background Thread 3 ] DEBUG Engine               - prefWidthProperty: ReadOnlyDoubleProperty [value: 512.0]
23:05:18.644 [FXGL Background Thread 3 ] DEBUG Engine               - profileDir: profiles/
23:05:18.644 [FXGL Background Thread 3 ] DEBUG Engine               - profileName: StringProperty [value: DEFAULT]
23:05:18.644 [FXGL Background Thread 3 ] DEBUG Engine               - randomSeed: -1
23:05:18.644 [FXGL Background Thread 3 ] DEBUG Engine               - runtimeInfo: RuntimeInfo(platform=WINDOWS, version=17.3, build=30.03.2023 11.49)
23:05:18.644 [FXGL Background Thread 3 ] DEBUG Engine               - saveFileExt: sav
23:05:18.644 [FXGL Background Thread 3 ] DEBUG Engine               - scaledHeightProp$fxgl: DoubleProperty [bound, value: 512.0]
23:05:18.644 [FXGL Background Thread 3 ] DEBUG Engine               - scaledWidthProp$fxgl: DoubleProperty [bound, value: 512.0]
23:05:18.644 [FXGL Background Thread 3 ] DEBUG Engine               - sceneFactory: com.almasb.fxgl.app.scene.SceneFactory@3509291b
23:05:18.644 [FXGL Background Thread 3 ] DEBUG Engine               - secondsIn24h: 60
23:05:18.644 [FXGL Background Thread 3 ] DEBUG Engine               - soundMenuBack: menu/back.wav
23:05:18.644 [FXGL Background Thread 3 ] DEBUG Engine               - soundMenuPress: menu/press.wav
23:05:18.644 [FXGL Background Thread 3 ] DEBUG Engine               - soundMenuSelect: menu/select.wav
23:05:18.644 [FXGL Background Thread 3 ] DEBUG Engine               - soundNotification: core/notification.wav
23:05:18.645 [FXGL Background Thread 3 ] DEBUG Engine               - stageStyle: DECORATED
23:05:18.645 [FXGL Background Thread 3 ] DEBUG Engine               - supportedLanguages: [ENGLISH, FRENCH, GERMAN, HUNGARIAN, RUSSIAN]
23:05:18.645 [FXGL Background Thread 3 ] DEBUG Engine               - ticksPerSecond: -1
23:05:18.645 [FXGL Background Thread 3 ] DEBUG Engine               - title: Flappy Bird
23:05:18.645 [FXGL Background Thread 3 ] DEBUG Engine               - urlGithub: https://github.com/AlmasB/FXGL
23:05:18.645 [FXGL Background Thread 3 ] DEBUG Engine               - urlLeaderboard: http://fxgl-top.herokuapp.com/
23:05:18.645 [FXGL Background Thread 3 ] DEBUG Engine               - urlPOM: https://raw.githubusercontent.com/AlmasB/FXGL/release/README.md
23:05:18.645 [FXGL Background Thread 3 ] DEBUG Engine               - userAppClass: class ignatiusoey09.flappybirdclone.FlappyApplication
23:05:18.645 [FXGL Background Thread 3 ] DEBUG Engine               - version: 0.0
23:05:18.645 [FXGL Background Thread 3 ] DEBUG Engine               - versionCheckDays: 7
23:05:18.645 [FXGL Background Thread 3 ] DEBUG Engine               - width: 512
23:05:18.645 [FXGL Background Thread 3 ] DEBUG Engine               - Logging services
23:05:18.645 [FXGL Background Thread 3 ] DEBUG Engine               - class com.almasb.fxgl.app.services.FXGLAssetLoaderService
23:05:18.645 [FXGL Background Thread 3 ] DEBUG Engine               - class com.almasb.fxgl.app.FXGLApplication$GameApplicationService
23:05:18.645 [FXGL Background Thread 3 ] DEBUG Engine               - class com.almasb.fxgl.app.services.FXGLDialogService
23:05:18.645 [FXGL Background Thread 3 ] DEBUG Engine               - class com.almasb.fxgl.app.services.IOTaskExecutorService
23:05:18.645 [FXGL Background Thread 3 ] DEBUG Engine               - class com.almasb.fxgl.io.FileSystemService
23:05:18.645 [FXGL Background Thread 3 ] DEBUG Engine               - class com.almasb.fxgl.localization.LocalizationService
23:05:18.645 [FXGL Background Thread 3 ] DEBUG Engine               - class com.almasb.fxgl.app.services.SystemBundleService
23:05:18.645 [FXGL Background Thread 3 ] DEBUG Engine               - class com.almasb.fxgl.profile.SaveLoadService
23:05:18.645 [FXGL Background Thread 3 ] DEBUG Engine               - class com.almasb.fxgl.ui.FXGLUIFactoryServiceProvider
23:05:18.645 [FXGL Background Thread 3 ] DEBUG Engine               - class com.almasb.fxgl.ui.FXGLDialogFactoryServiceProvider
23:05:18.645 [FXGL Background Thread 3 ] DEBUG Engine               - class com.almasb.fxgl.audio.AudioPlayer
23:05:18.645 [FXGL Background Thread 3 ] DEBUG Engine               - class com.almasb.fxgl.notification.impl.NotificationServiceProvider
23:05:18.645 [FXGL Background Thread 3 ] DEBUG Engine               - class com.almasb.fxgl.achievement.AchievementService
23:05:18.645 [FXGL Background Thread 3 ] DEBUG Engine               - class com.almasb.fxgl.cutscene.CutsceneService
23:05:18.645 [FXGL Background Thread 3 ] DEBUG Engine               - class com.almasb.fxgl.minigames.MiniGameService
23:05:18.645 [FXGL Background Thread 3 ] DEBUG Engine               - class com.almasb.fxgl.net.NetService
23:05:18.645 [FXGL Background Thread 3 ] DEBUG Engine               - class com.almasb.fxgl.app.services.UpdaterService
23:05:18.645 [FXGL Background Thread 3 ] DEBUG Engine               - class com.almasb.fxgl.dev.DevService
23:05:18.730 [JavaFX Application Thread] DEBUG FXGLApplication      - Exiting FXGL
23:05:18.730 [JavaFX Application Thread] DEBUG LoopRunner           - Stopping loop
23:05:18.730 [JavaFX Application Thread] DEBUG SystemBundleService  - Saving FXGL system data
23:05:18.732 [JavaFX Application Thread] DEBUG FileSystemAccess     - Writing to: C:\Users\oeyig\IdeaProjects\FlappyBirdClone\system\fxgl.bundle
23:05:18.734 [JavaFX Application Thread] DEBUG Async                - Shutting down background threads
23:05:18.734 [JavaFX Application Thread] DEBUG PrimaryStageWindow   - Closing main window
23:05:18.749 [JavaFX Application Thread] DEBUG Logger               - Closing Logger
