20:02:18.231 [main                     ] DEBUG Logger               - Configured Logger
20:02:18.257 [main                     ] DEBUG GameApplication      - Logging settings
Title: Flappy Bird
Version: 0.0
Width: 700
Height: 600
Fullscreen: false
Intro: false
Profiling: false
Single step:false
App Mode: DEVELOPER
Menu Key: ESCAPE
Stage Style: DECORATED
Scene Factory: class com.almasb.fxgl.app.scene.SceneFactory

20:02:18.490 [JavaFX Application Thread] DEBUG FXGLApplication      - Initializing FXGL
20:02:18.494 [JavaFX Application Thread] INFO  Engine               - FXGL-17.3 (30.03.2023 11.49) on WINDOWS (J:17.0.12 FX:17.0.6)
20:02:18.494 [JavaFX Application Thread] DEBUG Engine               - JRE Vendor Name: Oracle Corporation
20:02:18.494 [JavaFX Application Thread] DEBUG Engine               - Running on OS: Windows 11 version 10.0
20:02:18.494 [JavaFX Application Thread] DEBUG Engine               - Architecture: amd64
20:02:18.494 [JavaFX Application Thread] INFO  Engine               - Source code and latest versions at: https://github.com/AlmasB/FXGL
20:02:18.494 [JavaFX Application Thread] INFO  Engine               -       Ask questions and discuss at: https://github.com/AlmasB/FXGL/discussions
20:02:18.495 [JavaFX Application Thread] INFO  Engine               -              Join the FXGL chat at: https://gitter.im/AlmasB/FXGL
20:02:18.553 [JavaFX Application Thread] DEBUG PrimaryStageWindow   - Creating a JavaFX scene
20:02:18.586 [JavaFX Application Thread] DEBUG PrimaryStageWindow   - Target settings size: 700.0 x 600.0
20:02:18.586 [JavaFX Application Thread] DEBUG PrimaryStageWindow   - Scaled scene size:    700.0 x 600.0
20:02:18.586 [JavaFX Application Thread] DEBUG PrimaryStageWindow   - Scaled ratio: (1.0, 1.0)
20:02:18.587 [JavaFX Application Thread] DEBUG PrimaryStageWindow   - Set initial scene to FXGLStartupScene
20:02:18.592 [JavaFX Application Thread] DEBUG PrimaryStageWindow   - Opening main window
20:02:18.671 [JavaFX Application Thread] DEBUG PrimaryStageWindow   - Window border size: (14.66668701171875, 37.33331298828125)
20:02:18.672 [JavaFX Application Thread] DEBUG PrimaryStageWindow   - Scaled size: 700.0 x 600.0
20:02:18.672 [JavaFX Application Thread] DEBUG PrimaryStageWindow   - Scaled ratio: (1.0, 1.0)
20:02:18.672 [JavaFX Application Thread] DEBUG PrimaryStageWindow   - Scene size: 700.0 x 600.0
20:02:18.672 [JavaFX Application Thread] DEBUG PrimaryStageWindow   - Stage size: 714.6666870117188 x 637.3333129882812
20:02:18.679 [FXGL Background Thread 1 ] DEBUG Engine               - Initializing environment variables
20:02:18.709 [FXGL Background Thread 1 ] DEBUG FXGLAssetLoaderServi - User app class for loading assets: class ignatiusoey09.flappybirdclone.FlappyApplication
20:02:18.709 [FXGL Background Thread 1 ] DEBUG GameApplicationServi - Applying CSS: fxgl_dark.css
20:02:18.710 [FXGL Background Thread 1 ] DEBUG FXGLAssetLoaderServi - Loading from file system: jar:file:///C:/Users/oeyig/.gradle/caches/modules-2/files-2.1/com.github.almasb/fxgl/17.3/614d2b2607c97fe7b539dfa75036066a8010f74b/fxgl-17.3.jar!/fxglassets/ui/css/fxgl_dark.css
20:02:18.754 [FXGL Background Thread 1 ] DEBUG GameApplicationServi - Initializing application scenes
20:02:18.807 [FXGL Background Thread 1 ] DEBUG GameWorld            - Game world initialized
20:02:18.850 [FXGL Background Thread 1 ] DEBUG PhysicsWorld         - Physics world initialized: appHeight=600, physics.ppm=50.0
20:02:18.851 [FXGL Background Thread 1 ] DEBUG PhysicsWorld         - Using strategy: BRUTE_FORCE
20:02:18.855 [FXGL Background Thread 1 ] DEBUG GameScene            - Game scene initialized: 700x600
20:02:18.866 [FXGL Background Thread 1 ] WARN  FXGL.DefaultMenu     - FXGLDefaultMenu is not designed for resolutions < 800x600
20:02:18.866 [FXGL Background Thread 1 ] DEBUG FXGL.DefaultMenu     - createMenuBodyGameMenu()
20:02:18.880 [FXGL Background Thread 1 ] DEBUG FXGL.DefaultMenu     - createOptionsMenu()
20:02:18.890 [FXGL Background Thread 1 ] DEBUG FXGLAssetLoaderServi - Loading from file system: jar:file:///C:/Users/oeyig/.gradle/caches/modules-2/files-2.1/com.github.almasb/fxgl/17.3/614d2b2607c97fe7b539dfa75036066a8010f74b/fxgl-17.3.jar!/fxglassets/textures/particles/smoke.png
20:02:18.982 [FXGL Background Thread 1 ] DEBUG FXGLAssetLoaderServi - Loading from file system: jar:file:///C:/Users/oeyig/.gradle/caches/modules-2/files-2.1/com.github.almasb/fxgl/17.3/614d2b2607c97fe7b539dfa75036066a8010f74b/fxgl-17.3.jar!/fxglassets/textures/particles/trace_horizontal.png
20:02:19.014 [FXGL Background Thread 1 ] DEBUG GameApplicationServi - Application scenes initialized
20:02:19.024 [FXGL Background Thread 1 ] DEBUG SystemBundleService  - Loading FXGL system data
20:02:19.028 [FXGL Background Thread 1 ] DEBUG FileSystemAccess     - Reading from: C:\Users\oeyig\IdeaProjects\FlappyBirdClone\system\fxgl.bundle
20:02:19.036 [FXGL Background Thread 1 ] DEBUG SystemBundleService  - Bundle FXGL: {}
20:02:19.036 [FXGL Background Thread 1 ] DEBUG UpdaterService       - Checking for updates
20:02:19.039 [FXGL Background Thread 4 ] DEBUG FXGLApplication      - Loading fonts
20:02:19.040 [FXGL Background Thread 4 ] DEBUG FXGLAssetLoaderServi - Loading from file system: jar:file:///C:/Users/oeyig/.gradle/caches/modules-2/files-2.1/com.github.almasb/fxgl/17.3/614d2b2607c97fe7b539dfa75036066a8010f74b/fxgl-17.3.jar!/fxglassets/ui/fonts/VarelaRound-Regular.ttf
20:02:19.040 [FXGL Background Thread 1 ] DEBUG FXGLApplication      - Loading default localization
20:02:19.041 [FXGL Background Thread 1 ] DEBUG FXGLAssetLoaderServi - Loading from file system: jar:file:///C:/Users/oeyig/.gradle/caches/modules-2/files-2.1/com.github.almasb/fxgl/17.3/614d2b2607c97fe7b539dfa75036066a8010f74b/fxgl-17.3.jar!/fxglassets/languages/english.lang
20:02:19.060 [FXGL Background Thread 1 ] INFO  FXGLApplication      - FXGL initialization took: 0.381 sec
20:02:19.075 [JavaFX Application Thread] DEBUG Input                - Registered new binding: jump - Space
20:02:19.076 [JavaFX Application Thread] DEBUG FXGLAssetLoaderServi - Loading from file system: jar:file:///C:/Users/oeyig/.gradle/caches/modules-2/files-2.1/com.github.almasb/fxgl/17.3/614d2b2607c97fe7b539dfa75036066a8010f74b/fxgl-17.3.jar!/fxglassets/textures/fxgl_icon.png
20:02:19.101 [FXGL Background Thread 4 ] DEBUG FXGLAssetLoaderServi - Loading from file system: jar:file:///C:/Users/oeyig/.gradle/caches/modules-2/files-2.1/com.github.almasb/fxgl/17.3/614d2b2607c97fe7b539dfa75036066a8010f74b/fxgl-17.3.jar!/fxglassets/ui/fonts/Abel-Regular.ttf
20:02:19.105 [FXGL Background Thread 4 ] DEBUG FXGLAssetLoaderServi - Loading from file system: jar:file:///C:/Users/oeyig/.gradle/caches/modules-2/files-2.1/com.github.almasb/fxgl/17.3/614d2b2607c97fe7b539dfa75036066a8010f74b/fxgl-17.3.jar!/fxglassets/ui/fonts/TerminalLandMono-Regular.otf
20:02:19.107 [JavaFX Application Thread] DEBUG FXGLAssetLoaderServi - Loading from file system: jar:file:///C:/Users/oeyig/.gradle/caches/modules-2/files-2.1/com.github.almasb/fxgl/17.3/614d2b2607c97fe7b539dfa75036066a8010f74b/fxgl-17.3.jar!/fxglassets/textures/fxgl_default_cursor.png
20:02:19.110 [FXGL Background Thread 4 ] DEBUG FXGLAssetLoaderServi - Loading from file system: jar:file:///C:/Users/oeyig/.gradle/caches/modules-2/files-2.1/com.github.almasb/fxgl/17.3/614d2b2607c97fe7b539dfa75036066a8010f74b/fxgl-17.3.jar!/fxglassets/ui/fonts/Courier-Prime.ttf
20:02:19.112 [JavaFX Application Thread] DEBUG Input                - Registered new binding: Screenshot - CTRL+8
20:02:19.113 [JavaFX Application Thread] DEBUG Input                - Registered new binding: System info dump - CTRL+9
20:02:19.114 [JavaFX Application Thread] DEBUG Input                - Registered new binding: Restart - CTRL+R
20:02:19.117 [JavaFX Application Thread] DEBUG Input                - Registered new binding: Toggle Debug Camera - CTRL+7
20:02:19.122 [JavaFX Application Thread] DEBUG LoopRunner           - Starting loop
20:02:19.122 [JavaFX Application Thread] DEBUG LoopRunner           - Initializing JavaFX AnimationTimerLoop
20:02:19.126 [JavaFX Application Thread] DEBUG GameApplicationServi - Starting new game
20:02:19.126 [JavaFX Application Thread] DEBUG Input                - Clearing active input actions
20:02:19.142 [JavaFX Application Thread] DEBUG GameApplicationServi - Removing overlay from FXGLStartupScene and adding to FXGLLoadingScene
20:02:19.143 [JavaFX Application Thread] DEBUG PrimaryStageWindow   - FXGLStartupScene -> FXGLLoadingScene
20:02:19.143 [JavaFX Application Thread] DEBUG GameApplicationServi - Clearing previous game
20:02:19.143 [JavaFX Application Thread] DEBUG GameScene            - Clearing game scene
20:02:19.143 [JavaFX Application Thread] DEBUG GameWorld            - Clearing game world
20:02:19.143 [JavaFX Application Thread] DEBUG PhysicsWorld         - Clearing physics world
20:02:19.147 [FXGL Background Thread 4 ] DEBUG FXGLApplication      - Initializing game
20:02:19.230 [FXGL Background Thread 4 ] INFO  FXGLApplication      - Game initialization took: 0.083 sec
20:02:19.230 [JavaFX Application Thread] DEBUG Input                - Clearing active input actions
20:02:19.237 [JavaFX Application Thread] DEBUG GameApplicationServi - Removing overlay from FXGLLoadingScene and adding to GameScene
20:02:19.237 [JavaFX Application Thread] DEBUG PrimaryStageWindow   - FXGLLoadingScene -> GameScene
20:02:19.563 [FXGL Background Thread 2 ] INFO  UpdaterService       - Your current version:  17.3
20:02:19.563 [FXGL Background Thread 2 ] INFO  UpdaterService       - Latest stable version: 21.1
20:02:22.040 [FXGL Background Thread 3 ] DEBUG Engine               - Logging environment variables
20:02:22.040 [FXGL Background Thread 3 ] DEBUG Engine               - achievements: []
20:02:22.041 [FXGL Background Thread 3 ] DEBUG Engine               - actualHeight: 600.0
20:02:22.041 [FXGL Background Thread 3 ] DEBUG Engine               - actualHeightProperty: ReadOnlyDoubleProperty [value: 600.0]
20:02:22.041 [FXGL Background Thread 3 ] DEBUG Engine               - actualWidth: 700.0
20:02:22.041 [FXGL Background Thread 3 ] DEBUG Engine               - actualWidthProperty: ReadOnlyDoubleProperty [value: 700.0]
20:02:22.041 [FXGL Background Thread 3 ] DEBUG Engine               - appIcon: fxgl_icon.png
20:02:22.041 [FXGL Background Thread 3 ] DEBUG Engine               - applicationMode: DEVELOPER
20:02:22.041 [FXGL Background Thread 3 ] DEBUG Engine               - cSSList: [fxgl_dark.css]
20:02:22.041 [FXGL Background Thread 3 ] DEBUG Engine               - collisionDetectionStrategy: BRUTE_FORCE
20:02:22.041 [FXGL Background Thread 3 ] DEBUG Engine               - configClass: Optional.empty
20:02:22.041 [FXGL Background Thread 3 ] DEBUG Engine               - credits: []
20:02:22.041 [FXGL Background Thread 3 ] DEBUG Engine               - defaultCursor: CursorInfo(imageName=fxgl_default_cursor.png, hotspotX=7.0, hotspotY=6.0)
20:02:22.042 [FXGL Background Thread 3 ] DEBUG Engine               - devBBoxColorProperty: ObjectProperty [value: 0xff0000ff]
20:02:22.042 [FXGL Background Thread 3 ] DEBUG Engine               - devEnableDebugCameraProperty: BooleanProperty [value: false]
20:02:22.042 [FXGL Background Thread 3 ] DEBUG Engine               - devSensorColorProperty: ObjectProperty [value: 0xffff00ff]
20:02:22.042 [FXGL Background Thread 3 ] DEBUG Engine               - devShowBBoxProperty: BooleanProperty [value: false]
20:02:22.042 [FXGL Background Thread 3 ] DEBUG Engine               - devShowPositionProperty: BooleanProperty [value: false]
20:02:22.042 [FXGL Background Thread 3 ] DEBUG Engine               - enabledMenuItems: []
20:02:22.042 [FXGL Background Thread 3 ] DEBUG Engine               - engineServices: [class com.almasb.fxgl.app.services.FXGLAssetLoaderService, class com.almasb.fxgl.app.FXGLApplication$GameApplicationService, class com.almasb.fxgl.app.services.FXGLDialogService, class com.almasb.fxgl.app.services.IOTaskExecutorService, class com.almasb.fxgl.io.FileSystemService, class com.almasb.fxgl.localization.LocalizationService, class com.almasb.fxgl.app.services.SystemBundleService, class com.almasb.fxgl.profile.SaveLoadService, class com.almasb.fxgl.ui.FXGLUIFactoryServiceProvider, class com.almasb.fxgl.ui.FXGLDialogFactoryServiceProvider, class com.almasb.fxgl.audio.AudioPlayer, class com.almasb.fxgl.notification.impl.NotificationServiceProvider, class com.almasb.fxgl.achievement.AchievementService, class com.almasb.fxgl.cutscene.CutsceneService, class com.almasb.fxgl.minigames.MiniGameService, class com.almasb.fxgl.net.NetService, class com.almasb.fxgl.app.services.UpdaterService, class com.almasb.fxgl.dev.DevService]
20:02:22.042 [FXGL Background Thread 3 ] DEBUG Engine               - fontGame: Abel-Regular.ttf
20:02:22.042 [FXGL Background Thread 3 ] DEBUG Engine               - fontMono: TerminalLandMono-Regular.otf
20:02:22.042 [FXGL Background Thread 3 ] DEBUG Engine               - fontSizeScaleUI: 1.0
20:02:22.042 [FXGL Background Thread 3 ] DEBUG Engine               - fontText: Courier-Prime.ttf
20:02:22.042 [FXGL Background Thread 3 ] DEBUG Engine               - fontUI: VarelaRound-Regular.ttf
20:02:22.042 [FXGL Background Thread 3 ] DEBUG Engine               - fullScreen: BooleanProperty [value: false]
20:02:22.042 [FXGL Background Thread 3 ] DEBUG Engine               - gameDifficulty: MEDIUM
20:02:22.042 [FXGL Background Thread 3 ] DEBUG Engine               - gameDifficultyProperty: ObjectProperty [value: MEDIUM]
20:02:22.043 [FXGL Background Thread 3 ] DEBUG Engine               - globalMusicVolume: 0.5
20:02:22.043 [FXGL Background Thread 3 ] DEBUG Engine               - globalMusicVolumeProperty: DoubleProperty [value: 0.5]
20:02:22.043 [FXGL Background Thread 3 ] DEBUG Engine               - globalSoundVolume: 0.5
20:02:22.043 [FXGL Background Thread 3 ] DEBUG Engine               - globalSoundVolumeProperty: DoubleProperty [value: 0.5]
20:02:22.043 [FXGL Background Thread 3 ] DEBUG Engine               - height: 600
20:02:22.043 [FXGL Background Thread 3 ] DEBUG Engine               - is3D: false
20:02:22.043 [FXGL Background Thread 3 ] DEBUG Engine               - isAndroid: false
20:02:22.043 [FXGL Background Thread 3 ] DEBUG Engine               - isBrowser: false
20:02:22.043 [FXGL Background Thread 3 ] DEBUG Engine               - isClickFeedbackEnabled: false
20:02:22.043 [FXGL Background Thread 3 ] DEBUG Engine               - isCloseConfirmation: false
20:02:22.043 [FXGL Background Thread 3 ] DEBUG Engine               - isDesktop: true
20:02:22.043 [FXGL Background Thread 3 ] DEBUG Engine               - isDeveloperMenuEnabled: false
20:02:22.043 [FXGL Background Thread 3 ] DEBUG Engine               - isEmbedded: false
20:02:22.043 [FXGL Background Thread 3 ] DEBUG Engine               - isEntityPreloadEnabled: true
20:02:22.043 [FXGL Background Thread 3 ] DEBUG Engine               - isExperimentalTiledLargeMap: false
20:02:22.043 [FXGL Background Thread 3 ] DEBUG Engine               - isFileSystemWriteAllowed: true
20:02:22.043 [FXGL Background Thread 3 ] DEBUG Engine               - isFullScreenAllowed: false
20:02:22.043 [FXGL Background Thread 3 ] DEBUG Engine               - isFullScreenFromStart: false
20:02:22.043 [FXGL Background Thread 3 ] DEBUG Engine               - isGameMenuEnabled: true
20:02:22.044 [FXGL Background Thread 3 ] DEBUG Engine               - isIOS: false
20:02:22.044 [FXGL Background Thread 3 ] DEBUG Engine               - isIntroEnabled: false
20:02:22.044 [FXGL Background Thread 3 ] DEBUG Engine               - isLinux: false
20:02:22.044 [FXGL Background Thread 3 ] DEBUG Engine               - isMac: false
20:02:22.044 [FXGL Background Thread 3 ] DEBUG Engine               - isMainMenuEnabled: false
20:02:22.044 [FXGL Background Thread 3 ] DEBUG Engine               - isManualResizeEnabled: false
20:02:22.044 [FXGL Background Thread 3 ] DEBUG Engine               - isMobile: false
20:02:22.044 [FXGL Background Thread 3 ] DEBUG Engine               - isNative: false
20:02:22.044 [FXGL Background Thread 3 ] DEBUG Engine               - isPauseMusicWhenMinimized: true
20:02:22.044 [FXGL Background Thread 3 ] DEBUG Engine               - isPreserveResizeRatio: false
20:02:22.044 [FXGL Background Thread 3 ] DEBUG Engine               - isProfilingEnabled: false
20:02:22.044 [FXGL Background Thread 3 ] DEBUG Engine               - isScaleAffectedOnResize: true
20:02:22.044 [FXGL Background Thread 3 ] DEBUG Engine               - isSingleStep: false
20:02:22.044 [FXGL Background Thread 3 ] DEBUG Engine               - isUserProfileEnabled: false
20:02:22.044 [FXGL Background Thread 3 ] DEBUG Engine               - isWindows: true
20:02:22.044 [FXGL Background Thread 3 ] DEBUG Engine               - language: ObjectProperty [value: ENGLISH]
20:02:22.044 [FXGL Background Thread 3 ] DEBUG Engine               - menuKey: ESCAPE
20:02:22.044 [FXGL Background Thread 3 ] DEBUG Engine               - mouseSensitivity: 0.2
20:02:22.044 [FXGL Background Thread 3 ] DEBUG Engine               - notificationViewClass: class com.almasb.fxgl.notification.view.XboxNotificationView
20:02:22.044 [FXGL Background Thread 3 ] DEBUG Engine               - pixelsPerMeter: 50.0
20:02:22.044 [FXGL Background Thread 3 ] DEBUG Engine               - platform: WINDOWS
20:02:22.045 [FXGL Background Thread 3 ] DEBUG Engine               - prefHeightProperty: ReadOnlyDoubleProperty [value: 600.0]
20:02:22.045 [FXGL Background Thread 3 ] DEBUG Engine               - prefWidthProperty: ReadOnlyDoubleProperty [value: 700.0]
20:02:22.045 [FXGL Background Thread 3 ] DEBUG Engine               - profileDir: profiles/
20:02:22.045 [FXGL Background Thread 3 ] DEBUG Engine               - profileName: StringProperty [value: DEFAULT]
20:02:22.045 [FXGL Background Thread 3 ] DEBUG Engine               - randomSeed: -1
20:02:22.045 [FXGL Background Thread 3 ] DEBUG Engine               - runtimeInfo: RuntimeInfo(platform=WINDOWS, version=17.3, build=30.03.2023 11.49)
20:02:22.045 [FXGL Background Thread 3 ] DEBUG Engine               - saveFileExt: sav
20:02:22.045 [FXGL Background Thread 3 ] DEBUG Engine               - scaledHeightProp$fxgl: DoubleProperty [bound, value: 600.0]
20:02:22.045 [FXGL Background Thread 3 ] DEBUG Engine               - scaledWidthProp$fxgl: DoubleProperty [bound, value: 700.0]
20:02:22.045 [FXGL Background Thread 3 ] DEBUG Engine               - sceneFactory: com.almasb.fxgl.app.scene.SceneFactory@225601fa
20:02:22.045 [FXGL Background Thread 3 ] DEBUG Engine               - secondsIn24h: 60
20:02:22.045 [FXGL Background Thread 3 ] DEBUG Engine               - soundMenuBack: menu/back.wav
20:02:22.045 [FXGL Background Thread 3 ] DEBUG Engine               - soundMenuPress: menu/press.wav
20:02:22.045 [FXGL Background Thread 3 ] DEBUG Engine               - soundMenuSelect: menu/select.wav
20:02:22.045 [FXGL Background Thread 3 ] DEBUG Engine               - soundNotification: core/notification.wav
20:02:22.045 [FXGL Background Thread 3 ] DEBUG Engine               - stageStyle: DECORATED
20:02:22.045 [FXGL Background Thread 3 ] DEBUG Engine               - supportedLanguages: [ENGLISH, FRENCH, GERMAN, HUNGARIAN, RUSSIAN]
20:02:22.045 [FXGL Background Thread 3 ] DEBUG Engine               - ticksPerSecond: -1
20:02:22.045 [FXGL Background Thread 3 ] DEBUG Engine               - title: Flappy Bird
20:02:22.046 [FXGL Background Thread 3 ] DEBUG Engine               - urlGithub: https://github.com/AlmasB/FXGL
20:02:22.046 [FXGL Background Thread 3 ] DEBUG Engine               - urlLeaderboard: http://fxgl-top.herokuapp.com/
20:02:22.046 [FXGL Background Thread 3 ] DEBUG Engine               - urlPOM: https://raw.githubusercontent.com/AlmasB/FXGL/release/README.md
20:02:22.046 [FXGL Background Thread 3 ] DEBUG Engine               - userAppClass: class ignatiusoey09.flappybirdclone.FlappyApplication
20:02:22.046 [FXGL Background Thread 3 ] DEBUG Engine               - version: 0.0
20:02:22.046 [FXGL Background Thread 3 ] DEBUG Engine               - versionCheckDays: 7
20:02:22.046 [FXGL Background Thread 3 ] DEBUG Engine               - width: 700
20:02:22.046 [FXGL Background Thread 3 ] DEBUG Engine               - Logging services
20:02:22.046 [FXGL Background Thread 3 ] DEBUG Engine               - class com.almasb.fxgl.app.services.FXGLAssetLoaderService
20:02:22.046 [FXGL Background Thread 3 ] DEBUG Engine               - class com.almasb.fxgl.app.FXGLApplication$GameApplicationService
20:02:22.046 [FXGL Background Thread 3 ] DEBUG Engine               - class com.almasb.fxgl.app.services.FXGLDialogService
20:02:22.046 [FXGL Background Thread 3 ] DEBUG Engine               - class com.almasb.fxgl.app.services.IOTaskExecutorService
20:02:22.046 [FXGL Background Thread 3 ] DEBUG Engine               - class com.almasb.fxgl.io.FileSystemService
20:02:22.046 [FXGL Background Thread 3 ] DEBUG Engine               - class com.almasb.fxgl.localization.LocalizationService
20:02:22.046 [FXGL Background Thread 3 ] DEBUG Engine               - class com.almasb.fxgl.app.services.SystemBundleService
20:02:22.046 [FXGL Background Thread 3 ] DEBUG Engine               - class com.almasb.fxgl.profile.SaveLoadService
20:02:22.046 [FXGL Background Thread 3 ] DEBUG Engine               - class com.almasb.fxgl.ui.FXGLUIFactoryServiceProvider
20:02:22.046 [FXGL Background Thread 3 ] DEBUG Engine               - class com.almasb.fxgl.ui.FXGLDialogFactoryServiceProvider
20:02:22.046 [FXGL Background Thread 3 ] DEBUG Engine               - class com.almasb.fxgl.audio.AudioPlayer
20:02:22.046 [FXGL Background Thread 3 ] DEBUG Engine               - class com.almasb.fxgl.notification.impl.NotificationServiceProvider
20:02:22.046 [FXGL Background Thread 3 ] DEBUG Engine               - class com.almasb.fxgl.achievement.AchievementService
20:02:22.046 [FXGL Background Thread 3 ] DEBUG Engine               - class com.almasb.fxgl.cutscene.CutsceneService
20:02:22.046 [FXGL Background Thread 3 ] DEBUG Engine               - class com.almasb.fxgl.minigames.MiniGameService
20:02:22.046 [FXGL Background Thread 3 ] DEBUG Engine               - class com.almasb.fxgl.net.NetService
20:02:22.046 [FXGL Background Thread 3 ] DEBUG Engine               - class com.almasb.fxgl.app.services.UpdaterService
20:02:22.046 [FXGL Background Thread 3 ] DEBUG Engine               - class com.almasb.fxgl.dev.DevService
20:02:27.323 [JavaFX Application Thread] DEBUG FXGLApplication      - Exiting FXGL
20:02:27.323 [JavaFX Application Thread] DEBUG LoopRunner           - Stopping loop
20:02:27.323 [JavaFX Application Thread] DEBUG SystemBundleService  - Saving FXGL system data
20:02:27.325 [JavaFX Application Thread] DEBUG FileSystemAccess     - Writing to: C:\Users\oeyig\IdeaProjects\FlappyBirdClone\system\fxgl.bundle
20:02:27.327 [JavaFX Application Thread] DEBUG Async                - Shutting down background threads
20:02:27.327 [JavaFX Application Thread] DEBUG PrimaryStageWindow   - Closing main window
20:02:27.341 [JavaFX Application Thread] DEBUG Logger               - Closing Logger
