20:42:55.359 [main                     ] DEBUG Logger               - Configured Logger
20:42:55.390 [main                     ] DEBUG GameApplication      - Logging settings
Title: Flappy Bird
Version: 0.0
Width: 700
Height: 600
Fullscreen: false
Intro: false
Profiling: false
Single step:false
App Mode: DEVELOPER
Menu Key: ESCAPE
Stage Style: DECORATED
Scene Factory: class com.almasb.fxgl.app.scene.SceneFactory

20:42:55.654 [JavaFX Application Thread] DEBUG FXGLApplication      - Initializing FXGL
20:42:55.658 [JavaFX Application Thread] INFO  Engine               - FXGL-17.3 (30.03.2023 11.49) on WINDOWS (J:17.0.12 FX:17.0.6)
20:42:55.659 [JavaFX Application Thread] DEBUG Engine               - JRE Vendor Name: Oracle Corporation
20:42:55.659 [JavaFX Application Thread] DEBUG Engine               - Running on OS: Windows 11 version 10.0
20:42:55.659 [JavaFX Application Thread] DEBUG Engine               - Architecture: amd64
20:42:55.659 [JavaFX Application Thread] INFO  Engine               - Source code and latest versions at: https://github.com/AlmasB/FXGL
20:42:55.659 [JavaFX Application Thread] INFO  Engine               -       Ask questions and discuss at: https://github.com/AlmasB/FXGL/discussions
20:42:55.659 [JavaFX Application Thread] INFO  Engine               -              Join the FXGL chat at: https://gitter.im/AlmasB/FXGL
20:42:55.731 [JavaFX Application Thread] DEBUG PrimaryStageWindow   - Creating a JavaFX scene
20:42:55.768 [JavaFX Application Thread] DEBUG PrimaryStageWindow   - Target settings size: 700.0 x 600.0
20:42:55.769 [JavaFX Application Thread] DEBUG PrimaryStageWindow   - Scaled scene size:    700.0 x 600.0
20:42:55.769 [JavaFX Application Thread] DEBUG PrimaryStageWindow   - Scaled ratio: (1.0, 1.0)
20:42:55.770 [JavaFX Application Thread] DEBUG PrimaryStageWindow   - Set initial scene to FXGLStartupScene
20:42:55.775 [JavaFX Application Thread] DEBUG PrimaryStageWindow   - Opening main window
20:42:55.868 [JavaFX Application Thread] DEBUG PrimaryStageWindow   - Window border size: (14.66668701171875, 37.33331298828125)
20:42:55.868 [JavaFX Application Thread] DEBUG PrimaryStageWindow   - Scaled size: 700.0 x 600.0
20:42:55.868 [JavaFX Application Thread] DEBUG PrimaryStageWindow   - Scaled ratio: (1.0, 1.0)
20:42:55.869 [JavaFX Application Thread] DEBUG PrimaryStageWindow   - Scene size: 700.0 x 600.0
20:42:55.869 [JavaFX Application Thread] DEBUG PrimaryStageWindow   - Stage size: 714.6666870117188 x 637.3333129882812
20:42:55.875 [FXGL Background Thread 1 ] DEBUG Engine               - Initializing environment variables
20:42:55.911 [FXGL Background Thread 1 ] DEBUG FXGLAssetLoaderServi - User app class for loading assets: class ignatiusoey09.flappybirdclone.FlappyApplication
20:42:55.911 [FXGL Background Thread 1 ] DEBUG GameApplicationServi - Applying CSS: fxgl_dark.css
20:42:55.912 [FXGL Background Thread 1 ] DEBUG FXGLAssetLoaderServi - Loading from file system: jar:file:///C:/Users/oeyig/.gradle/caches/modules-2/files-2.1/com.github.almasb/fxgl/17.3/614d2b2607c97fe7b539dfa75036066a8010f74b/fxgl-17.3.jar!/fxglassets/ui/css/fxgl_dark.css
20:42:55.978 [FXGL Background Thread 1 ] DEBUG GameApplicationServi - Initializing application scenes
20:42:56.024 [FXGL Background Thread 1 ] DEBUG GameWorld            - Game world initialized
20:42:56.067 [FXGL Background Thread 1 ] DEBUG PhysicsWorld         - Physics world initialized: appHeight=600, physics.ppm=50.0
20:42:56.067 [FXGL Background Thread 1 ] DEBUG PhysicsWorld         - Using strategy: BRUTE_FORCE
20:42:56.071 [FXGL Background Thread 1 ] DEBUG GameScene            - Game scene initialized: 700x600
20:42:56.081 [FXGL Background Thread 1 ] WARN  FXGL.DefaultMenu     - FXGLDefaultMenu is not designed for resolutions < 800x600
20:42:56.082 [FXGL Background Thread 1 ] DEBUG FXGL.DefaultMenu     - createMenuBodyGameMenu()
20:42:56.093 [FXGL Background Thread 1 ] DEBUG FXGL.DefaultMenu     - createOptionsMenu()
20:42:56.106 [FXGL Background Thread 1 ] DEBUG FXGLAssetLoaderServi - Loading from file system: jar:file:///C:/Users/oeyig/.gradle/caches/modules-2/files-2.1/com.github.almasb/fxgl/17.3/614d2b2607c97fe7b539dfa75036066a8010f74b/fxgl-17.3.jar!/fxglassets/textures/particles/smoke.png
20:42:56.223 [FXGL Background Thread 1 ] DEBUG FXGLAssetLoaderServi - Loading from file system: jar:file:///C:/Users/oeyig/.gradle/caches/modules-2/files-2.1/com.github.almasb/fxgl/17.3/614d2b2607c97fe7b539dfa75036066a8010f74b/fxgl-17.3.jar!/fxglassets/textures/particles/trace_horizontal.png
20:42:56.253 [FXGL Background Thread 1 ] DEBUG GameApplicationServi - Application scenes initialized
20:42:56.263 [FXGL Background Thread 1 ] DEBUG SystemBundleService  - Loading FXGL system data
20:42:56.267 [FXGL Background Thread 1 ] DEBUG FileSystemAccess     - Reading from: C:\Users\oeyig\IdeaProjects\FlappyBirdClone\system\fxgl.bundle
20:42:56.274 [FXGL Background Thread 1 ] DEBUG SystemBundleService  - Bundle FXGL: {}
20:42:56.274 [FXGL Background Thread 1 ] DEBUG UpdaterService       - Checking for updates
20:42:56.278 [FXGL Background Thread 4 ] DEBUG FXGLApplication      - Loading fonts
20:42:56.278 [FXGL Background Thread 4 ] DEBUG FXGLAssetLoaderServi - Loading from file system: jar:file:///C:/Users/oeyig/.gradle/caches/modules-2/files-2.1/com.github.almasb/fxgl/17.3/614d2b2607c97fe7b539dfa75036066a8010f74b/fxgl-17.3.jar!/fxglassets/ui/fonts/VarelaRound-Regular.ttf
20:42:56.278 [FXGL Background Thread 1 ] DEBUG FXGLApplication      - Loading default localization
20:42:56.279 [FXGL Background Thread 1 ] DEBUG FXGLAssetLoaderServi - Loading from file system: jar:file:///C:/Users/oeyig/.gradle/caches/modules-2/files-2.1/com.github.almasb/fxgl/17.3/614d2b2607c97fe7b539dfa75036066a8010f74b/fxgl-17.3.jar!/fxglassets/languages/english.lang
20:42:56.308 [FXGL Background Thread 1 ] INFO  FXGLApplication      - FXGL initialization took: 0.433 sec
20:42:56.326 [JavaFX Application Thread] DEBUG Input                - Registered new binding: jump - Space
20:42:56.327 [JavaFX Application Thread] DEBUG Input                - Registered new binding: restart - N
20:42:56.327 [JavaFX Application Thread] DEBUG FXGLAssetLoaderServi - Loading from file system: jar:file:///C:/Users/oeyig/.gradle/caches/modules-2/files-2.1/com.github.almasb/fxgl/17.3/614d2b2607c97fe7b539dfa75036066a8010f74b/fxgl-17.3.jar!/fxglassets/textures/fxgl_icon.png
20:42:56.359 [FXGL Background Thread 4 ] DEBUG FXGLAssetLoaderServi - Loading from file system: jar:file:///C:/Users/oeyig/.gradle/caches/modules-2/files-2.1/com.github.almasb/fxgl/17.3/614d2b2607c97fe7b539dfa75036066a8010f74b/fxgl-17.3.jar!/fxglassets/ui/fonts/Abel-Regular.ttf
20:42:56.363 [JavaFX Application Thread] DEBUG FXGLAssetLoaderServi - Loading from file system: jar:file:///C:/Users/oeyig/.gradle/caches/modules-2/files-2.1/com.github.almasb/fxgl/17.3/614d2b2607c97fe7b539dfa75036066a8010f74b/fxgl-17.3.jar!/fxglassets/textures/fxgl_default_cursor.png
20:42:56.364 [FXGL Background Thread 4 ] DEBUG FXGLAssetLoaderServi - Loading from file system: jar:file:///C:/Users/oeyig/.gradle/caches/modules-2/files-2.1/com.github.almasb/fxgl/17.3/614d2b2607c97fe7b539dfa75036066a8010f74b/fxgl-17.3.jar!/fxglassets/ui/fonts/TerminalLandMono-Regular.otf
20:42:56.369 [FXGL Background Thread 4 ] DEBUG FXGLAssetLoaderServi - Loading from file system: jar:file:///C:/Users/oeyig/.gradle/caches/modules-2/files-2.1/com.github.almasb/fxgl/17.3/614d2b2607c97fe7b539dfa75036066a8010f74b/fxgl-17.3.jar!/fxglassets/ui/fonts/Courier-Prime.ttf
20:42:56.371 [JavaFX Application Thread] DEBUG Input                - Registered new binding: Screenshot - CTRL+8
20:42:56.373 [JavaFX Application Thread] DEBUG Input                - Registered new binding: System info dump - CTRL+9
20:42:56.374 [JavaFX Application Thread] DEBUG Input                - Registered new binding: Restart - CTRL+R
20:42:56.376 [JavaFX Application Thread] DEBUG Input                - Registered new binding: Toggle Debug Camera - CTRL+7
20:42:56.380 [JavaFX Application Thread] DEBUG LoopRunner           - Starting loop
20:42:56.380 [JavaFX Application Thread] DEBUG LoopRunner           - Initializing JavaFX AnimationTimerLoop
20:42:56.382 [JavaFX Application Thread] DEBUG GameApplicationServi - Starting new game
20:42:56.384 [JavaFX Application Thread] DEBUG Input                - Clearing active input actions
20:42:56.402 [JavaFX Application Thread] DEBUG GameApplicationServi - Removing overlay from FXGLStartupScene and adding to FXGLLoadingScene
20:42:56.403 [JavaFX Application Thread] DEBUG PrimaryStageWindow   - FXGLStartupScene -> FXGLLoadingScene
20:42:56.403 [JavaFX Application Thread] DEBUG GameApplicationServi - Clearing previous game
20:42:56.404 [JavaFX Application Thread] DEBUG GameScene            - Clearing game scene
20:42:56.404 [JavaFX Application Thread] DEBUG GameWorld            - Clearing game world
20:42:56.404 [JavaFX Application Thread] DEBUG PhysicsWorld         - Clearing physics world
20:42:56.409 [JavaFX Application Thread] DEBUG FXGLApplication      - Registering font factories with UI factory
20:42:56.409 [FXGL Background Thread 4 ] DEBUG FXGLApplication      - Initializing game
20:42:56.485 [FXGL Background Thread 4 ] INFO  FXGLApplication      - Game initialization took: 0.076 sec
20:42:56.485 [JavaFX Application Thread] DEBUG Input                - Clearing active input actions
20:42:56.491 [JavaFX Application Thread] DEBUG GameApplicationServi - Removing overlay from FXGLLoadingScene and adding to GameScene
20:42:56.491 [JavaFX Application Thread] DEBUG PrimaryStageWindow   - FXGLLoadingScene -> GameScene
20:42:57.136 [FXGL Background Thread 2 ] INFO  UpdaterService       - Your current version:  17.3
20:42:57.136 [FXGL Background Thread 2 ] INFO  UpdaterService       - Latest stable version: 21.1
20:42:57.406 [JavaFX Application Thread] DEBUG LoopRunner           - Stopping loop
20:42:57.408 [JavaFX Application Thread] FATAL FXGLApplication      - Uncaught Exception:
java.lang.IllegalArgumentException: Component PipeComponent not found!
	at com.almasb.fxgl.entity@17.3/com.almasb.fxgl.entity.Entity.getComponent(Entity.java:366)
	at ignatiusoey09.flappybirdclone@1.0-SNAPSHOT/ignatiusoey09.flappybirdclone.FlappyApplication.lambda$initPhysics$0(FlappyApplication.java:78)
	at com.almasb.fxgl.all@17.3/com.almasb.fxgl.dsl.FXGL$Companion$onCollision$1.onCollision(FXGL.kt:663)
	at com.almasb.fxgl.entity@17.3/com.almasb.fxgl.physics.CollisionPair.collision(CollisionPair.java:41)
	at com.almasb.fxgl.entity@17.3/com.almasb.fxgl.physics.PhysicsWorld.notifyCollisions(PhysicsWorld.java:486)
	at com.almasb.fxgl.entity@17.3/com.almasb.fxgl.physics.PhysicsWorld.onUpdate(PhysicsWorld.java:180)
	at com.almasb.fxgl.all@17.3/com.almasb.fxgl.app.scene.GameScene.step(GameScene.kt:229)
	at com.almasb.fxgl.all@17.3/com.almasb.fxgl.app.scene.GameScene.onUpdate(GameScene.kt:224)
	at com.almasb.fxgl.scene@17.3/com.almasb.fxgl.scene.Scene.update(Scene.kt:105)
	at com.almasb.fxgl.all@17.3/com.almasb.fxgl.app.MainWindow$update$1.invoke(MainWindow.kt:115)
	at com.almasb.fxgl.all@17.3/com.almasb.fxgl.app.MainWindow$update$1.invoke(MainWindow.kt:115)
	at com.almasb.fxgl.core@17.3/com.almasb.fxgl.core.fsm.StateMachine.runOnActiveStates(StateMachine.kt:69)
	at com.almasb.fxgl.all@17.3/com.almasb.fxgl.app.MainWindow.update(MainWindow.kt:115)
	at com.almasb.fxgl.all@17.3/com.almasb.fxgl.app.FXGLApplication$GameApplicationService.onUpdate(FXGLApplication.kt:426)
	at com.almasb.fxgl.all@17.3/com.almasb.fxgl.app.Engine.loop(Engine.kt:134)
	at com.almasb.fxgl.all@17.3/com.almasb.fxgl.app.Engine.access$loop(Engine.kt:24)
	at com.almasb.fxgl.all@17.3/com.almasb.fxgl.app.Engine$loop$1.invoke(Engine.kt:28)
	at com.almasb.fxgl.all@17.3/com.almasb.fxgl.app.Engine$loop$1.invoke(Engine.kt:28)
	at com.almasb.fxgl.all@17.3/com.almasb.fxgl.app.LoopRunner.frame(LoopRunner.kt:103)
	at com.almasb.fxgl.all@17.3/com.almasb.fxgl.app.LoopRunner.access$frame(LoopRunner.kt:23)
	at com.almasb.fxgl.all@17.3/com.almasb.fxgl.app.LoopRunner$impl$2$1.onTick(LoopRunner.kt:57)
	at com.almasb.fxgl.all@17.3/com.almasb.fxgl.app.AnimationTimerLoop$timer$1.handle(LoopRunner.kt:137)
	at javafx.graphics/javafx.animation.AnimationTimer$AnimationTimerReceiver.lambda$handle$0(AnimationTimer.java:58)
	at java.base/java.security.AccessController.doPrivileged(AccessController.java:399)
	at javafx.graphics/javafx.animation.AnimationTimer$AnimationTimerReceiver.handle(AnimationTimer.java:57)
	at javafx.graphics/com.sun.scenario.animation.AbstractPrimaryTimer.timePulseImpl(AbstractPrimaryTimer.java:356)
	at javafx.graphics/com.sun.scenario.animation.AbstractPrimaryTimer$MainLoop.run(AbstractPrimaryTimer.java:266)
	at javafx.graphics/com.sun.javafx.tk.quantum.QuantumToolkit.pulse(QuantumToolkit.java:571)
	at javafx.graphics/com.sun.javafx.tk.quantum.QuantumToolkit.pulse(QuantumToolkit.java:555)
	at javafx.graphics/com.sun.javafx.tk.quantum.QuantumToolkit.pulseFromQueue(QuantumToolkit.java:548)
	at javafx.graphics/com.sun.javafx.tk.quantum.QuantumToolkit.lambda$runToolkit$11(QuantumToolkit.java:353)
	at javafx.graphics/com.sun.glass.ui.InvokeLaterDispatcher$Future.run(InvokeLaterDispatcher.java:96)
	at javafx.graphics/com.sun.glass.ui.win.WinApplication._runLoop(Native Method)
	at javafx.graphics/com.sun.glass.ui.win.WinApplication.lambda$runLoop$3(WinApplication.java:184)
	at java.base/java.lang.Thread.run(Thread.java:842)

20:42:57.408 [JavaFX Application Thread] FATAL FXGLApplication      - Application will now exit
20:42:57.424 [JavaFX Application Thread] DEBUG PrimaryStageWindow   - Push state: ErrorSubScene
20:42:57.424 [JavaFX Application Thread] DEBUG Input                - Clearing active input actions
20:42:57.428 [JavaFX Application Thread] DEBUG GameApplicationServi - Removing overlay from GameScene and adding to ErrorSubScene
20:42:57.428 [JavaFX Application Thread] DEBUG PrimaryStageWindow   - GameScene -> ErrorSubScene
20:42:59.278 [FXGL Background Thread 3 ] DEBUG Engine               - Logging environment variables
20:42:59.279 [FXGL Background Thread 3 ] DEBUG Engine               - achievements: []
20:42:59.279 [FXGL Background Thread 3 ] DEBUG Engine               - actualHeight: 600.0
20:42:59.279 [FXGL Background Thread 3 ] DEBUG Engine               - actualHeightProperty: ReadOnlyDoubleProperty [value: 600.0]
20:42:59.279 [FXGL Background Thread 3 ] DEBUG Engine               - actualWidth: 700.0
20:42:59.279 [FXGL Background Thread 3 ] DEBUG Engine               - actualWidthProperty: ReadOnlyDoubleProperty [value: 700.0]
20:42:59.279 [FXGL Background Thread 3 ] DEBUG Engine               - appIcon: fxgl_icon.png
20:42:59.279 [FXGL Background Thread 3 ] DEBUG Engine               - applicationMode: DEVELOPER
20:42:59.279 [FXGL Background Thread 3 ] DEBUG Engine               - cSSList: [fxgl_dark.css]
20:42:59.279 [FXGL Background Thread 3 ] DEBUG Engine               - collisionDetectionStrategy: BRUTE_FORCE
20:42:59.279 [FXGL Background Thread 3 ] DEBUG Engine               - configClass: Optional.empty
20:42:59.279 [FXGL Background Thread 3 ] DEBUG Engine               - credits: []
20:42:59.279 [FXGL Background Thread 3 ] DEBUG Engine               - defaultCursor: CursorInfo(imageName=fxgl_default_cursor.png, hotspotX=7.0, hotspotY=6.0)
20:42:59.280 [FXGL Background Thread 3 ] DEBUG Engine               - devBBoxColorProperty: ObjectProperty [value: 0xff0000ff]
20:42:59.280 [FXGL Background Thread 3 ] DEBUG Engine               - devEnableDebugCameraProperty: BooleanProperty [value: false]
20:42:59.280 [FXGL Background Thread 3 ] DEBUG Engine               - devSensorColorProperty: ObjectProperty [value: 0xffff00ff]
20:42:59.280 [FXGL Background Thread 3 ] DEBUG Engine               - devShowBBoxProperty: BooleanProperty [value: false]
20:42:59.280 [FXGL Background Thread 3 ] DEBUG Engine               - devShowPositionProperty: BooleanProperty [value: false]
20:42:59.280 [FXGL Background Thread 3 ] DEBUG Engine               - enabledMenuItems: []
20:42:59.280 [FXGL Background Thread 3 ] DEBUG Engine               - engineServices: [class com.almasb.fxgl.app.services.FXGLAssetLoaderService, class com.almasb.fxgl.app.FXGLApplication$GameApplicationService, class com.almasb.fxgl.app.services.FXGLDialogService, class com.almasb.fxgl.app.services.IOTaskExecutorService, class com.almasb.fxgl.io.FileSystemService, class com.almasb.fxgl.localization.LocalizationService, class com.almasb.fxgl.app.services.SystemBundleService, class com.almasb.fxgl.profile.SaveLoadService, class com.almasb.fxgl.ui.FXGLUIFactoryServiceProvider, class com.almasb.fxgl.ui.FXGLDialogFactoryServiceProvider, class com.almasb.fxgl.audio.AudioPlayer, class com.almasb.fxgl.notification.impl.NotificationServiceProvider, class com.almasb.fxgl.achievement.AchievementService, class com.almasb.fxgl.cutscene.CutsceneService, class com.almasb.fxgl.minigames.MiniGameService, class com.almasb.fxgl.net.NetService, class com.almasb.fxgl.app.services.UpdaterService, class com.almasb.fxgl.dev.DevService]
20:42:59.280 [FXGL Background Thread 3 ] DEBUG Engine               - fontGame: Abel-Regular.ttf
20:42:59.280 [FXGL Background Thread 3 ] DEBUG Engine               - fontMono: TerminalLandMono-Regular.otf
20:42:59.280 [FXGL Background Thread 3 ] DEBUG Engine               - fontSizeScaleUI: 1.0
20:42:59.280 [FXGL Background Thread 3 ] DEBUG Engine               - fontText: Courier-Prime.ttf
20:42:59.281 [FXGL Background Thread 3 ] DEBUG Engine               - fontUI: VarelaRound-Regular.ttf
20:42:59.281 [FXGL Background Thread 3 ] DEBUG Engine               - fullScreen: BooleanProperty [value: false]
20:42:59.281 [FXGL Background Thread 3 ] DEBUG Engine               - gameDifficulty: MEDIUM
20:42:59.281 [FXGL Background Thread 3 ] DEBUG Engine               - gameDifficultyProperty: ObjectProperty [value: MEDIUM]
20:42:59.281 [FXGL Background Thread 3 ] DEBUG Engine               - globalMusicVolume: 0.5
20:42:59.281 [FXGL Background Thread 3 ] DEBUG Engine               - globalMusicVolumeProperty: DoubleProperty [value: 0.5]
20:42:59.281 [FXGL Background Thread 3 ] DEBUG Engine               - globalSoundVolume: 0.5
20:42:59.281 [FXGL Background Thread 3 ] DEBUG Engine               - globalSoundVolumeProperty: DoubleProperty [value: 0.5]
20:42:59.281 [FXGL Background Thread 3 ] DEBUG Engine               - height: 600
20:42:59.281 [FXGL Background Thread 3 ] DEBUG Engine               - is3D: false
20:42:59.281 [FXGL Background Thread 3 ] DEBUG Engine               - isAndroid: false
20:42:59.281 [FXGL Background Thread 3 ] DEBUG Engine               - isBrowser: false
20:42:59.281 [FXGL Background Thread 3 ] DEBUG Engine               - isClickFeedbackEnabled: false
20:42:59.281 [FXGL Background Thread 3 ] DEBUG Engine               - isCloseConfirmation: false
20:42:59.281 [FXGL Background Thread 3 ] DEBUG Engine               - isDesktop: true
20:42:59.281 [FXGL Background Thread 3 ] DEBUG Engine               - isDeveloperMenuEnabled: false
20:42:59.281 [FXGL Background Thread 3 ] DEBUG Engine               - isEmbedded: false
20:42:59.281 [FXGL Background Thread 3 ] DEBUG Engine               - isEntityPreloadEnabled: true
20:42:59.281 [FXGL Background Thread 3 ] DEBUG Engine               - isExperimentalTiledLargeMap: false
20:42:59.281 [FXGL Background Thread 3 ] DEBUG Engine               - isFileSystemWriteAllowed: true
20:42:59.281 [FXGL Background Thread 3 ] DEBUG Engine               - isFullScreenAllowed: false
20:42:59.281 [FXGL Background Thread 3 ] DEBUG Engine               - isFullScreenFromStart: false
20:42:59.282 [FXGL Background Thread 3 ] DEBUG Engine               - isGameMenuEnabled: true
20:42:59.282 [FXGL Background Thread 3 ] DEBUG Engine               - isIOS: false
20:42:59.282 [FXGL Background Thread 3 ] DEBUG Engine               - isIntroEnabled: false
20:42:59.282 [FXGL Background Thread 3 ] DEBUG Engine               - isLinux: false
20:42:59.282 [FXGL Background Thread 3 ] DEBUG Engine               - isMac: false
20:42:59.282 [FXGL Background Thread 3 ] DEBUG Engine               - isMainMenuEnabled: false
20:42:59.282 [FXGL Background Thread 3 ] DEBUG Engine               - isManualResizeEnabled: false
20:42:59.282 [FXGL Background Thread 3 ] DEBUG Engine               - isMobile: false
20:42:59.282 [FXGL Background Thread 3 ] DEBUG Engine               - isNative: false
20:42:59.282 [FXGL Background Thread 3 ] DEBUG Engine               - isPauseMusicWhenMinimized: true
20:42:59.282 [FXGL Background Thread 3 ] DEBUG Engine               - isPreserveResizeRatio: false
20:42:59.282 [FXGL Background Thread 3 ] DEBUG Engine               - isProfilingEnabled: false
20:42:59.282 [FXGL Background Thread 3 ] DEBUG Engine               - isScaleAffectedOnResize: true
20:42:59.282 [FXGL Background Thread 3 ] DEBUG Engine               - isSingleStep: false
20:42:59.282 [FXGL Background Thread 3 ] DEBUG Engine               - isUserProfileEnabled: false
20:42:59.282 [FXGL Background Thread 3 ] DEBUG Engine               - isWindows: true
20:42:59.282 [FXGL Background Thread 3 ] DEBUG Engine               - language: ObjectProperty [value: ENGLISH]
20:42:59.282 [FXGL Background Thread 3 ] DEBUG Engine               - menuKey: ESCAPE
20:42:59.282 [FXGL Background Thread 3 ] DEBUG Engine               - mouseSensitivity: 0.2
20:42:59.282 [FXGL Background Thread 3 ] DEBUG Engine               - notificationViewClass: class com.almasb.fxgl.notification.view.XboxNotificationView
20:42:59.283 [FXGL Background Thread 3 ] DEBUG Engine               - pixelsPerMeter: 50.0
20:42:59.283 [FXGL Background Thread 3 ] DEBUG Engine               - platform: WINDOWS
20:42:59.283 [FXGL Background Thread 3 ] DEBUG Engine               - prefHeightProperty: ReadOnlyDoubleProperty [value: 600.0]
20:42:59.283 [FXGL Background Thread 3 ] DEBUG Engine               - prefWidthProperty: ReadOnlyDoubleProperty [value: 700.0]
20:42:59.283 [FXGL Background Thread 3 ] DEBUG Engine               - profileDir: profiles/
20:42:59.283 [FXGL Background Thread 3 ] DEBUG Engine               - profileName: StringProperty [value: DEFAULT]
20:42:59.283 [FXGL Background Thread 3 ] DEBUG Engine               - randomSeed: -1
20:42:59.283 [FXGL Background Thread 3 ] DEBUG Engine               - runtimeInfo: RuntimeInfo(platform=WINDOWS, version=17.3, build=30.03.2023 11.49)
20:42:59.283 [FXGL Background Thread 3 ] DEBUG Engine               - saveFileExt: sav
20:42:59.283 [FXGL Background Thread 3 ] DEBUG Engine               - scaledHeightProp$fxgl: DoubleProperty [bound, value: 600.0]
20:42:59.283 [FXGL Background Thread 3 ] DEBUG Engine               - scaledWidthProp$fxgl: DoubleProperty [bound, value: 700.0]
20:42:59.283 [FXGL Background Thread 3 ] DEBUG Engine               - sceneFactory: com.almasb.fxgl.app.scene.SceneFactory@5402ea37
20:42:59.283 [FXGL Background Thread 3 ] DEBUG Engine               - secondsIn24h: 60
20:42:59.283 [FXGL Background Thread 3 ] DEBUG Engine               - soundMenuBack: menu/back.wav
20:42:59.283 [FXGL Background Thread 3 ] DEBUG Engine               - soundMenuPress: menu/press.wav
20:42:59.283 [FXGL Background Thread 3 ] DEBUG Engine               - soundMenuSelect: menu/select.wav
20:42:59.283 [FXGL Background Thread 3 ] DEBUG Engine               - soundNotification: core/notification.wav
20:42:59.283 [FXGL Background Thread 3 ] DEBUG Engine               - stageStyle: DECORATED
20:42:59.283 [FXGL Background Thread 3 ] DEBUG Engine               - supportedLanguages: [ENGLISH, FRENCH, GERMAN, HUNGARIAN, RUSSIAN]
20:42:59.283 [FXGL Background Thread 3 ] DEBUG Engine               - ticksPerSecond: -1
20:42:59.283 [FXGL Background Thread 3 ] DEBUG Engine               - title: Flappy Bird
20:42:59.283 [FXGL Background Thread 3 ] DEBUG Engine               - urlGithub: https://github.com/AlmasB/FXGL
20:42:59.283 [FXGL Background Thread 3 ] DEBUG Engine               - urlLeaderboard: http://fxgl-top.herokuapp.com/
20:42:59.283 [FXGL Background Thread 3 ] DEBUG Engine               - urlPOM: https://raw.githubusercontent.com/AlmasB/FXGL/release/README.md
20:42:59.283 [FXGL Background Thread 3 ] DEBUG Engine               - userAppClass: class ignatiusoey09.flappybirdclone.FlappyApplication
20:42:59.283 [FXGL Background Thread 3 ] DEBUG Engine               - version: 0.0
20:42:59.283 [FXGL Background Thread 3 ] DEBUG Engine               - versionCheckDays: 7
20:42:59.283 [FXGL Background Thread 3 ] DEBUG Engine               - width: 700
20:42:59.283 [FXGL Background Thread 3 ] DEBUG Engine               - Logging services
20:42:59.283 [FXGL Background Thread 3 ] DEBUG Engine               - class com.almasb.fxgl.app.services.FXGLAssetLoaderService
20:42:59.283 [FXGL Background Thread 3 ] DEBUG Engine               - class com.almasb.fxgl.app.FXGLApplication$GameApplicationService
20:42:59.283 [FXGL Background Thread 3 ] DEBUG Engine               - class com.almasb.fxgl.app.services.FXGLDialogService
20:42:59.285 [FXGL Background Thread 3 ] DEBUG Engine               - class com.almasb.fxgl.app.services.IOTaskExecutorService
20:42:59.285 [FXGL Background Thread 3 ] DEBUG Engine               - class com.almasb.fxgl.io.FileSystemService
20:42:59.285 [FXGL Background Thread 3 ] DEBUG Engine               - class com.almasb.fxgl.localization.LocalizationService
20:42:59.285 [FXGL Background Thread 3 ] DEBUG Engine               - class com.almasb.fxgl.app.services.SystemBundleService
20:42:59.285 [FXGL Background Thread 3 ] DEBUG Engine               - class com.almasb.fxgl.profile.SaveLoadService
20:42:59.285 [FXGL Background Thread 3 ] DEBUG Engine               - class com.almasb.fxgl.ui.FXGLUIFactoryServiceProvider
20:42:59.285 [FXGL Background Thread 3 ] DEBUG Engine               - class com.almasb.fxgl.ui.FXGLDialogFactoryServiceProvider
20:42:59.285 [FXGL Background Thread 3 ] DEBUG Engine               - class com.almasb.fxgl.audio.AudioPlayer
20:42:59.285 [FXGL Background Thread 3 ] DEBUG Engine               - class com.almasb.fxgl.notification.impl.NotificationServiceProvider
20:42:59.285 [FXGL Background Thread 3 ] DEBUG Engine               - class com.almasb.fxgl.achievement.AchievementService
20:42:59.285 [FXGL Background Thread 3 ] DEBUG Engine               - class com.almasb.fxgl.cutscene.CutsceneService
20:42:59.285 [FXGL Background Thread 3 ] DEBUG Engine               - class com.almasb.fxgl.minigames.MiniGameService
20:42:59.285 [FXGL Background Thread 3 ] DEBUG Engine               - class com.almasb.fxgl.net.NetService
20:42:59.285 [FXGL Background Thread 3 ] DEBUG Engine               - class com.almasb.fxgl.app.services.UpdaterService
20:42:59.285 [FXGL Background Thread 3 ] DEBUG Engine               - class com.almasb.fxgl.dev.DevService
20:43:02.874 [JavaFX Application Thread] DEBUG FXGLApplication      - Exiting FXGL
20:43:02.874 [JavaFX Application Thread] DEBUG Async                - Shutting down background threads
20:43:02.874 [JavaFX Application Thread] DEBUG PrimaryStageWindow   - Closing main window
20:43:02.888 [JavaFX Application Thread] DEBUG Logger               - Closing Logger
